<?xml version="1.0" encoding="UTF-8"?>
<!-- Generated by org.testng.reporters.JUnitXMLReporter -->
<testsuite ignored="7" hostname="EQ-MAC-25.local" failures="0" tests="1" name="Default test" time="8.033" errors="0" timestamp="2020-09-22T22:43:24 EDT">
  <testcase classname="eqcare.testcases.LoginScenarios2" name="verifyPage" time="2.993"/>
  <testcase classname="eqcare.testcases.LoginScenarios2" name="verifyLanguageLink" time="0.0">
    <ignored/>
  </testcase> <!-- verifyLanguageLink -->
  <testcase classname="eqcare.testcases.LoginScenarios2" name="loginToApplicationWithNonRegisteredEmailId" time="0.0">
    <ignored/>
  </testcase> <!-- loginToApplicationWithNonRegisteredEmailId -->
  <testcase classname="eqcare.testcases.LoginScenarios2" name="verifyShowHideLink" time="0.0">
    <ignored/>
  </testcase> <!-- verifyShowHideLink -->
  <testcase classname="eqcare.testcases.LoginScenarios2" name="loginToApplicationWithValidInput" time="0.0">
    <ignored/>
  </testcase> <!-- loginToApplicationWithValidInput -->
  <testcase classname="eqcare.testcases.LoginScenarios2" name="loginToApplicationWithBlankInput" time="0.0">
    <ignored/>
  </testcase> <!-- loginToApplicationWithBlankInput -->
  <testcase classname="eqcare.testcases.LoginScenarios2" name="signInRedirectionTest" time="0.0">
    <ignored/>
  </testcase> <!-- signInRedirectionTest -->
  <testcase classname="eqcare.testcases.LoginScenarios2" name="logoutFromApplication" time="0.0">
    <ignored/>
  </testcase> <!-- logoutFromApplication -->
</testsuite> <!-- Default test -->
