<?xml version="1.0" encoding="UTF-8"?>
<!-- Generated by org.testng.reporters.JUnitXMLReporter -->
<testsuite ignored="1" hostname="EQ-MAC-25.local" failures="0" tests="2" name="Default test" time="37.164" errors="0" timestamp="2021-02-05T14:21:13 EST">
  <testcase classname="TC2_RegisterationScenarios" name="verifyPage" time="0.696"/>
  <testcase classname="TC2_RegisterationScenarios" name="validInputEnrolledRegisterationTest" time="25.027"/>
  <testcase classname="TC2_RegisterationScenarios" name="validInputRegisterationTest" time="0.0">
    <ignored/>
  </testcase> <!-- validInputRegisterationTest -->
</testsuite> <!-- Default test -->
