<?xml version="1.0" encoding="UTF-8"?>
<!-- Generated by org.testng.reporters.JUnitXMLReporter -->
<testsuite ignored="1" hostname="EQ-MAC-25.local" failures="0" tests="16" name="Default test" time="0.062" errors="0" timestamp="2021-03-28T18:08:29 EDT">
  <testcase classname="eqcare.pages.BaseClass" name="@BeforeClass setUp" time="-1.616969309429E9">
    <failure type="org.testng.TestNGException" message="
Parameter &amp;apos;Browser&amp;apos; is required by BeforeClass on method setUp but has not been marked @Optional or defined
in /private/var/folders/l9/4pwqxcnj26bcf95btzx4z7rm0000gp/T/testng-eclipse--322106752/testng-customsuite.xml">
      <![CDATA[org.testng.TestNGException: 
Parameter 'Browser' is required by BeforeClass on method setUp but has not been marked @Optional or defined
in /private/var/folders/l9/4pwqxcnj26bcf95btzx4z7rm0000gp/T/testng-eclipse--322106752/testng-customsuite.xml
at org.testng.internal.Parameters.createParams(Parameters.java:268)
at org.testng.internal.Parameters.createParametersForMethod(Parameters.java:356)
at org.testng.internal.Parameters.createParameters(Parameters.java:700)
at org.testng.internal.Parameters.createConfigurationParameters(Parameters.java:166)
at org.testng.internal.ConfigInvoker.invokeConfigurations(ConfigInvoker.java:301)
at org.testng.internal.TestMethodWorker.invokeBeforeClassMethods(TestMethodWorker.java:176)
at org.testng.internal.TestMethodWorker.run(TestMethodWorker.java:122)
at java.base/java.util.ArrayList.forEach(ArrayList.java:1511)
at org.testng.TestRunner.privateRun(TestRunner.java:764)
at org.testng.TestRunner.run(TestRunner.java:585)
at org.testng.SuiteRunner.runTest(SuiteRunner.java:384)
at org.testng.SuiteRunner.runSequentially(SuiteRunner.java:378)
at org.testng.SuiteRunner.privateRun(SuiteRunner.java:337)
at org.testng.SuiteRunner.run(SuiteRunner.java:286)
at org.testng.SuiteRunnerWorker.runSuite(SuiteRunnerWorker.java:53)
at org.testng.SuiteRunnerWorker.run(SuiteRunnerWorker.java:96)
at org.testng.TestNG.runSuitesSequentially(TestNG.java:1218)
at org.testng.TestNG.runSuitesLocally(TestNG.java:1140)
at org.testng.TestNG.runSuites(TestNG.java:1069)
at org.testng.TestNG.run(TestNG.java:1037)
at org.testng.remote.AbstractRemoteTestNG.run(AbstractRemoteTestNG.java:115)
at org.testng.remote.RemoteTestNG.initAndRun(RemoteTestNG.java:251)
at org.testng.remote.RemoteTestNG.main(RemoteTestNG.java:77)
]]>
    </failure>
  </testcase> <!-- @BeforeClass setUp -->
  <testcase classname="eqcare.pages.BaseClass" name="@AfterMethod tearDownReport" time="-1.616969309444E9">
    <skipped/>
  </testcase> <!-- @AfterMethod tearDownReport -->
  <testcase classname="eqcare.pages.BaseClass" name="@AfterClass tearDown" time="-1.61696930948E9">
    <skipped/>
  </testcase> <!-- @AfterClass tearDown -->
  <testcase classname="TC1_EndToEndScenarios" name="verifyPage" time="0.0">
    <skipped/>
  </testcase> <!-- verifyPage -->
  <testcase classname="TC1_EndToEndScenarios" name="loginToApplication" time="0.0">
    <skipped/>
  </testcase> <!-- loginToApplication -->
  <testcase classname="TC1_EndToEndScenarios" name="editPersonalInformation" time="0.0">
    <skipped/>
  </testcase> <!-- editPersonalInformation -->
  <testcase classname="TC1_EndToEndScenarios" name="editAccountInformation" time="0.0">
    <skipped/>
  </testcase> <!-- editAccountInformation -->
  <testcase classname="TC1_EndToEndScenarios" name="uploadProfilePic" time="0.0">
    <skipped/>
  </testcase> <!-- uploadProfilePic -->
  <testcase classname="TC1_EndToEndScenarios" name="uploadGovernmentID" time="0.0">
    <skipped/>
  </testcase> <!-- uploadGovernmentID -->
  <testcase classname="TC1_EndToEndScenarios" name="familyTab" time="0.0">
    <skipped/>
  </testcase> <!-- familyTab -->
  <testcase classname="TC1_EndToEndScenarios" name="addChild" time="0.0">
    <skipped/>
  </testcase> <!-- addChild -->
  <testcase classname="TC1_EndToEndScenarios" name="deleteChild" time="0.0">
    <skipped/>
  </testcase> <!-- deleteChild -->
  <testcase classname="TC1_EndToEndScenarios" name="startVideoConsultation" time="0.0">
    <skipped/>
  </testcase> <!-- startVideoConsultation -->
  <testcase classname="TC1_EndToEndScenarios" name="deviceCheck" time="0.0">
    <skipped/>
  </testcase> <!-- deviceCheck -->
  <testcase classname="TC1_EndToEndScenarios" name="fillIntakeFormWithAllFields" time="0.0">
    <skipped/>
  </testcase> <!-- fillIntakeFormWithAllFields -->
  <testcase classname="TC1_EndToEndScenarios" name="endVisit" time="0.0">
    <skipped/>
  </testcase> <!-- endVisit -->
  <testcase classname="TC1_EndToEndScenarios" name="feedback" time="0.0">
    <skipped/>
  </testcase> <!-- feedback -->
  <testcase classname="TC1_EndToEndScenarios" name="help" time="0.0">
    <skipped/>
  </testcase> <!-- help -->
  <testcase classname="TC1_EndToEndScenarios" name="inbox" time="0.0">
    <skipped/>
  </testcase> <!-- inbox -->
  <testcase classname="TC1_EndToEndScenarios" name="chooseProfile" time="0.0">
    <ignored/>
  </testcase> <!-- chooseProfile -->
</testsuite> <!-- Default test -->
