<?xml version="1.0" encoding="UTF-8"?>
<!-- Generated by org.testng.reporters.JUnitXMLReporter -->
<testsuite ignored="1" hostname="EQ-MAC-25.local" failures="0" tests="3" name="Default test" time="10440.206" errors="0" timestamp="2021-03-24T15:35:51 EDT">
  <testcase classname="NovaLifeJourneyEmployee" name="verifyPage" time="0.033"/>
  <testcase classname="NovaLifeJourneyEmployee" name="loginToApplication" time="23.511"/>
  <testcase classname="NovaLifeJourneyEmployee" name="CreateEmployee" time="10409.217"/>
  <testcase classname="NovaLifeJourneyEmployee" name="logoutFromApplication" time="0.0">
    <ignored/>
  </testcase> <!-- logoutFromApplication -->
</testsuite> <!-- Default test -->
