<?xml version="1.0" encoding="UTF-8"?>
<!-- Generated by org.testng.reporters.JUnitXMLReporter -->
<testsuite ignored="1" hostname="EQ-MAC-25.local" failures="0" tests="3" name="Default test" time="23.278" errors="0" timestamp="2020-09-28T19:28:40 EDT">
  <testcase classname="nova.testcases.NovaHomeScenarios3" name="verifyPage" time="0.031"/>
  <testcase classname="nova.testcases.NovaHomeScenarios3" name="loginToApplication" time="6.183"/>
  <testcase classname="nova.testcases.NovaHomeScenarios3" name="CreateEmployee" time="13.938"/>
  <testcase classname="nova.testcases.NovaHomeScenarios3" name="logoutFromApplication" time="0.0">
    <ignored/>
  </testcase> <!-- logoutFromApplication -->
</testsuite> <!-- Default test -->
