<?xml version="1.0" encoding="UTF-8"?>
<!-- Generated by org.testng.reporters.JUnitXMLReporter -->
<testsuite ignored="5" hostname="EQ-MAC-25.local" failures="0" tests="2" name="Default test" time="5.122" errors="0" timestamp="2020-08-23T18:17:12 EDT">
  <testcase classname="eqcare.testcases.LoginScenarios" name="verifyPage" time="0.029"/>
  <testcase classname="eqcare.testcases.LoginScenarios" name="verifyLanguageLink" time="1.283"/>
  <testcase classname="eqcare.testcases.LoginScenarios" name="logoutFromApplication" time="0.0">
    <ignored/>
  </testcase> <!-- logoutFromApplication -->
  <testcase classname="eqcare.testcases.LoginScenarios" name="loginToApplicationWithNonRegisteredEmailId" time="0.0">
    <ignored/>
  </testcase> <!-- loginToApplicationWithNonRegisteredEmailId -->
  <testcase classname="eqcare.testcases.LoginScenarios" name="verifyShowHideLink" time="0.0">
    <ignored/>
  </testcase> <!-- verifyShowHideLink -->
  <testcase classname="eqcare.testcases.LoginScenarios" name="loginToApplicationWithValidInput" time="0.0">
    <ignored/>
  </testcase> <!-- loginToApplicationWithValidInput -->
  <testcase classname="eqcare.testcases.LoginScenarios" name="loginToApplicationWithBlankInput" time="0.0">
    <ignored/>
  </testcase> <!-- loginToApplicationWithBlankInput -->
</testsuite> <!-- Default test -->
