<?xml version="1.0" encoding="UTF-8"?>
<!-- Generated by org.testng.reporters.JUnitXMLReporter -->
<testsuite ignored="1" hostname="EQ-MAC-25.local" failures="0" tests="16" name="Default test" time="116.027" errors="0" timestamp="2021-03-28T16:57:44 EDT">
  <testcase classname="TC1_EndToEndScenarios" name="verifyPage" time="0.039"/>
  <testcase classname="TC1_EndToEndScenarios" name="loginToApplication" time="13.225"/>
  <testcase classname="TC1_EndToEndScenarios" name="editPersonalInformation" time="16.3"/>
  <testcase classname="TC1_EndToEndScenarios" name="editAccountInformation" time="15.235"/>
  <testcase classname="TC1_EndToEndScenarios" name="uploadProfilePic" time="4.16"/>
  <testcase classname="TC1_EndToEndScenarios" name="uploadGovernmentID" time="4.265"/>
  <testcase classname="TC1_EndToEndScenarios" name="familyTab" time="2.804"/>
  <testcase classname="TC1_EndToEndScenarios" name="addChild" time="10.028"/>
  <testcase classname="TC1_EndToEndScenarios" name="deleteChild" time="5.349"/>
  <testcase classname="TC1_EndToEndScenarios" name="startVideoConsultation" time="0.578"/>
  <testcase classname="TC1_EndToEndScenarios" name="deviceCheck" time="4.923"/>
  <testcase classname="TC1_EndToEndScenarios" name="fillIntakeFormWithAllFields" time="8.731"/>
  <testcase classname="TC1_EndToEndScenarios" name="endVisit" time="3.281"/>
  <testcase classname="TC1_EndToEndScenarios" name="feedback" time="4.33"/>
  <testcase classname="TC1_EndToEndScenarios" name="help" time="3.647"/>
  <testcase classname="TC1_EndToEndScenarios" name="inbox" time="5.272"/>
  <testcase classname="TC1_EndToEndScenarios" name="chooseProfile" time="0.0">
    <ignored/>
  </testcase> <!-- chooseProfile -->
</testsuite> <!-- Default test -->
