<?xml version="1.0" encoding="UTF-8"?>
<!-- Generated by org.testng.reporters.JUnitXMLReporter -->
<testsuite ignored="2" hostname="EQ-MAC-25.local" failures="0" tests="11" name="Test" time="80.185" errors="0" timestamp="2021-06-05T09:12:19 EDT">
  <testcase classname="eqcare.peerjitestcases.copy.TC1_LoginScenarios" name="verifyPage" time="0.124"/>
  <testcase classname="eqcare.peerjitestcases.copy.TC1_LoginScenarios" name="verifyShowHideLink" time="6.477"/>
  <testcase classname="eqcare.peerjitestcases.copy.TC1_LoginScenarios" name="verifyLanguageLink" time="5.23"/>
  <testcase classname="eqcare.peerjitestcases.copy.TC1_LoginScenarios" name="loginToApplicationWithBlankInput" time="8.127"/>
  <testcase classname="eqcare.peerjitestcases.copy.TC1_LoginScenarios" name="loginToApplicationWithNonRegisteredEmailId" time="7.519"/>
  <testcase classname="eqcare.peerjitestcases.copy.TC1_LoginScenarios" name="verifyHomeFooter" time="5.049"/>
  <testcase classname="eqcare.peerjitestcases.copy.TC1_LoginScenarios" name="loginToApplication" time="11.348"/>
  <testcase classname="eqcare.peerjitestcases.copy.TC1_LoginScenarios" name="logoutFromApplication" time="3.134"/>
  <testcase classname="eqcare.peerjitestcases.copy.TC2_ForgotPasswordScenarios" name="verifyPage" time="1.744"/>
  <testcase classname="eqcare.peerjitestcases.copy.TC2_ForgotPasswordScenarios" name="resetPasswordWithInValidInput" time="4.918"/>
  <testcase classname="eqcare.peerjitestcases.copy.TC2_ForgotPasswordScenarios" name="resetPasswordWithValidInput" time="3.986"/>
  <testcase classname="eqcare.peerjitestcases.copy.TC1_LoginScenarios" name="signInRedirectionTest" time="0.0">
    <ignored/>
  </testcase> <!-- signInRedirectionTest -->
  <testcase classname="eqcare.peerjitestcases.copy.TC2_ForgotPasswordScenarios" name="resetPassword" time="0.0">
    <ignored/>
  </testcase> <!-- resetPassword -->
</testsuite> <!-- Test -->
