<?xml version="1.0" encoding="UTF-8"?>
<!-- Generated by org.testng.reporters.JUnitXMLReporter -->
<testsuite ignored="5" hostname="EQ-MAC-25.local" failures="1" tests="11" name="Test" time="55.229" errors="0" timestamp="2021-08-07T13:36:54 EDT">
  <testcase classname="eqcare.pages.copy.BaseClass" name="@AfterClass tearDown" time="0.557">
    <failure type="org.openqa.selenium.NoSuchSessionException" message="Tried to run command without establishing a connection
Build info: version: &amp;apos;3.14.0&amp;apos;, revision: &amp;apos;aacccce0&amp;apos;, time: &amp;apos;2018-08-02T20:19:58.91Z&amp;apos;
System info: host: &amp;apos;EQ-MAC-25.local&amp;apos;, ip: &amp;apos;fe80:0:0:0:10ad:563f:ab85:ddc1%en0&amp;apos;, os.name: &amp;apos;Mac OS X&amp;apos;, os.arch: &amp;apos;x86_64&amp;apos;, os.version: &amp;apos;10.16&amp;apos;, java.version: &amp;apos;14.0.2&amp;apos;
Driver info: org.openqa.selenium.firefox.FirefoxDriver
Capabilities {acceptInsecureCerts: true, browserName: firefox, browserVersion: 90.0.2, javascriptEnabled: true, moz:accessibilityChecks: false, moz:buildID: 20210721174149, moz:geckodriverVersion: 0.29.1, moz:headless: false, moz:processID: 18036, moz:profile: /var/folders/l9/4pwqxcnj26b..., moz:shutdownTimeout: 60000, moz:useNonSpecCompliantPointerOrigin: false, moz:webdriverClick: true, pageLoadStrategy: normal, platform: MAC, platformName: MAC, platformVersion: 20.4.0, proxy: Proxy(), setWindowRect: true, strictFileInteractability: false, timeouts: {implicit: 0, pageLoad: 300000, script: 30000}, unhandledPromptBehavior: dismiss and notify}
Session ID: 4e0e0b44-3e52-5b4b-a4ec-dfd16199be3e">
      <![CDATA[org.openqa.selenium.NoSuchSessionException: Tried to run command without establishing a connection
Build info: version: '3.14.0', revision: 'aacccce0', time: '2018-08-02T20:19:58.91Z'
System info: host: 'EQ-MAC-25.local', ip: 'fe80:0:0:0:10ad:563f:ab85:ddc1%en0', os.name: 'Mac OS X', os.arch: 'x86_64', os.version: '10.16', java.version: '14.0.2'
Driver info: org.openqa.selenium.firefox.FirefoxDriver
Capabilities {acceptInsecureCerts: true, browserName: firefox, browserVersion: 90.0.2, javascriptEnabled: true, moz:accessibilityChecks: false, moz:buildID: 20210721174149, moz:geckodriverVersion: 0.29.1, moz:headless: false, moz:processID: 18036, moz:profile: /var/folders/l9/4pwqxcnj26b..., moz:shutdownTimeout: 60000, moz:useNonSpecCompliantPointerOrigin: false, moz:webdriverClick: true, pageLoadStrategy: normal, platform: MAC, platformName: MAC, platformVersion: 20.4.0, proxy: Proxy(), setWindowRect: true, strictFileInteractability: false, timeouts: {implicit: 0, pageLoad: 300000, script: 30000}, unhandledPromptBehavior: dismiss and notify}
Session ID: 4e0e0b44-3e52-5b4b-a4ec-dfd16199be3e
at org.openqa.selenium.remote.http.W3CHttpResponseCodec.createException(W3CHttpResponseCodec.java:187)
at org.openqa.selenium.remote.http.W3CHttpResponseCodec.decode(W3CHttpResponseCodec.java:122)
at org.openqa.selenium.remote.http.W3CHttpResponseCodec.decode(W3CHttpResponseCodec.java:49)
at org.openqa.selenium.remote.HttpCommandExecutor.execute(HttpCommandExecutor.java:158)
at org.openqa.selenium.remote.service.DriverCommandExecutor.execute(DriverCommandExecutor.java:83)
at org.openqa.selenium.remote.RemoteWebDriver.execute(RemoteWebDriver.java:548)
at org.openqa.selenium.remote.RemoteWebDriver.execute(RemoteWebDriver.java:605)
at org.openqa.selenium.remote.RemoteWebDriver.quit(RemoteWebDriver.java:448)
at eqcare.factories.BrowserFactory.closeApplication(BrowserFactory.java:165)
at eqcare.pages.copy.BaseClass.tearDown(BaseClass.java:77)
at java.base/java.util.ArrayList.forEach(ArrayList.java:1511)
... Removed 34 stack frames]]>
    </failure>
  </testcase> <!-- @AfterClass tearDown -->
  <testcase classname="eqcare.peerjitestcases.copy.TC1_HRANewScenarios" name="verifyPage" time="32.659">
    <failure type="org.openqa.selenium.TimeoutException" message="Expected condition failed: waiting for element to be clickable: By.xpath: //a[contains(text(), &amp;apos;Logout&amp;apos;)] (tried for 15 second(s) with 500 milliseconds interval)">
      <![CDATA[org.openqa.selenium.TimeoutException: Expected condition failed: waiting for element to be clickable: By.xpath: //a[contains(text(), 'Logout')] (tried for 15 second(s) with 500 milliseconds interval)
at org.openqa.selenium.support.ui.WebDriverWait.timeoutException(WebDriverWait.java:113)
at org.openqa.selenium.support.ui.FluentWait.until(FluentWait.java:283)
at eqcare.helper.Utility.waitForWebElement(Utility.java:126)
at eqcare.pages.HRAHomePageNew.verifyUrl(HRAHomePageNew.java:1152)
at eqcare.peerjitestcases.copy.TC1_HRANewScenarios.verifyPage(TC1_HRANewScenarios.java:39)
at java.base/java.util.ArrayList.forEach(ArrayList.java:1511)
Caused by: org.openqa.selenium.NoSuchElementException: Cannot locate an element using By.xpath: //a[contains(text(), 'Logout')]
For documentation on this error, please visit: http://seleniumhq.org/exceptions/no_such_element.html
Build info: version: '3.14.0', revision: 'aacccce0', time: '2018-08-02T20:19:58.91Z'
System info: host: 'EQ-MAC-25.local', ip: 'fe80:0:0:0:10ad:563f:ab85:ddc1%en0', os.name: 'Mac OS X', os.arch: 'x86_64', os.version: '10.16', java.version: '14.0.2'
Driver info: driver.version: unknown
at org.openqa.selenium.support.ui.ExpectedConditions.lambda$findElement$0(ExpectedConditions.java:896)
at java.base/java.util.Optional.orElseThrow(Optional.java:401)
at org.openqa.selenium.support.ui.ExpectedConditions.findElement(ExpectedConditions.java:895)
at org.openqa.selenium.support.ui.ExpectedConditions.access$000(ExpectedConditions.java:44)
at org.openqa.selenium.support.ui.ExpectedConditions$7.apply(ExpectedConditions.java:206)
at org.openqa.selenium.support.ui.ExpectedConditions$7.apply(ExpectedConditions.java:202)
at org.openqa.selenium.support.ui.ExpectedConditions$22.apply(ExpectedConditions.java:657)
at org.openqa.selenium.support.ui.ExpectedConditions$22.apply(ExpectedConditions.java:654)
at org.openqa.selenium.support.ui.FluentWait.until(FluentWait.java:260)
... 35 more
... Removed 31 stack frames]]>
    </failure>
  </testcase> <!-- verifyPage -->
  <testcase classname="eqcare.peerjitestcases.copy.TC1_HRANewScenarios" name="verifyHRAIntroPage" time="0.0">
    <skipped/>
  </testcase> <!-- verifyHRAIntroPage -->
  <testcase classname="eqcare.peerjitestcases.copy.TC1_HRANewScenarios" name="verifyPhysicalQues1" time="0.0">
    <skipped/>
  </testcase> <!-- verifyPhysicalQues1 -->
  <testcase classname="eqcare.peerjitestcases.copy.TC1_HRANewScenarios" name="verifyPhysicalQues2" time="0.0">
    <skipped/>
  </testcase> <!-- verifyPhysicalQues2 -->
  <testcase classname="eqcare.peerjitestcases.copy.TC1_HRANewScenarios" name="verifyPhysicalQues3" time="0.0">
    <skipped/>
  </testcase> <!-- verifyPhysicalQues3 -->
  <testcase classname="eqcare.peerjitestcases.copy.TC1_HRANewScenarios" name="verifyLifeStyleQuesSleep1" time="0.0">
    <skipped/>
  </testcase> <!-- verifyLifeStyleQuesSleep1 -->
  <testcase classname="eqcare.peerjitestcases.copy.TC1_HRANewScenarios" name="verifyLifeStyleQuesSmoking2" time="0.0">
    <skipped/>
  </testcase> <!-- verifyLifeStyleQuesSmoking2 -->
  <testcase classname="eqcare.peerjitestcases.copy.TC1_HRANewScenarios" name="verifyLifeStyleQuesDrinking1" time="0.0">
    <skipped/>
  </testcase> <!-- verifyLifeStyleQuesDrinking1 -->
  <testcase classname="eqcare.peerjitestcases.copy.TC1_HRANewScenarios" name="verifyLifeStyleQuesStressHappiness1" time="0.0">
    <skipped/>
  </testcase> <!-- verifyLifeStyleQuesStressHappiness1 -->
  <testcase classname="eqcare.peerjitestcases.copy.TC1_HRANewScenarios" name="verifyMedical" time="0.0">
    <skipped/>
  </testcase> <!-- verifyMedical -->
  <testcase classname="eqcare.peerjitestcases.copy.TC1_HRANewScenarios" name="verifyHRACompletition" time="0.0">
    <skipped/>
  </testcase> <!-- verifyHRACompletition -->
  <testcase classname="eqcare.peerjitestcases.copy.TC1_HRANewScenarios" name="verifyEQMedicalClinic" time="0.0">
    <ignored/>
  </testcase> <!-- verifyEQMedicalClinic -->
  <testcase classname="eqcare.peerjitestcases.copy.TC1_HRANewScenarios" name="verifyStartLifeJourneyYesButton" time="0.0">
    <ignored/>
  </testcase> <!-- verifyStartLifeJourneyYesButton -->
  <testcase classname="eqcare.peerjitestcases.copy.TC1_HRANewScenarios" name="verifyflowerInformation" time="0.0">
    <ignored/>
  </testcase> <!-- verifyflowerInformation -->
  <testcase classname="eqcare.peerjitestcases.copy.TC1_HRANewScenarios" name="verifyHRAPhysicalIntakeForms" time="0.0">
    <ignored/>
  </testcase> <!-- verifyHRAPhysicalIntakeForms -->
  <testcase classname="eqcare.peerjitestcases.copy.TC1_HRANewScenarios" name="verifyHRAPages" time="0.0">
    <ignored/>
  </testcase> <!-- verifyHRAPages -->
</testsuite> <!-- Test -->
