<?xml version="1.0" encoding="UTF-8"?>
<!-- Generated by org.testng.reporters.JUnitXMLReporter -->
<testsuite ignored="1" hostname="EQ-MAC-25.local" failures="1" tests="16" name="Test" time="176.427" errors="0" timestamp="2021-07-21T15:16:11 EDT">
  <testcase classname="eqcare.peerjitestcases.copy.TC1_EndToEndScenariosAV" name="verifyPage" time="0.025"/>
  <testcase classname="eqcare.peerjitestcases.copy.TC1_EndToEndScenariosAV" name="loginToApplication" time="3.943"/>
  <testcase classname="eqcare.peerjitestcases.copy.TC1_EndToEndScenariosAV" name="editPersonalInformation" time="23.804"/>
  <testcase classname="eqcare.peerjitestcases.copy.TC1_EndToEndScenariosAV" name="editAccountInformation" time="13.765"/>
  <testcase classname="eqcare.peerjitestcases.copy.TC1_EndToEndScenariosAV" name="uploadProfilePic" time="4.353"/>
  <testcase classname="eqcare.peerjitestcases.copy.TC1_EndToEndScenariosAV" name="uploadGovernmentID" time="4.174"/>
  <testcase classname="eqcare.peerjitestcases.copy.TC1_EndToEndScenariosAV" name="familyTab" time="9.635"/>
  <testcase classname="eqcare.peerjitestcases.copy.TC1_EndToEndScenariosAV" name="addChild" time="10.614"/>
  <testcase classname="eqcare.peerjitestcases.copy.TC1_EndToEndScenariosAV" name="deleteChild" time="5.999"/>
  <testcase classname="eqcare.peerjitestcases.copy.TC1_EndToEndScenariosAV" name="startVideoConsultation" time="0.588"/>
  <testcase classname="eqcare.peerjitestcases.copy.TC1_EndToEndScenariosAV" name="deviceCheck" time="6.0"/>
  <testcase classname="eqcare.peerjitestcases.copy.TC1_EndToEndScenariosAV" name="fillIntakeFormWithAllFields" time="44.972">
    <failure type="org.openqa.selenium.TimeoutException" message="Expected condition failed: waiting for element to be clickable: By.xpath: //input[@type=&amp;apos;file&amp;apos;] (tried for 15 second(s) with 500 milliseconds interval)
Build info: version: &amp;apos;3.14.0&amp;apos;, revision: &amp;apos;aacccce0&amp;apos;, time: &amp;apos;2018-08-02T20:19:58.91Z&amp;apos;
System info: host: &amp;apos;EQ-MAC-25.local&amp;apos;, ip: &amp;apos;fe80:0:0:0:c5c:69f7:98fb:3150%en0&amp;apos;, os.name: &amp;apos;Mac OS X&amp;apos;, os.arch: &amp;apos;x86_64&amp;apos;, os.version: &amp;apos;10.16&amp;apos;, java.version: &amp;apos;14.0.2&amp;apos;
Driver info: org.openqa.selenium.chrome.ChromeDriver
Capabilities {acceptInsecureCerts: false, browserName: chrome, browserVersion: 92.0.4515.107, chrome: {chromedriverVersion: 92.0.4515.43 (8c61b7e2989f2..., userDataDir: /var/folders/l9/4pwqxcnj26b...}, goog:chromeOptions: {debuggerAddress: localhost:56208}, javascriptEnabled: true, networkConnectionEnabled: false, pageLoadStrategy: normal, platform: MAC, platformName: MAC, proxy: Proxy(), setWindowRect: true, strictFileInteractability: false, timeouts: {implicit: 0, pageLoad: 300000, script: 30000}, unhandledPromptBehavior: dismiss and notify, webauthn:extension:credBlob: true, webauthn:extension:largeBlob: true, webauthn:virtualAuthenticators: true}
Session ID: d8ff563dd2c791872be0795081d12b78">
      <![CDATA[org.openqa.selenium.TimeoutException: Expected condition failed: waiting for element to be clickable: By.xpath: //input[@type='file'] (tried for 15 second(s) with 500 milliseconds interval)
Build info: version: '3.14.0', revision: 'aacccce0', time: '2018-08-02T20:19:58.91Z'
System info: host: 'EQ-MAC-25.local', ip: 'fe80:0:0:0:c5c:69f7:98fb:3150%en0', os.name: 'Mac OS X', os.arch: 'x86_64', os.version: '10.16', java.version: '14.0.2'
Driver info: org.openqa.selenium.chrome.ChromeDriver
Capabilities {acceptInsecureCerts: false, browserName: chrome, browserVersion: 92.0.4515.107, chrome: {chromedriverVersion: 92.0.4515.43 (8c61b7e2989f2..., userDataDir: /var/folders/l9/4pwqxcnj26b...}, goog:chromeOptions: {debuggerAddress: localhost:56208}, javascriptEnabled: true, networkConnectionEnabled: false, pageLoadStrategy: normal, platform: MAC, platformName: MAC, proxy: Proxy(), setWindowRect: true, strictFileInteractability: false, timeouts: {implicit: 0, pageLoad: 300000, script: 30000}, unhandledPromptBehavior: dismiss and notify, webauthn:extension:credBlob: true, webauthn:extension:largeBlob: true, webauthn:virtualAuthenticators: true}
Session ID: d8ff563dd2c791872be0795081d12b78
at org.openqa.selenium.support.ui.WebDriverWait.timeoutException(WebDriverWait.java:113)
at org.openqa.selenium.support.ui.FluentWait.until(FluentWait.java:283)
at eqcare.helper.Utility.waitForWebElement(Utility.java:112)
at eqcare.pages.IntakeFormPageAV.uploadFiles(IntakeFormPageAV.java:89)
at eqcare.pages.IntakeFormPageAV.fillIntakeForm(IntakeFormPageAV.java:75)
at eqcare.peerjitestcases.copy.TC1_EndToEndScenariosAV.fillIntakeFormWithAllFields(TC1_EndToEndScenariosAV.java:229)
at java.base/java.util.ArrayList.forEach(ArrayList.java:1511)
... Removed 31 stack frames]]>
    </failure>
  </testcase> <!-- fillIntakeFormWithAllFields -->
  <testcase classname="eqcare.peerjitestcases.copy.TC1_EndToEndScenariosAV" name="endVisit" time="8.182"/>
  <testcase classname="eqcare.peerjitestcases.copy.TC1_EndToEndScenariosAV" name="feedback" time="3.088"/>
  <testcase classname="eqcare.peerjitestcases.copy.TC1_EndToEndScenariosAV" name="help" time="2.604"/>
  <testcase classname="eqcare.peerjitestcases.copy.TC1_EndToEndScenariosAV" name="inbox" time="18.345"/>
  <testcase classname="eqcare.peerjitestcases.copy.TC1_EndToEndScenariosAV" name="chooseProfile" time="0.0">
    <ignored/>
  </testcase> <!-- chooseProfile -->
</testsuite> <!-- Test -->
