<?xml version="1.0" encoding="UTF-8"?>
<!-- Generated by org.testng.reporters.JUnitXMLReporter -->
<testsuite ignored="1" hostname="EQ-MAC-25.local" failures="0" tests="8" name="Test" time="66.144" errors="0" timestamp="2021-06-05T11:15:51 EDT">
  <testcase classname="eqcare.peerjitestcases.copy.TC1_LoginScenarios" name="verifyPage" time="0.044"/>
  <testcase classname="eqcare.peerjitestcases.copy.TC1_LoginScenarios" name="verifyShowHideLink" time="9.725"/>
  <testcase classname="eqcare.peerjitestcases.copy.TC1_LoginScenarios" name="verifyLanguageLink" time="6.708"/>
  <testcase classname="eqcare.peerjitestcases.copy.TC1_LoginScenarios" name="loginToApplicationWithBlankInput" time="9.496"/>
  <testcase classname="eqcare.peerjitestcases.copy.TC1_LoginScenarios" name="loginToApplicationWithNonRegisteredEmailId" time="8.987"/>
  <testcase classname="eqcare.peerjitestcases.copy.TC1_LoginScenarios" name="verifyHomeFooter" time="3.047"/>
  <testcase classname="eqcare.peerjitestcases.copy.TC1_LoginScenarios" name="loginToApplication" time="12.744"/>
  <testcase classname="eqcare.peerjitestcases.copy.TC1_LoginScenarios" name="logoutFromApplication" time="3.109"/>
  <testcase classname="eqcare.peerjitestcases.copy.TC1_LoginScenarios" name="signInRedirectionTest" time="0.0">
    <ignored/>
  </testcase> <!-- signInRedirectionTest -->
</testsuite> <!-- Test -->
