<?xml version="1.0" encoding="UTF-8"?>
<!-- Generated by org.testng.reporters.JUnitXMLReporter -->
<testsuite ignored="1" hostname="EQ-MAC-25.local" failures="0" tests="4" name="Test" time="90.419" errors="0" timestamp="2021-04-06T15:18:40 EDT">
  <testcase classname="eqcare.peerjitestcases.TC1_LifeJourneyEndScenarios" name="verifyPage" time="12.639"/>
  <testcase classname="eqcare.peerjitestcases.TC1_LifeJourneyEndScenarios" name="verifyStartLifeJourney" time="25.696"/>
  <testcase classname="eqcare.peerjitestcases.TC1_LifeJourneyEndScenarios" name="verifyEQMedicalClinic" time="15.641"/>
  <testcase classname="eqcare.peerjitestcases.TC1_LifeJourneyEndScenarios" name="verifyflowerInformation" time="14.593"/>
  <testcase classname="eqcare.peerjitestcases.TC1_LifeJourneyEndScenarios" name="verifyStartLifeJourneyYesButton" time="0.0">
    <ignored/>
  </testcase> <!-- verifyStartLifeJourneyYesButton -->
</testsuite> <!-- Test -->
