<?xml version="1.0" encoding="UTF-8"?>
<!-- Generated by org.testng.reporters.JUnitXMLReporter -->
<testsuite ignored="1" hostname="EQ-MAC-25.local" failures="0" tests="15" name="Test" time="6.271" errors="0" timestamp="2021-07-15T18:34:09 EDT">
  <testcase classname="eqcare.pages.copy.BaseClass" name="@BeforeClass setUp" time="6.234">
    <failure type="org.openqa.selenium.SessionNotCreatedException" message="session not created: This version of ChromeDriver only supports Chrome version 92
Current browser version is 91.0.4472.114 with binary path /Applications/Google Chrome.app/Contents/MacOS/Google Chrome
Build info: version: &amp;apos;3.14.0&amp;apos;, revision: &amp;apos;aacccce0&amp;apos;, time: &amp;apos;2018-08-02T20:19:58.91Z&amp;apos;
System info: host: &amp;apos;EQ-MAC-25.local&amp;apos;, ip: &amp;apos;fe80:0:0:0:7:f30a:a40c:8cf0%en0&amp;apos;, os.name: &amp;apos;Mac OS X&amp;apos;, os.arch: &amp;apos;x86_64&amp;apos;, os.version: &amp;apos;10.16&amp;apos;, java.version: &amp;apos;14.0.2&amp;apos;
Driver info: driver.version: ChromeDriver
remote stacktrace: 0   chromedriver                        0x000000010d6f5eb9 chromedriver + 3059385
1   chromedriver                        0x000000010de01963 chromedriver + 10447203
2   chromedriver                        0x000000010d4352e8 chromedriver + 172776
3   chromedriver                        0x000000010d45b16d chromedriver + 328045
4   chromedriver                        0x000000010d456ca6 chromedriver + 310438
5   chromedriver                        0x000000010d4537be chromedriver + 296894
6   chromedriver                        0x000000010d48c54b chromedriver + 529739
7   chromedriver                        0x000000010d486b83 chromedriver + 506755
8   chromedriver                        0x000000010d45d480 chromedriver + 337024
9   chromedriver                        0x000000010d45e615 chromedriver + 341525
10  chromedriver                        0x000000010d6c0d9f chromedriver + 2842015
11  chromedriver                        0x000000010d6d1562 chromedriver + 2909538
12  chromedriver                        0x000000010d6d27cc chromedriver + 2914252
13  chromedriver                        0x000000010d6a5f41 chromedriver + 2731841
14  chromedriver                        0x000000010d6d2c9f chromedriver + 2915487
15  chromedriver                        0x000000010d6b648c chromedriver + 2798732
16  chromedriver                        0x000000010d6eac68 chromedriver + 3013736
17  chromedriver                        0x000000010d6eadf1 chromedriver + 3014129
18  chromedriver                        0x000000010d6fbb68 chromedriver + 3083112
19  libsystem_pthread.dylib             0x00007fff2057e954 _pthread_start + 224
20  libsystem_pthread.dylib             0x00007fff2057a4a7 thread_start + 15
">
      <![CDATA[org.openqa.selenium.SessionNotCreatedException: session not created: This version of ChromeDriver only supports Chrome version 92
Current browser version is 91.0.4472.114 with binary path /Applications/Google Chrome.app/Contents/MacOS/Google Chrome
Build info: version: '3.14.0', revision: 'aacccce0', time: '2018-08-02T20:19:58.91Z'
System info: host: 'EQ-MAC-25.local', ip: 'fe80:0:0:0:7:f30a:a40c:8cf0%en0', os.name: 'Mac OS X', os.arch: 'x86_64', os.version: '10.16', java.version: '14.0.2'
Driver info: driver.version: ChromeDriver
remote stacktrace: 0   chromedriver                        0x000000010d6f5eb9 chromedriver + 3059385
1   chromedriver                        0x000000010de01963 chromedriver + 10447203
2   chromedriver                        0x000000010d4352e8 chromedriver + 172776
3   chromedriver                        0x000000010d45b16d chromedriver + 328045
4   chromedriver                        0x000000010d456ca6 chromedriver + 310438
5   chromedriver                        0x000000010d4537be chromedriver + 296894
6   chromedriver                        0x000000010d48c54b chromedriver + 529739
7   chromedriver                        0x000000010d486b83 chromedriver + 506755
8   chromedriver                        0x000000010d45d480 chromedriver + 337024
9   chromedriver                        0x000000010d45e615 chromedriver + 341525
10  chromedriver                        0x000000010d6c0d9f chromedriver + 2842015
11  chromedriver                        0x000000010d6d1562 chromedriver + 2909538
12  chromedriver                        0x000000010d6d27cc chromedriver + 2914252
13  chromedriver                        0x000000010d6a5f41 chromedriver + 2731841
14  chromedriver                        0x000000010d6d2c9f chromedriver + 2915487
15  chromedriver                        0x000000010d6b648c chromedriver + 2798732
16  chromedriver                        0x000000010d6eac68 chromedriver + 3013736
17  chromedriver                        0x000000010d6eadf1 chromedriver + 3014129
18  chromedriver                        0x000000010d6fbb68 chromedriver + 3083112
19  libsystem_pthread.dylib             0x00007fff2057e954 _pthread_start + 224
20  libsystem_pthread.dylib             0x00007fff2057a4a7 thread_start + 15

at org.openqa.selenium.remote.W3CHandshakeResponse.lambda$new$0(W3CHandshakeResponse.java:57)
at org.openqa.selenium.remote.W3CHandshakeResponse.lambda$getResponseFunction$2(W3CHandshakeResponse.java:104)
at org.openqa.selenium.remote.ProtocolHandshake.lambda$createSession$0(ProtocolHandshake.java:122)
at java.base/java.util.stream.ReferencePipeline$3$1.accept(ReferencePipeline.java:195)
at java.base/java.util.Spliterators$ArraySpliterator.tryAdvance(Spliterators.java:958)
at java.base/java.util.stream.ReferencePipeline.forEachWithCancel(ReferencePipeline.java:127)
at java.base/java.util.stream.AbstractPipeline.copyIntoWithCancel(AbstractPipeline.java:502)
at java.base/java.util.stream.AbstractPipeline.copyInto(AbstractPipeline.java:488)
at java.base/java.util.stream.AbstractPipeline.wrapAndCopyInto(AbstractPipeline.java:474)
at java.base/java.util.stream.FindOps$FindOp.evaluateSequential(FindOps.java:150)
at java.base/java.util.stream.AbstractPipeline.evaluate(AbstractPipeline.java:234)
at java.base/java.util.stream.ReferencePipeline.findFirst(ReferencePipeline.java:543)
at org.openqa.selenium.remote.ProtocolHandshake.createSession(ProtocolHandshake.java:125)
at org.openqa.selenium.remote.ProtocolHandshake.createSession(ProtocolHandshake.java:73)
at org.openqa.selenium.remote.HttpCommandExecutor.execute(HttpCommandExecutor.java:136)
at org.openqa.selenium.remote.service.DriverCommandExecutor.execute(DriverCommandExecutor.java:83)
at org.openqa.selenium.remote.RemoteWebDriver.execute(RemoteWebDriver.java:548)
at org.openqa.selenium.remote.RemoteWebDriver.startSession(RemoteWebDriver.java:212)
at org.openqa.selenium.remote.RemoteWebDriver.<init>(RemoteWebDriver.java:130)
at org.openqa.selenium.chrome.ChromeDriver.<init>(ChromeDriver.java:181)
at org.openqa.selenium.chrome.ChromeDriver.<init>(ChromeDriver.java:168)
at org.openqa.selenium.chrome.ChromeDriver.<init>(ChromeDriver.java:157)
at eqcare.factories.BrowserFactory.getApplication(BrowserFactory.java:101)
at eqcare.pages.copy.BaseClass.setUp(BaseClass.java:39)
at java.base/java.util.ArrayList.forEach(ArrayList.java:1511)
... Removed 34 stack frames]]>
    </failure>
  </testcase> <!-- @BeforeClass setUp -->
  <testcase classname="eqcare.pages.copy.BaseClass" name="@AfterClass tearDown" time="-1.626388448853E9">
    <skipped/>
  </testcase> <!-- @AfterClass tearDown -->
  <testcase classname="eqcare.peerjitestcases.copy.ClinicPeerji" name="loginAsCM" time="0.0">
    <skipped/>
  </testcase> <!-- loginAsCM -->
  <testcase classname="eqcare.peerjitestcases.copy.ClinicPeerji" name="loginAsDRNurse" time="0.0">
    <skipped/>
  </testcase> <!-- loginAsDRNurse -->
  <testcase classname="eqcare.peerjitestcases.copy.ClinicPeerji" name="loginToClinicApplication" time="0.0">
    <skipped/>
  </testcase> <!-- loginToClinicApplication -->
  <testcase classname="eqcare.peerjitestcases.copy.ClinicPeerji" name="loginToPatient" time="0.0">
    <skipped/>
  </testcase> <!-- loginToPatient -->
  <testcase classname="eqcare.peerjitestcases.copy.ClinicPeerji" name="functionsWithCM" time="0.0">
    <skipped/>
  </testcase> <!-- functionsWithCM -->
  <testcase classname="eqcare.peerjitestcases.copy.ClinicPeerji" name="patientChats" time="0.0">
    <skipped/>
  </testcase> <!-- patientChats -->
  <testcase classname="eqcare.peerjitestcases.copy.ClinicPeerji" name="transferPatientToNurse" time="0.0">
    <skipped/>
  </testcase> <!-- transferPatientToNurse -->
  <testcase classname="eqcare.peerjitestcases.copy.ClinicPeerji" name="navigateToNurse" time="0.0">
    <skipped/>
  </testcase> <!-- navigateToNurse -->
  <testcase classname="eqcare.peerjitestcases.copy.ClinicPeerji" name="patientChatsToNurse" time="0.0">
    <skipped/>
  </testcase> <!-- patientChatsToNurse -->
  <testcase classname="eqcare.peerjitestcases.copy.ClinicPeerji" name="transferPatientToCoctor" time="0.0">
    <skipped/>
  </testcase> <!-- transferPatientToCoctor -->
  <testcase classname="eqcare.peerjitestcases.copy.ClinicPeerji" name="navigateToDr" time="0.0">
    <skipped/>
  </testcase> <!-- navigateToDr -->
  <testcase classname="eqcare.peerjitestcases.copy.ClinicPeerji" name="patientChatsToDoctor" time="0.0">
    <skipped/>
  </testcase> <!-- patientChatsToDoctor -->
  <testcase classname="eqcare.peerjitestcases.copy.ClinicPeerji" name="doctorEndConsultation" time="0.0">
    <skipped/>
  </testcase> <!-- doctorEndConsultation -->
  <testcase classname="eqcare.peerjitestcases.copy.ClinicPeerji" name="feedback" time="0.0">
    <skipped/>
  </testcase> <!-- feedback -->
  <testcase classname="eqcare.peerjitestcases.copy.ClinicPeerji" name="inbox" time="0.0">
    <skipped/>
  </testcase> <!-- inbox -->
  <testcase classname="eqcare.peerjitestcases.copy.ClinicPeerji" name="loginToPatientApplication" time="0.0">
    <ignored/>
  </testcase> <!-- loginToPatientApplication -->
</testsuite> <!-- Test -->
