<?xml version="1.0" encoding="UTF-8"?>
<!-- Generated by org.testng.reporters.JUnitXMLReporter -->
<testsuite ignored="1" hostname="EQ-MAC-25.local" failures="0" tests="15" name="Test" time="549.551" errors="0" timestamp="2021-07-15T15:05:34 EDT">
  <testcase classname="eqcare.peerjitestcases.copy.ClinicPeerji" name="loginAsCM" time="24.436"/>
  <testcase classname="eqcare.peerjitestcases.copy.ClinicPeerji" name="loginAsDRNurse" time="0.0"/>
  <testcase classname="eqcare.peerjitestcases.copy.ClinicPeerji" name="loginToClinicApplication" time="28.279"/>
  <testcase classname="eqcare.peerjitestcases.copy.ClinicPeerji" name="loginToPatient" time="33.435"/>
  <testcase classname="eqcare.peerjitestcases.copy.ClinicPeerji" name="functionsWithCM" time="66.828"/>
  <testcase classname="eqcare.peerjitestcases.copy.ClinicPeerji" name="patientChats" time="8.638"/>
  <testcase classname="eqcare.peerjitestcases.copy.ClinicPeerji" name="transferPatientToNurse" time="27.214"/>
  <testcase classname="eqcare.peerjitestcases.copy.ClinicPeerji" name="navigateToNurse" time="73.075"/>
  <testcase classname="eqcare.peerjitestcases.copy.ClinicPeerji" name="patientChatsToNurse" time="8.304"/>
  <testcase classname="eqcare.peerjitestcases.copy.ClinicPeerji" name="transferPatientToCoctor" time="27.199"/>
  <testcase classname="eqcare.peerjitestcases.copy.ClinicPeerji" name="navigateToDr" time="68.087"/>
  <testcase classname="eqcare.peerjitestcases.copy.ClinicPeerji" name="patientChatsToDoctor" time="8.237"/>
  <testcase classname="eqcare.peerjitestcases.copy.ClinicPeerji" name="doctorEndConsultation" time="17.465"/>
  <testcase classname="eqcare.peerjitestcases.copy.ClinicPeerji" name="feedback" time="5.359"/>
  <testcase classname="eqcare.peerjitestcases.copy.ClinicPeerji" name="inbox" time="18.406"/>
  <testcase classname="eqcare.peerjitestcases.copy.ClinicPeerji" name="loginToPatientApplication" time="0.0">
    <ignored/>
  </testcase> <!-- loginToPatientApplication -->
</testsuite> <!-- Test -->
