<?xml version="1.0" encoding="UTF-8"?>
<!-- Generated by org.testng.reporters.JUnitXMLReporter -->
<testsuite ignored="1" hostname="EQ-MAC-25.local" failures="0" tests="4" name="Test" time="575.016" errors="0" timestamp="2021-07-14T19:31:25 EDT">
  <testcase classname="eqcare.peerjitestcases.copy.ClinicPeerji" name="loginToPatient" time="75.451"/>
  <testcase classname="eqcare.peerjitestcases.copy.ClinicPeerji" name="loginToClinicApplication" time="148.115"/>
  <testcase classname="eqcare.peerjitestcases.copy.ClinicPeerji" name="navigateToNurse" time="140.561"/>
  <testcase classname="eqcare.peerjitestcases.copy.ClinicPeerji" name="navigateToDr" time="93.068"/>
  <testcase classname="eqcare.peerjitestcases.copy.ClinicPeerji" name="loginToPatientApplication" time="0.0">
    <ignored/>
  </testcase> <!-- loginToPatientApplication -->
</testsuite> <!-- Test -->
