<?xml version="1.0" encoding="UTF-8"?>
<!-- Generated by org.testng.reporters.JUnitXMLReporter -->
<testsuite ignored="1" hostname="EQ-MAC-25.local" failures="1" tests="16" name="Test" time="48.419" errors="0" timestamp="2021-04-22T10:17:52 EDT">
  <testcase classname="eqcare.peerjitestcases.TC1_EndToEndScenarios" name="verifyPage" time="0.053"/>
  <testcase classname="eqcare.peerjitestcases.TC1_EndToEndScenarios" name="loginToApplication" time="29.681">
    <failure type="org.openqa.selenium.TimeoutException" message="Expected condition failed: waiting for element to be clickable: By.xpath: //a[contains(text(), &amp;apos;Logout&amp;apos;)] (tried for 15 second(s) with 500 milliseconds interval)">
      <![CDATA[org.openqa.selenium.TimeoutException: Expected condition failed: waiting for element to be clickable: By.xpath: //a[contains(text(), 'Logout')] (tried for 15 second(s) with 500 milliseconds interval)
at org.openqa.selenium.support.ui.WebDriverWait.timeoutException(WebDriverWait.java:113)
at org.openqa.selenium.support.ui.FluentWait.until(FluentWait.java:283)
at eqcare.helper.Utility.waitForWebElement(Utility.java:112)
at eqcare.pages.LoginPage.verifyUrlAfterLogin(LoginPage.java:84)
at eqcare.peerjitestcases.TC1_EndToEndScenarios.loginToApplication(TC1_EndToEndScenarios.java:72)
at java.base/java.util.ArrayList.forEach(ArrayList.java:1511)
Caused by: org.openqa.selenium.NoSuchElementException: Cannot locate an element using By.xpath: //a[contains(text(), 'Logout')]
For documentation on this error, please visit: http://seleniumhq.org/exceptions/no_such_element.html
Build info: version: '3.14.0', revision: 'aacccce0', time: '2018-08-02T20:19:58.91Z'
System info: host: 'EQ-MAC-25.local', ip: 'fe80:0:0:0:ccc:a84c:a31e:497a%en0', os.name: 'Mac OS X', os.arch: 'x86_64', os.version: '10.15.6', java.version: '14.0.2'
Driver info: driver.version: unknown
at org.openqa.selenium.support.ui.ExpectedConditions.lambda$findElement$0(ExpectedConditions.java:896)
at java.base/java.util.Optional.orElseThrow(Optional.java:401)
at org.openqa.selenium.support.ui.ExpectedConditions.findElement(ExpectedConditions.java:895)
at org.openqa.selenium.support.ui.ExpectedConditions.access$000(ExpectedConditions.java:44)
at org.openqa.selenium.support.ui.ExpectedConditions$7.apply(ExpectedConditions.java:206)
at org.openqa.selenium.support.ui.ExpectedConditions$7.apply(ExpectedConditions.java:202)
at org.openqa.selenium.support.ui.ExpectedConditions$22.apply(ExpectedConditions.java:657)
at org.openqa.selenium.support.ui.ExpectedConditions$22.apply(ExpectedConditions.java:654)
at org.openqa.selenium.support.ui.FluentWait.until(FluentWait.java:260)
... 35 more
... Removed 31 stack frames]]>
    </failure>
  </testcase> <!-- loginToApplication -->
  <testcase classname="eqcare.peerjitestcases.TC1_EndToEndScenarios" name="editPersonalInformation" time="0.0">
    <skipped/>
  </testcase> <!-- editPersonalInformation -->
  <testcase classname="eqcare.peerjitestcases.TC1_EndToEndScenarios" name="editAccountInformation" time="0.0">
    <skipped/>
  </testcase> <!-- editAccountInformation -->
  <testcase classname="eqcare.peerjitestcases.TC1_EndToEndScenarios" name="uploadProfilePic" time="0.0">
    <skipped/>
  </testcase> <!-- uploadProfilePic -->
  <testcase classname="eqcare.peerjitestcases.TC1_EndToEndScenarios" name="uploadGovernmentID" time="0.0">
    <skipped/>
  </testcase> <!-- uploadGovernmentID -->
  <testcase classname="eqcare.peerjitestcases.TC1_EndToEndScenarios" name="familyTab" time="0.0">
    <skipped/>
  </testcase> <!-- familyTab -->
  <testcase classname="eqcare.peerjitestcases.TC1_EndToEndScenarios" name="addChild" time="0.0">
    <skipped/>
  </testcase> <!-- addChild -->
  <testcase classname="eqcare.peerjitestcases.TC1_EndToEndScenarios" name="deleteChild" time="0.0">
    <skipped/>
  </testcase> <!-- deleteChild -->
  <testcase classname="eqcare.peerjitestcases.TC1_EndToEndScenarios" name="startVideoConsultation" time="0.0">
    <skipped/>
  </testcase> <!-- startVideoConsultation -->
  <testcase classname="eqcare.peerjitestcases.TC1_EndToEndScenarios" name="deviceCheck" time="0.0">
    <skipped/>
  </testcase> <!-- deviceCheck -->
  <testcase classname="eqcare.peerjitestcases.TC1_EndToEndScenarios" name="fillIntakeFormWithAllFields" time="0.0">
    <skipped/>
  </testcase> <!-- fillIntakeFormWithAllFields -->
  <testcase classname="eqcare.peerjitestcases.TC1_EndToEndScenarios" name="endVisit" time="0.0">
    <skipped/>
  </testcase> <!-- endVisit -->
  <testcase classname="eqcare.peerjitestcases.TC1_EndToEndScenarios" name="feedback" time="0.0">
    <skipped/>
  </testcase> <!-- feedback -->
  <testcase classname="eqcare.peerjitestcases.TC1_EndToEndScenarios" name="help" time="0.0">
    <skipped/>
  </testcase> <!-- help -->
  <testcase classname="eqcare.peerjitestcases.TC1_EndToEndScenarios" name="inbox" time="0.0">
    <skipped/>
  </testcase> <!-- inbox -->
  <testcase classname="eqcare.peerjitestcases.TC1_EndToEndScenarios" name="chooseProfile" time="0.0">
    <ignored/>
  </testcase> <!-- chooseProfile -->
</testsuite> <!-- Test -->
