<?xml version="1.0" encoding="UTF-8"?>
<!-- Generated by org.testng.reporters.JUnitXMLReporter -->
<testsuite ignored="1" hostname="EQ-MAC-25.local" failures="0" tests="16" name="Test" time="21.349" errors="0" timestamp="2021-04-22T10:16:30 EDT">
  <testcase classname="eqcare.pages.BaseClass" name="@BeforeClass setUp" time="21.222">
    <failure type="org.openqa.selenium.WebDriverException" message="Timed out waiting for driver server to start.
Build info: version: &amp;apos;3.14.0&amp;apos;, revision: &amp;apos;aacccce0&amp;apos;, time: &amp;apos;2018-08-02T20:19:58.91Z&amp;apos;
System info: host: &amp;apos;EQ-MAC-25.local&amp;apos;, ip: &amp;apos;fe80:0:0:0:ccc:a84c:a31e:497a%en0&amp;apos;, os.name: &amp;apos;Mac OS X&amp;apos;, os.arch: &amp;apos;x86_64&amp;apos;, os.version: &amp;apos;10.15.6&amp;apos;, java.version: &amp;apos;14.0.2&amp;apos;
Driver info: driver.version: ChromeDriver">
      <![CDATA[org.openqa.selenium.WebDriverException: Timed out waiting for driver server to start.
Build info: version: '3.14.0', revision: 'aacccce0', time: '2018-08-02T20:19:58.91Z'
System info: host: 'EQ-MAC-25.local', ip: 'fe80:0:0:0:ccc:a84c:a31e:497a%en0', os.name: 'Mac OS X', os.arch: 'x86_64', os.version: '10.15.6', java.version: '14.0.2'
Driver info: driver.version: ChromeDriver
at org.openqa.selenium.remote.service.DriverService.waitUntilAvailable(DriverService.java:193)
at org.openqa.selenium.remote.service.DriverService.start(DriverService.java:179)
at org.openqa.selenium.remote.service.DriverCommandExecutor.execute(DriverCommandExecutor.java:79)
at org.openqa.selenium.remote.RemoteWebDriver.execute(RemoteWebDriver.java:548)
at org.openqa.selenium.remote.RemoteWebDriver.startSession(RemoteWebDriver.java:212)
at org.openqa.selenium.remote.RemoteWebDriver.<init>(RemoteWebDriver.java:130)
at org.openqa.selenium.chrome.ChromeDriver.<init>(ChromeDriver.java:181)
at org.openqa.selenium.chrome.ChromeDriver.<init>(ChromeDriver.java:168)
at org.openqa.selenium.chrome.ChromeDriver.<init>(ChromeDriver.java:157)
at eqcare.factories.BrowserFactory.getApplication(BrowserFactory.java:56)
at eqcare.pages.BaseClass.setUp(BaseClass.java:107)
at java.base/java.util.ArrayList.forEach(ArrayList.java:1511)
Caused by: org.openqa.selenium.net.UrlChecker$TimeoutException: Timed out waiting for [http://localhost:29121/status] to be available after 20003 ms
at org.openqa.selenium.net.UrlChecker.waitUntilAvailable(UrlChecker.java:100)
at org.openqa.selenium.remote.service.DriverService.waitUntilAvailable(DriverService.java:188)
... 40 more
Caused by: java.util.concurrent.TimeoutException
at java.base/java.util.concurrent.FutureTask.get(FutureTask.java:204)
at com.google.common.util.concurrent.SimpleTimeLimiter.callWithTimeout(SimpleTimeLimiter.java:156)
at org.openqa.selenium.net.UrlChecker.waitUntilAvailable(UrlChecker.java:75)
... 41 more
... Removed 29 stack frames]]>
    </failure>
  </testcase> <!-- @BeforeClass setUp -->
  <testcase classname="eqcare.pages.BaseClass" name="@AfterMethod tearDownReport" time="-1.619100990527E9">
    <skipped/>
  </testcase> <!-- @AfterMethod tearDownReport -->
  <testcase classname="eqcare.pages.BaseClass" name="@AfterClass tearDown" time="-1.619100990552E9">
    <skipped/>
  </testcase> <!-- @AfterClass tearDown -->
  <testcase classname="eqcare.peerjitestcases.TC1_EndToEndScenarios" name="verifyPage" time="0.0">
    <skipped/>
  </testcase> <!-- verifyPage -->
  <testcase classname="eqcare.peerjitestcases.TC1_EndToEndScenarios" name="loginToApplication" time="0.0">
    <skipped/>
  </testcase> <!-- loginToApplication -->
  <testcase classname="eqcare.peerjitestcases.TC1_EndToEndScenarios" name="editPersonalInformation" time="0.0">
    <skipped/>
  </testcase> <!-- editPersonalInformation -->
  <testcase classname="eqcare.peerjitestcases.TC1_EndToEndScenarios" name="editAccountInformation" time="0.0">
    <skipped/>
  </testcase> <!-- editAccountInformation -->
  <testcase classname="eqcare.peerjitestcases.TC1_EndToEndScenarios" name="uploadProfilePic" time="0.0">
    <skipped/>
  </testcase> <!-- uploadProfilePic -->
  <testcase classname="eqcare.peerjitestcases.TC1_EndToEndScenarios" name="uploadGovernmentID" time="0.0">
    <skipped/>
  </testcase> <!-- uploadGovernmentID -->
  <testcase classname="eqcare.peerjitestcases.TC1_EndToEndScenarios" name="familyTab" time="0.0">
    <skipped/>
  </testcase> <!-- familyTab -->
  <testcase classname="eqcare.peerjitestcases.TC1_EndToEndScenarios" name="addChild" time="0.0">
    <skipped/>
  </testcase> <!-- addChild -->
  <testcase classname="eqcare.peerjitestcases.TC1_EndToEndScenarios" name="deleteChild" time="0.0">
    <skipped/>
  </testcase> <!-- deleteChild -->
  <testcase classname="eqcare.peerjitestcases.TC1_EndToEndScenarios" name="startVideoConsultation" time="0.0">
    <skipped/>
  </testcase> <!-- startVideoConsultation -->
  <testcase classname="eqcare.peerjitestcases.TC1_EndToEndScenarios" name="deviceCheck" time="0.0">
    <skipped/>
  </testcase> <!-- deviceCheck -->
  <testcase classname="eqcare.peerjitestcases.TC1_EndToEndScenarios" name="fillIntakeFormWithAllFields" time="0.0">
    <skipped/>
  </testcase> <!-- fillIntakeFormWithAllFields -->
  <testcase classname="eqcare.peerjitestcases.TC1_EndToEndScenarios" name="endVisit" time="0.0">
    <skipped/>
  </testcase> <!-- endVisit -->
  <testcase classname="eqcare.peerjitestcases.TC1_EndToEndScenarios" name="feedback" time="0.0">
    <skipped/>
  </testcase> <!-- feedback -->
  <testcase classname="eqcare.peerjitestcases.TC1_EndToEndScenarios" name="help" time="0.0">
    <skipped/>
  </testcase> <!-- help -->
  <testcase classname="eqcare.peerjitestcases.TC1_EndToEndScenarios" name="inbox" time="0.0">
    <skipped/>
  </testcase> <!-- inbox -->
  <testcase classname="eqcare.peerjitestcases.TC1_EndToEndScenarios" name="chooseProfile" time="0.0">
    <ignored/>
  </testcase> <!-- chooseProfile -->
</testsuite> <!-- Test -->
