<?xml version="1.0" encoding="UTF-8"?>
<!-- Generated by org.testng.reporters.JUnitXMLReporter -->
<testsuite ignored="1" hostname="EQ-MAC-25.local" failures="2" tests="15" name="Test" time="588.281" errors="0" timestamp="2021-07-15T13:51:35 EDT">
  <testcase classname="eqcare.peerjitestcases.copy.ClinicPeerji" name="loginAsCM" time="24.397"/>
  <testcase classname="eqcare.peerjitestcases.copy.ClinicPeerji" name="loginAsDRNurse" time="0.0"/>
  <testcase classname="eqcare.peerjitestcases.copy.ClinicPeerji" name="loginToClinicApplication" time="56.781"/>
  <testcase classname="eqcare.peerjitestcases.copy.ClinicPeerji" name="loginToPatient" time="31.278"/>
  <testcase classname="eqcare.peerjitestcases.copy.ClinicPeerji" name="functionsWithCM" time="75.544"/>
  <testcase classname="eqcare.peerjitestcases.copy.ClinicPeerji" name="patientChats" time="8.29"/>
  <testcase classname="eqcare.peerjitestcases.copy.ClinicPeerji" name="transferPatientToNurse" time="27.255"/>
  <testcase classname="eqcare.peerjitestcases.copy.ClinicPeerji" name="navigateToNurse" time="113.457"/>
  <testcase classname="eqcare.peerjitestcases.copy.ClinicPeerji" name="patientChatsToNurse" time="8.311"/>
  <testcase classname="eqcare.peerjitestcases.copy.ClinicPeerji" name="transferPatientToCoctor" time="27.2"/>
  <testcase classname="eqcare.peerjitestcases.copy.ClinicPeerji" name="navigateToDr" time="42.5">
    <failure type="org.openqa.selenium.TimeoutException" message="Expected condition failed: waiting for element to be clickable: By.name: email (tried for 15 second(s) with 500 milliseconds interval)">
      <![CDATA[org.openqa.selenium.TimeoutException: Expected condition failed: waiting for element to be clickable: By.name: email (tried for 15 second(s) with 500 milliseconds interval)
at org.openqa.selenium.support.ui.WebDriverWait.timeoutException(WebDriverWait.java:113)
at org.openqa.selenium.support.ui.FluentWait.until(FluentWait.java:283)
at eqcare.helper.Utility.waitForWebElement(Utility.java:112)
at eqcare.pages.ClinicPage.loginToApplication(ClinicPage.java:191)
at eqcare.peerjitestcases.copy.ClinicPeerji.navigateToDr(ClinicPeerji.java:215)
at java.base/java.util.ArrayList.forEach(ArrayList.java:1511)
Caused by: org.openqa.selenium.NoSuchElementException: Cannot locate an element using By.name: email
For documentation on this error, please visit: http://seleniumhq.org/exceptions/no_such_element.html
Build info: version: '3.14.0', revision: 'aacccce0', time: '2018-08-02T20:19:58.91Z'
System info: host: 'EQ-MAC-25.local', ip: 'fe80:0:0:0:7:f30a:a40c:8cf0%en0', os.name: 'Mac OS X', os.arch: 'x86_64', os.version: '10.16', java.version: '14.0.2'
Driver info: driver.version: unknown
at org.openqa.selenium.support.ui.ExpectedConditions.lambda$findElement$0(ExpectedConditions.java:896)
at java.base/java.util.Optional.orElseThrow(Optional.java:401)
at org.openqa.selenium.support.ui.ExpectedConditions.findElement(ExpectedConditions.java:895)
at org.openqa.selenium.support.ui.ExpectedConditions.access$000(ExpectedConditions.java:44)
at org.openqa.selenium.support.ui.ExpectedConditions$7.apply(ExpectedConditions.java:206)
at org.openqa.selenium.support.ui.ExpectedConditions$7.apply(ExpectedConditions.java:202)
at org.openqa.selenium.support.ui.ExpectedConditions$22.apply(ExpectedConditions.java:657)
at org.openqa.selenium.support.ui.ExpectedConditions$22.apply(ExpectedConditions.java:654)
at org.openqa.selenium.support.ui.FluentWait.until(FluentWait.java:260)
... 35 more
... Removed 31 stack frames]]>
    </failure>
  </testcase> <!-- navigateToDr -->
  <testcase classname="eqcare.peerjitestcases.copy.ClinicPeerji" name="patientChatsToDoctor" time="8.205"/>
  <testcase classname="eqcare.peerjitestcases.copy.ClinicPeerji" name="doctorEndConsultation" time="16.457"/>
  <testcase classname="eqcare.peerjitestcases.copy.ClinicPeerji" name="feedback" time="23.601">
    <failure type="org.openqa.selenium.TimeoutException" message="Expected condition failed: waiting for element to be clickable: By.xpath: //a[contains(text(), &amp;apos;Next&amp;apos;)] (tried for 15 second(s) with 500 milliseconds interval)">
      <![CDATA[org.openqa.selenium.TimeoutException: Expected condition failed: waiting for element to be clickable: By.xpath: //a[contains(text(), 'Next')] (tried for 15 second(s) with 500 milliseconds interval)
at org.openqa.selenium.support.ui.WebDriverWait.timeoutException(WebDriverWait.java:113)
at org.openqa.selenium.support.ui.FluentWait.until(FluentWait.java:283)
at eqcare.helper.Utility.waitForWebElement(Utility.java:112)
at eqcare.pages.FeedbackPage.ratingProvidedDRCMNurse(FeedbackPage.java:66)
at eqcare.peerjitestcases.copy.ClinicPeerji.feedback(ClinicPeerji.java:260)
at java.base/java.util.ArrayList.forEach(ArrayList.java:1511)
Caused by: org.openqa.selenium.NoSuchElementException: Cannot locate an element using By.xpath: //a[contains(text(), 'Next')]
For documentation on this error, please visit: http://seleniumhq.org/exceptions/no_such_element.html
Build info: version: '3.14.0', revision: 'aacccce0', time: '2018-08-02T20:19:58.91Z'
System info: host: 'EQ-MAC-25.local', ip: 'fe80:0:0:0:7:f30a:a40c:8cf0%en0', os.name: 'Mac OS X', os.arch: 'x86_64', os.version: '10.16', java.version: '14.0.2'
Driver info: driver.version: unknown
at org.openqa.selenium.support.ui.ExpectedConditions.lambda$findElement$0(ExpectedConditions.java:896)
at java.base/java.util.Optional.orElseThrow(Optional.java:401)
at org.openqa.selenium.support.ui.ExpectedConditions.findElement(ExpectedConditions.java:895)
at org.openqa.selenium.support.ui.ExpectedConditions.access$000(ExpectedConditions.java:44)
at org.openqa.selenium.support.ui.ExpectedConditions$7.apply(ExpectedConditions.java:206)
at org.openqa.selenium.support.ui.ExpectedConditions$7.apply(ExpectedConditions.java:202)
at org.openqa.selenium.support.ui.ExpectedConditions$22.apply(ExpectedConditions.java:657)
at org.openqa.selenium.support.ui.ExpectedConditions$22.apply(ExpectedConditions.java:654)
at org.openqa.selenium.support.ui.FluentWait.until(FluentWait.java:260)
... 35 more
... Removed 31 stack frames]]>
    </failure>
  </testcase> <!-- feedback -->
  <testcase classname="eqcare.peerjitestcases.copy.ClinicPeerji" name="inbox" time="18.464"/>
  <testcase classname="eqcare.peerjitestcases.copy.ClinicPeerji" name="loginToPatientApplication" time="0.0">
    <ignored/>
  </testcase> <!-- loginToPatientApplication -->
</testsuite> <!-- Test -->
