<?xml version="1.0" encoding="UTF-8"?>
<!-- Generated by org.testng.reporters.JUnitXMLReporter -->
<testsuite hostname="Sarikas-MacBook-Pro.local" ignored="1" name="Test" tests="16" failures="1" timestamp="2021-04-04T14:15:30 EDT" time="37.468" errors="0">
  <testcase name="@AfterMethod tearDownReport" time="0.026" classname="eqcare.pages.BaseClass">
    <failure type="org.openqa.selenium.NoSuchWindowException" message="no such window: target window already closed
from unknown error: web view not found
  (Session info: chrome=89.0.4389.114)
Build info: version: &amp;apos;3.14.0&amp;apos;, revision: &amp;apos;aacccce0&amp;apos;, time: &amp;apos;2018-08-02T20:19:58.91Z&amp;apos;
System info: host: &amp;apos;Sarikas-MacBook-Pro.local&amp;apos;, ip: &amp;apos;fe80:0:0:0:4d7:8741:ad49:26a8%en0&amp;apos;, os.name: &amp;apos;Mac OS X&amp;apos;, os.arch: &amp;apos;x86_64&amp;apos;, os.version: &amp;apos;10.16&amp;apos;, java.version: &amp;apos;1.8.0_144&amp;apos;
Driver info: org.openqa.selenium.chrome.ChromeDriver
Capabilities {acceptInsecureCerts: false, browserName: chrome, browserVersion: 89.0.4389.114, chrome: {chromedriverVersion: 89.0.4389.23 (61b08ee2c5002..., userDataDir: /var/folders/y7/70y7xh2n095...}, goog:chromeOptions: {debuggerAddress: localhost:57819}, javascriptEnabled: true, networkConnectionEnabled: false, pageLoadStrategy: normal, platform: MAC, platformName: MAC, proxy: Proxy(), setWindowRect: true, strictFileInteractability: false, timeouts: {implicit: 0, pageLoad: 300000, script: 30000}, unhandledPromptBehavior: dismiss and notify, webauthn:extension:largeBlob: true, webauthn:virtualAuthenticators: true}
Session ID: 0369d343a4c4331ad31ad50daaf65cb8">
      <![CDATA[org.openqa.selenium.NoSuchWindowException: no such window: target window already closed
from unknown error: web view not found
  (Session info: chrome=89.0.4389.114)
Build info: version: '3.14.0', revision: 'aacccce0', time: '2018-08-02T20:19:58.91Z'
System info: host: 'Sarikas-MacBook-Pro.local', ip: 'fe80:0:0:0:4d7:8741:ad49:26a8%en0', os.name: 'Mac OS X', os.arch: 'x86_64', os.version: '10.16', java.version: '1.8.0_144'
Driver info: org.openqa.selenium.chrome.ChromeDriver
Capabilities {acceptInsecureCerts: false, browserName: chrome, browserVersion: 89.0.4389.114, chrome: {chromedriverVersion: 89.0.4389.23 (61b08ee2c5002..., userDataDir: /var/folders/y7/70y7xh2n095...}, goog:chromeOptions: {debuggerAddress: localhost:57819}, javascriptEnabled: true, networkConnectionEnabled: false, pageLoadStrategy: normal, platform: MAC, platformName: MAC, proxy: Proxy(), setWindowRect: true, strictFileInteractability: false, timeouts: {implicit: 0, pageLoad: 300000, script: 30000}, unhandledPromptBehavior: dismiss and notify, webauthn:extension:largeBlob: true, webauthn:virtualAuthenticators: true}
Session ID: 0369d343a4c4331ad31ad50daaf65cb8
at org.openqa.selenium.remote.http.W3CHttpResponseCodec.createException(W3CHttpResponseCodec.java:187)
at org.openqa.selenium.remote.http.W3CHttpResponseCodec.decode(W3CHttpResponseCodec.java:122)
at org.openqa.selenium.remote.http.W3CHttpResponseCodec.decode(W3CHttpResponseCodec.java:49)
at org.openqa.selenium.remote.HttpCommandExecutor.execute(HttpCommandExecutor.java:158)
at org.openqa.selenium.remote.service.DriverCommandExecutor.execute(DriverCommandExecutor.java:83)
at org.openqa.selenium.remote.RemoteWebDriver.execute(RemoteWebDriver.java:548)
at org.openqa.selenium.remote.RemoteWebDriver.execute(RemoteWebDriver.java:605)
at org.openqa.selenium.remote.RemoteWebDriver.getScreenshotAs(RemoteWebDriver.java:294)
at eqcare.helper.Utility.getScreenshot(Utility.java:77)
at eqcare.pages.BaseClass.tearDownReport(BaseClass.java:87)
at java.util.ArrayList.forEach(ArrayList.java:1249)
... Removed 39 stack frames]]>
    </failure>
  </testcase> <!-- @AfterMethod tearDownReport -->
  <testcase name="@AfterMethod tearDownReport" time="-1.617560130757E9" classname="eqcare.pages.BaseClass">
    <skipped/>
  </testcase> <!-- @AfterMethod tearDownReport -->
  <testcase name="@AfterMethod tearDownReport" time="-1.61756013076E9" classname="eqcare.pages.BaseClass">
    <skipped/>
  </testcase> <!-- @AfterMethod tearDownReport -->
  <testcase name="@AfterMethod tearDownReport" time="-1.617560130761E9" classname="eqcare.pages.BaseClass">
    <skipped/>
  </testcase> <!-- @AfterMethod tearDownReport -->
  <testcase name="@AfterMethod tearDownReport" time="-1.617560130761E9" classname="eqcare.pages.BaseClass">
    <skipped/>
  </testcase> <!-- @AfterMethod tearDownReport -->
  <testcase name="@AfterMethod tearDownReport" time="-1.617560130762E9" classname="eqcare.pages.BaseClass">
    <skipped/>
  </testcase> <!-- @AfterMethod tearDownReport -->
  <testcase name="@AfterMethod tearDownReport" time="-1.617560130765E9" classname="eqcare.pages.BaseClass">
    <skipped/>
  </testcase> <!-- @AfterMethod tearDownReport -->
  <testcase name="@AfterMethod tearDownReport" time="-1.617560130768E9" classname="eqcare.pages.BaseClass">
    <skipped/>
  </testcase> <!-- @AfterMethod tearDownReport -->
  <testcase name="@AfterClass tearDown" time="-1.617560130782E9" classname="eqcare.pages.BaseClass">
    <skipped/>
  </testcase> <!-- @AfterClass tearDown -->
  <testcase name="verifyPage" time="0.15" classname="eqcare.peerjitestcases.TC1_EndToEndScenarios"/>
  <testcase name="loginToApplication" time="22.89" classname="eqcare.peerjitestcases.TC1_EndToEndScenarios">
    <failure type="org.openqa.selenium.TimeoutException" message="Expected condition failed: waiting for element to be clickable: By.xpath: //a[contains(text(), &amp;apos;Logout&amp;apos;)] (tried for 15 second(s) with 500 milliseconds interval)">
      <![CDATA[org.openqa.selenium.TimeoutException: Expected condition failed: waiting for element to be clickable: By.xpath: //a[contains(text(), 'Logout')] (tried for 15 second(s) with 500 milliseconds interval)
at org.openqa.selenium.support.ui.WebDriverWait.timeoutException(WebDriverWait.java:113)
at org.openqa.selenium.support.ui.FluentWait.until(FluentWait.java:283)
at eqcare.helper.Utility.waitForWebElement(Utility.java:112)
at eqcare.pages.LoginPage.verifyUrlAfterLogin(LoginPage.java:84)
at eqcare.peerjitestcases.TC1_EndToEndScenarios.loginToApplication(TC1_EndToEndScenarios.java:72)
at java.util.ArrayList.forEach(ArrayList.java:1249)
Caused by: org.openqa.selenium.NoSuchWindowException: no such window: target window already closed
from unknown error: web view not found
  (Session info: chrome=89.0.4389.114)
Build info: version: '3.14.0', revision: 'aacccce0', time: '2018-08-02T20:19:58.91Z'
System info: host: 'Sarikas-MacBook-Pro.local', ip: 'fe80:0:0:0:4d7:8741:ad49:26a8%en0', os.name: 'Mac OS X', os.arch: 'x86_64', os.version: '10.16', java.version: '1.8.0_144'
Driver info: org.openqa.selenium.chrome.ChromeDriver
Capabilities {acceptInsecureCerts: false, browserName: chrome, browserVersion: 89.0.4389.114, chrome: {chromedriverVersion: 89.0.4389.23 (61b08ee2c5002..., userDataDir: /var/folders/y7/70y7xh2n095...}, goog:chromeOptions: {debuggerAddress: localhost:57819}, javascriptEnabled: true, networkConnectionEnabled: false, pageLoadStrategy: normal, platform: MAC, platformName: MAC, proxy: Proxy(), setWindowRect: true, strictFileInteractability: false, timeouts: {implicit: 0, pageLoad: 300000, script: 30000}, unhandledPromptBehavior: dismiss and notify, webauthn:extension:largeBlob: true, webauthn:virtualAuthenticators: true}
Session ID: 0369d343a4c4331ad31ad50daaf65cb8
*** Element info: {Using=xpath, value=//a[contains(text(), 'Logout')]}
at org.openqa.selenium.remote.http.W3CHttpResponseCodec.createException(W3CHttpResponseCodec.java:187)
at org.openqa.selenium.remote.http.W3CHttpResponseCodec.decode(W3CHttpResponseCodec.java:122)
at org.openqa.selenium.remote.http.W3CHttpResponseCodec.decode(W3CHttpResponseCodec.java:49)
at org.openqa.selenium.remote.HttpCommandExecutor.execute(HttpCommandExecutor.java:158)
at org.openqa.selenium.remote.service.DriverCommandExecutor.execute(DriverCommandExecutor.java:83)
at org.openqa.selenium.remote.RemoteWebDriver.execute(RemoteWebDriver.java:548)
at org.openqa.selenium.remote.RemoteWebDriver.findElements(RemoteWebDriver.java:349)
at org.openqa.selenium.remote.RemoteWebDriver.findElementsByXPath(RemoteWebDriver.java:428)
at org.openqa.selenium.By$ByXPath.findElements(By.java:348)
at org.openqa.selenium.remote.RemoteWebDriver.findElements(RemoteWebDriver.java:310)
at org.openqa.selenium.support.ui.ExpectedConditions.findElement(ExpectedConditions.java:895)
at org.openqa.selenium.support.ui.ExpectedConditions.access$000(ExpectedConditions.java:44)
at org.openqa.selenium.support.ui.ExpectedConditions$7.apply(ExpectedConditions.java:206)
at org.openqa.selenium.support.ui.ExpectedConditions$7.apply(ExpectedConditions.java:202)
at org.openqa.selenium.support.ui.ExpectedConditions$22.apply(ExpectedConditions.java:657)
at org.openqa.selenium.support.ui.ExpectedConditions$22.apply(ExpectedConditions.java:654)
at org.openqa.selenium.support.ui.FluentWait.until(FluentWait.java:260)
... 35 more
... Removed 34 stack frames]]>
    </failure>
  </testcase> <!-- loginToApplication -->
  <testcase name="editPersonalInformation" time="0.0" classname="eqcare.peerjitestcases.TC1_EndToEndScenarios">
    <skipped/>
  </testcase> <!-- editPersonalInformation -->
  <testcase name="editAccountInformation" time="0.0" classname="eqcare.peerjitestcases.TC1_EndToEndScenarios">
    <skipped/>
  </testcase> <!-- editAccountInformation -->
  <testcase name="uploadProfilePic" time="0.0" classname="eqcare.peerjitestcases.TC1_EndToEndScenarios">
    <skipped/>
  </testcase> <!-- uploadProfilePic -->
  <testcase name="uploadGovernmentID" time="0.0" classname="eqcare.peerjitestcases.TC1_EndToEndScenarios">
    <skipped/>
  </testcase> <!-- uploadGovernmentID -->
  <testcase name="familyTab" time="0.0" classname="eqcare.peerjitestcases.TC1_EndToEndScenarios">
    <skipped/>
  </testcase> <!-- familyTab -->
  <testcase name="addChild" time="0.0" classname="eqcare.peerjitestcases.TC1_EndToEndScenarios">
    <skipped/>
  </testcase> <!-- addChild -->
  <testcase name="deleteChild" time="0.0" classname="eqcare.peerjitestcases.TC1_EndToEndScenarios">
    <skipped/>
  </testcase> <!-- deleteChild -->
  <testcase name="startVideoConsultation" time="0.0" classname="eqcare.peerjitestcases.TC1_EndToEndScenarios">
    <skipped/>
  </testcase> <!-- startVideoConsultation -->
  <testcase name="deviceCheck" time="0.0" classname="eqcare.peerjitestcases.TC1_EndToEndScenarios">
    <skipped/>
  </testcase> <!-- deviceCheck -->
  <testcase name="fillIntakeFormWithAllFields" time="0.0" classname="eqcare.peerjitestcases.TC1_EndToEndScenarios">
    <skipped/>
  </testcase> <!-- fillIntakeFormWithAllFields -->
  <testcase name="endVisit" time="0.0" classname="eqcare.peerjitestcases.TC1_EndToEndScenarios">
    <skipped/>
  </testcase> <!-- endVisit -->
  <testcase name="feedback" time="0.0" classname="eqcare.peerjitestcases.TC1_EndToEndScenarios">
    <skipped/>
  </testcase> <!-- feedback -->
  <testcase name="help" time="0.0" classname="eqcare.peerjitestcases.TC1_EndToEndScenarios">
    <skipped/>
  </testcase> <!-- help -->
  <testcase name="inbox" time="0.0" classname="eqcare.peerjitestcases.TC1_EndToEndScenarios">
    <skipped/>
  </testcase> <!-- inbox -->
  <testcase name="chooseProfile" time="0.0" classname="eqcare.peerjitestcases.TC1_EndToEndScenarios">
    <ignored/>
  </testcase> <!-- chooseProfile -->
</testsuite> <!-- Test -->
