<?xml version="1.0" encoding="UTF-8"?>
<!-- Generated by org.testng.reporters.JUnitXMLReporter -->
<testsuite ignored="5" hostname="EQ-MAC-25.local" failures="0" tests="11" name="Test" time="160.724" errors="0" timestamp="2021-07-22T21:41:00 EDT">
  <testcase classname="eqcare.peerjitestcases.copy.TC1_HRANewScenarios" name="verifyPage" time="15.47"/>
  <testcase classname="eqcare.peerjitestcases.copy.TC1_HRANewScenarios" name="verifyHRAIntroPage" time="3.451"/>
  <testcase classname="eqcare.peerjitestcases.copy.TC1_HRANewScenarios" name="verifyPhysicalQues1" time="5.244"/>
  <testcase classname="eqcare.peerjitestcases.copy.TC1_HRANewScenarios" name="verifyPhysicalQues2" time="5.093"/>
  <testcase classname="eqcare.peerjitestcases.copy.TC1_HRANewScenarios" name="verifyPhysicalQues3" time="9.708"/>
  <testcase classname="eqcare.peerjitestcases.copy.TC1_HRANewScenarios" name="verifyLifeStyleQuesSleep1" time="2.391"/>
  <testcase classname="eqcare.peerjitestcases.copy.TC1_HRANewScenarios" name="verifyLifeStyleQuesSmoking2" time="22.065"/>
  <testcase classname="eqcare.peerjitestcases.copy.TC1_HRANewScenarios" name="verifyLifeStyleQuesDrinking1" time="11.186"/>
  <testcase classname="eqcare.peerjitestcases.copy.TC1_HRANewScenarios" name="verifyLifeStyleQuesStressHappiness1" time="12.291"/>
  <testcase classname="eqcare.peerjitestcases.copy.TC1_HRANewScenarios" name="verifyMedical" time="25.872"/>
  <testcase classname="eqcare.peerjitestcases.copy.TC1_HRANewScenarios" name="verifyHRACompletition" time="27.237"/>
  <testcase classname="eqcare.peerjitestcases.copy.TC1_HRANewScenarios" name="verifyEQMedicalClinic" time="0.0">
    <ignored/>
  </testcase> <!-- verifyEQMedicalClinic -->
  <testcase classname="eqcare.peerjitestcases.copy.TC1_HRANewScenarios" name="verifyStartLifeJourneyYesButton" time="0.0">
    <ignored/>
  </testcase> <!-- verifyStartLifeJourneyYesButton -->
  <testcase classname="eqcare.peerjitestcases.copy.TC1_HRANewScenarios" name="verifyflowerInformation" time="0.0">
    <ignored/>
  </testcase> <!-- verifyflowerInformation -->
  <testcase classname="eqcare.peerjitestcases.copy.TC1_HRANewScenarios" name="verifyHRAPhysicalIntakeForms" time="0.0">
    <ignored/>
  </testcase> <!-- verifyHRAPhysicalIntakeForms -->
  <testcase classname="eqcare.peerjitestcases.copy.TC1_HRANewScenarios" name="verifyHRAPages" time="0.0">
    <ignored/>
  </testcase> <!-- verifyHRAPages -->
</testsuite> <!-- Test -->
