<?xml version="1.0" encoding="UTF-8"?>
<testng-results ignored="5" total="16" passed="11" failed="0" skipped="0">
  <reporter-output>
  </reporter-output>
  <suite started-at="2021-07-22T21:38:19 EDT" name="Suite" finished-at="2021-07-22T21:40:59 EDT" duration-ms="160724">
    <groups>
    </groups>
    <test started-at="2021-07-22T21:38:19 EDT" name="Test" finished-at="2021-07-22T21:40:59 EDT" duration-ms="160724">
      <class name="eqcare.peerjitestcases.copy.TC1_HRANewScenarios">
        <test-method is-config="true" signature="setUp(java.lang.String, java.lang.String, java.lang.String, java.lang.String, java.lang.String)[pri:0, instance:eqcare.peerjitestcases.copy.TC1_HRANewScenarios@10163d6]" started-at="2021-07-22T21:38:19 EDT" name="setUp" finished-at="2021-07-22T21:38:38 EDT" duration-ms="19180" status="PASS">
          <params>
            <param index="0">
              <value>
                <![CDATA[Chrome]]>
              </value>
            </param>
            <param index="1">
              <value>
                <![CDATA[https://patient.eqserviceqa1.eqcaredev.com/login]]>
              </value>
            </param>
            <param index="2">
              <value>
                <![CDATA[eq]]>
              </value>
            </param>
            <param index="3">
              <value>
                <![CDATA[]]>
              </value>
            </param>
            <param index="4">
              <value>
                <![CDATA[]]>
              </value>
            </param>
          </params>
          <reporter-output>
          </reporter-output>
        </test-method> <!-- setUp -->
        <test-method signature="verifyPage(java.lang.String, java.lang.String)[pri:1, instance:eqcare.peerjitestcases.copy.TC1_HRANewScenarios@10163d6]" started-at="2021-07-22T21:38:38 EDT" name="verifyPage" finished-at="2021-07-22T21:38:53 EDT" duration-ms="15470" status="PASS">
          <params>
            <param index="0">
              <value>
                <![CDATA[sdhall@eqcare.com]]>
              </value>
            </param>
            <param index="1">
              <value>
                <![CDATA[secret]]>
              </value>
            </param>
          </params>
          <reporter-output>
          </reporter-output>
        </test-method> <!-- verifyPage -->
        <test-method signature="verifyHRAIntroPage()[pri:2, instance:eqcare.peerjitestcases.copy.TC1_HRANewScenarios@10163d6]" started-at="2021-07-22T21:38:53 EDT" name="verifyHRAIntroPage" finished-at="2021-07-22T21:38:57 EDT" depends-on-methods="eqcare.peerjitestcases.copy.TC1_HRANewScenarios.verifyPage" duration-ms="3451" status="PASS">
          <reporter-output>
          </reporter-output>
        </test-method> <!-- verifyHRAIntroPage -->
        <test-method signature="verifyPhysicalQues1()[pri:3, instance:eqcare.peerjitestcases.copy.TC1_HRANewScenarios@10163d6]" started-at="2021-07-22T21:38:57 EDT" name="verifyPhysicalQues1" finished-at="2021-07-22T21:39:02 EDT" depends-on-methods="eqcare.peerjitestcases.copy.TC1_HRANewScenarios.verifyHRAIntroPage" duration-ms="5244" status="PASS">
          <reporter-output>
          </reporter-output>
        </test-method> <!-- verifyPhysicalQues1 -->
        <test-method signature="verifyPhysicalQues2()[pri:4, instance:eqcare.peerjitestcases.copy.TC1_HRANewScenarios@10163d6]" started-at="2021-07-22T21:39:02 EDT" name="verifyPhysicalQues2" finished-at="2021-07-22T21:39:07 EDT" depends-on-methods="eqcare.peerjitestcases.copy.TC1_HRANewScenarios.verifyPhysicalQues1" duration-ms="5093" status="PASS">
          <reporter-output>
          </reporter-output>
        </test-method> <!-- verifyPhysicalQues2 -->
        <test-method signature="verifyPhysicalQues3()[pri:5, instance:eqcare.peerjitestcases.copy.TC1_HRANewScenarios@10163d6]" started-at="2021-07-22T21:39:07 EDT" name="verifyPhysicalQues3" finished-at="2021-07-22T21:39:17 EDT" depends-on-methods="eqcare.peerjitestcases.copy.TC1_HRANewScenarios.verifyPhysicalQues2" duration-ms="9708" status="PASS">
          <reporter-output>
          </reporter-output>
        </test-method> <!-- verifyPhysicalQues3 -->
        <test-method signature="verifyLifeStyleQuesSleep1()[pri:6, instance:eqcare.peerjitestcases.copy.TC1_HRANewScenarios@10163d6]" started-at="2021-07-22T21:39:17 EDT" name="verifyLifeStyleQuesSleep1" finished-at="2021-07-22T21:39:19 EDT" depends-on-methods="eqcare.peerjitestcases.copy.TC1_HRANewScenarios.verifyPhysicalQues3" duration-ms="2391" status="PASS">
          <reporter-output>
          </reporter-output>
        </test-method> <!-- verifyLifeStyleQuesSleep1 -->
        <test-method signature="verifyLifeStyleQuesSmoking2()[pri:7, instance:eqcare.peerjitestcases.copy.TC1_HRANewScenarios@10163d6]" started-at="2021-07-22T21:39:19 EDT" name="verifyLifeStyleQuesSmoking2" finished-at="2021-07-22T21:39:41 EDT" depends-on-methods="eqcare.peerjitestcases.copy.TC1_HRANewScenarios.verifyLifeStyleQuesSleep1" duration-ms="22065" status="PASS">
          <reporter-output>
          </reporter-output>
        </test-method> <!-- verifyLifeStyleQuesSmoking2 -->
        <test-method signature="verifyLifeStyleQuesDrinking1()[pri:8, instance:eqcare.peerjitestcases.copy.TC1_HRANewScenarios@10163d6]" started-at="2021-07-22T21:39:41 EDT" name="verifyLifeStyleQuesDrinking1" finished-at="2021-07-22T21:39:53 EDT" depends-on-methods="eqcare.peerjitestcases.copy.TC1_HRANewScenarios.verifyLifeStyleQuesSmoking2" duration-ms="11186" status="PASS">
          <reporter-output>
          </reporter-output>
        </test-method> <!-- verifyLifeStyleQuesDrinking1 -->
        <test-method signature="verifyLifeStyleQuesStressHappiness1()[pri:9, instance:eqcare.peerjitestcases.copy.TC1_HRANewScenarios@10163d6]" started-at="2021-07-22T21:39:53 EDT" name="verifyLifeStyleQuesStressHappiness1" finished-at="2021-07-22T21:40:05 EDT" depends-on-methods="eqcare.peerjitestcases.copy.TC1_HRANewScenarios.verifyLifeStyleQuesDrinking1" duration-ms="12291" status="PASS">
          <reporter-output>
          </reporter-output>
        </test-method> <!-- verifyLifeStyleQuesStressHappiness1 -->
        <test-method signature="verifyMedical()[pri:10, instance:eqcare.peerjitestcases.copy.TC1_HRANewScenarios@10163d6]" started-at="2021-07-22T21:40:05 EDT" name="verifyMedical" finished-at="2021-07-22T21:40:31 EDT" depends-on-methods="eqcare.peerjitestcases.copy.TC1_HRANewScenarios.verifyLifeStyleQuesStressHappiness1" duration-ms="25872" status="PASS">
          <reporter-output>
          </reporter-output>
        </test-method> <!-- verifyMedical -->
        <test-method signature="verifyHRACompletition()[pri:11, instance:eqcare.peerjitestcases.copy.TC1_HRANewScenarios@10163d6]" started-at="2021-07-22T21:40:31 EDT" name="verifyHRACompletition" finished-at="2021-07-22T21:40:58 EDT" depends-on-methods="eqcare.peerjitestcases.copy.TC1_HRANewScenarios.verifyLifeStyleQuesStressHappiness1" duration-ms="27237" status="PASS">
          <reporter-output>
          </reporter-output>
        </test-method> <!-- verifyHRACompletition -->
        <test-method is-config="true" signature="tearDown(java.lang.String, java.lang.String, java.lang.String, java.lang.String, java.lang.String)[pri:0, instance:eqcare.peerjitestcases.copy.TC1_HRANewScenarios@10163d6]" started-at="2021-07-22T21:40:58 EDT" name="tearDown" finished-at="2021-07-22T21:40:59 EDT" duration-ms="1455" status="PASS">
          <params>
            <param index="0">
              <value>
                <![CDATA[Chrome]]>
              </value>
            </param>
            <param index="1">
              <value>
                <![CDATA[https://patient.eqserviceqa1.eqcaredev.com/login]]>
              </value>
            </param>
            <param index="2">
              <value>
                <![CDATA[eq]]>
              </value>
            </param>
            <param index="3">
              <value>
                <![CDATA[]]>
              </value>
            </param>
            <param index="4">
              <value>
                <![CDATA[]]>
              </value>
            </param>
          </params>
          <reporter-output>
          </reporter-output>
        </test-method> <!-- tearDown -->
      </class> <!-- eqcare.peerjitestcases.copy.TC1_HRANewScenarios -->
    </test> <!-- Test -->
  </suite> <!-- Suite -->
</testng-results>
