<?xml version="1.0" encoding="UTF-8"?>
<testsuite xmlns:xsi="http://www.w3.org/2001/XMLSchema-instance" xsi:noNamespaceSchemaLocation="https://maven.apache.org/surefire/maven-surefire-plugin/xsd/surefire-test-report-3.0.xsd" version="3.0" name="TestSuite" time="56.201" tests="12" errors="0" skipped="10" failures="2">
  <properties>
[...]
</properties>
  <testcase name="verifyPage" classname="eqcare.peerjitestcases.copy.TC1_HRANewScenarios" time="32.668">
    <failure message="Expected condition failed: waiting for element to be clickable: By.xpath: //a[contains(text(), &apos;Logout&apos;)] (tried for 15 second(s) with 500 milliseconds interval)" type="org.openqa.selenium.TimeoutException"><![CDATA[org.openqa.selenium.TimeoutException: Expected condition failed: waiting for element to be clickable: By.xpath: //a[contains(text(), 'Logout')] (tried for 15 second(s) with 500 milliseconds interval)
	at eqcare.peerjitestcases.copy.TC1_HRANewScenarios.verifyPage(TC1_HRANewScenarios.java:39)
Caused by: org.openqa.selenium.NoSuchElementException: 
Cannot locate an element using By.xpath: //a[contains(text(), 'Logout')]
For documentation on this error, please visit: http://seleniumhq.org/exceptions/no_such_element.html
Build info: version: '3.14.0', revision: 'aacccce0', time: '2018-08-02T20:19:58.91Z'
System info: host: 'EQ-MAC-25.local', ip: 'fe80:0:0:0:10ad:563f:ab85:ddc1%en0', os.name: 'Mac OS X', os.arch: 'x86_64', os.version: '10.16', java.version: '14.0.2'
Driver info: driver.version: unknown
	at eqcare.peerjitestcases.copy.TC1_HRANewScenarios.verifyPage(TC1_HRANewScenarios.java:39)
]]></failure>
    <system-out><![CDATA[Log:INFO- Report is getting setup
Log:INFO- Report setup ready
Log:INFO- Setting up Browser and Application
Log:INFO- Driver Value- FirefoxDriver: firefox on MAC (4e0e0b44-3e52-5b4b-a4ec-dfd16199be3e)
Log:INFO- Driver Value- null
Log:INFO- Driver Value- null
Log:INFO- Driver Value- null
Log:INFO- Browser and application is ready
executing request https://api.practitest.com/api/v2/projects/13295/runs.json
SUCCESS: {"data":{"id":"55960688","type":"runs","attributes":{"project-id":13295,"status":"FAILED","tester-id":null,"instance-id":31383036,"preconditions":null,"version":null,"test-id":5681266,"run-type":"AutomatedRun","custom-fields":{},"automated-execution-output":null,"automated-type":"API","run-duration":null,"created-at":"2021-08-07T17:36:53Z","updated-at":"2021-08-07T17:36:53Z"}}}
----------------------------------------
]]></system-out>
    <system-err><![CDATA[1628357762696	geckodriver	INFO	Listening on 127.0.0.1:3467
1628357763597	mozrunner::runner	INFO	Running command: "/Applications/Firefox.app/Contents/MacOS/firefox-bin" "--marionette" "-foreground" "-no-remote" "-profile" "/var/folders/l9/4pwqxcnj26bcf95btzx4z7rm0000gp/T/rust_mozprofilePadRC3"
1628357764327	Marionette	INFO	Marionette enabled
2021-08-07 13:36:05.193 firefox-bin[18036:87208] Warning: Expected min height of view: (<NSButton: 0x128b81000>) to be less than or equal to 30 but got a height of 32.000000. This error will be logged once per view in violation.
2021-08-07 13:36:05.194 firefox-bin[18036:87208] Warning: Expected min height of view: (<NSButton: 0x134f7c800>) to be less than or equal to 30 but got a height of 32.000000. This error will be logged once per view in violation.
2021-08-07 13:36:05.195 firefox-bin[18036:87208] Warning: Expected min height of view: (<NSButton: 0x134f7f800>) to be less than or equal to 30 but got a height of 32.000000. This error will be logged once per view in violation.
2021-08-07 13:36:05.196 firefox-bin[18036:87208] Warning: Expected min height of view: (<NSButton: 0x134f83c00>) to be less than or equal to 30 but got a height of 32.000000. This error will be logged once per view in violation.
2021-08-07 13:36:05.197 firefox-bin[18036:87208] Warning: Expected min height of view: (<NSButton: 0x134f7e800>) to be less than or equal to 30 but got a height of 32.000000. This error will be logged once per view in violation.
2021-08-07 13:36:05.198 firefox-bin[18036:87208] Warning: Expected min height of view: (<NSPopoverTouchBarItemButton: 0x134f7ec00>) to be less than or equal to 30 but got a height of 32.000000. This error will be logged once per view in violation.
2021-08-07 13:36:05.199 firefox-bin[18036:87208] Warning: Expected min height of view: (<NSPopoverTouchBarItemButton: 0x135148000>) to be less than or equal to 30 but got a height of 32.000000. This error will be logged once per view in violation.
console.warn: SearchSettings: "get: No settings file exists, new profile?" (new NotFoundError("Could not open the file at /var/folders/l9/4pwqxcnj26bcf95btzx4z7rm0000gp/T/rust_mozprofilePadRC3/search.json.mozlz4", (void 0)))
console.error: BackgroundUpdate: 
  _reasonsToNotScheduleUpdates: Failed to check for Maintenance Service Registry Key: [Exception... "Component returned failure code: 0x80004001 (NS_ERROR_NOT_IMPLEMENTED) [nsIUpdateProcessor.getServiceRegKeyExists]"  nsresult: "0x80004001 (NS_ERROR_NOT_IMPLEMENTED)"  location: "JS frame :: resource://gre/modules/BackgroundUpdate.jsm :: _reasonsToNotScheduleUpdates :: line 243"  data: no]
1628357766471	Marionette	INFO	Listening on port 59389
1628357766596	Marionette	WARN	TLS certificate errors will be ignored for this session
Aug. 07, 2021 1:36:06 P.M. org.openqa.selenium.remote.ProtocolHandshake createSession
INFO: Detected dialect: W3C
SLF4J: Failed to load class "org.slf4j.impl.StaticLoggerBinder".
SLF4J: Defaulting to no-operation (NOP) logger implementation
SLF4J: See http://www.slf4j.org/codes.html#StaticLoggerBinder for further details.
]]></system-err>
  </testcase>
  <testcase name="verifyHRAIntroPage" classname="eqcare.peerjitestcases.copy.TC1_HRANewScenarios" time="0">
    <skipped message="Method TC1_HRANewScenarios.verifyHRAIntroPage()[pri:2, instance:eqcare.peerjitestcases.copy.TC1_HRANewScenarios@10163d6] depends on not successfully finished methods"/>
  </testcase>
  <testcase name="verifyPhysicalQues1" classname="eqcare.peerjitestcases.copy.TC1_HRANewScenarios" time="0">
    <skipped message="Method TC1_HRANewScenarios.verifyPhysicalQues1()[pri:3, instance:eqcare.peerjitestcases.copy.TC1_HRANewScenarios@10163d6] depends on not successfully finished methods"/>
  </testcase>
  <testcase name="verifyPhysicalQues2" classname="eqcare.peerjitestcases.copy.TC1_HRANewScenarios" time="0">
    <skipped message="Method TC1_HRANewScenarios.verifyPhysicalQues2()[pri:4, instance:eqcare.peerjitestcases.copy.TC1_HRANewScenarios@10163d6] depends on not successfully finished methods"/>
  </testcase>
  <testcase name="verifyPhysicalQues3" classname="eqcare.peerjitestcases.copy.TC1_HRANewScenarios" time="0">
    <skipped message="Method TC1_HRANewScenarios.verifyPhysicalQues3()[pri:5, instance:eqcare.peerjitestcases.copy.TC1_HRANewScenarios@10163d6] depends on not successfully finished methods"/>
  </testcase>
  <testcase name="verifyLifeStyleQuesSleep1" classname="eqcare.peerjitestcases.copy.TC1_HRANewScenarios" time="0">
    <skipped message="Method TC1_HRANewScenarios.verifyLifeStyleQuesSleep1()[pri:6, instance:eqcare.peerjitestcases.copy.TC1_HRANewScenarios@10163d6] depends on not successfully finished methods"/>
  </testcase>
  <testcase name="verifyLifeStyleQuesSmoking2" classname="eqcare.peerjitestcases.copy.TC1_HRANewScenarios" time="0">
    <skipped message="Method TC1_HRANewScenarios.verifyLifeStyleQuesSmoking2()[pri:7, instance:eqcare.peerjitestcases.copy.TC1_HRANewScenarios@10163d6] depends on not successfully finished methods"/>
  </testcase>
  <testcase name="verifyLifeStyleQuesDrinking1" classname="eqcare.peerjitestcases.copy.TC1_HRANewScenarios" time="0">
    <skipped message="Method TC1_HRANewScenarios.verifyLifeStyleQuesDrinking1()[pri:8, instance:eqcare.peerjitestcases.copy.TC1_HRANewScenarios@10163d6] depends on not successfully finished methods"/>
  </testcase>
  <testcase name="verifyLifeStyleQuesStressHappiness1" classname="eqcare.peerjitestcases.copy.TC1_HRANewScenarios" time="0">
    <skipped message="Method TC1_HRANewScenarios.verifyLifeStyleQuesStressHappiness1()[pri:9, instance:eqcare.peerjitestcases.copy.TC1_HRANewScenarios@10163d6] depends on not successfully finished methods"/>
  </testcase>
  <testcase name="verifyMedical" classname="eqcare.peerjitestcases.copy.TC1_HRANewScenarios" time="0">
    <skipped message="Method TC1_HRANewScenarios.verifyMedical()[pri:10, instance:eqcare.peerjitestcases.copy.TC1_HRANewScenarios@10163d6] depends on not successfully finished methods"/>
  </testcase>
  <testcase name="verifyHRACompletition" classname="eqcare.peerjitestcases.copy.TC1_HRANewScenarios" time="0">
    <skipped message="Method TC1_HRANewScenarios.verifyHRACompletition()[pri:11, instance:eqcare.peerjitestcases.copy.TC1_HRANewScenarios@10163d6] depends on not successfully finished methods"/>
  </testcase>
  <testcase name="tearDown" classname="eqcare.peerjitestcases.copy.TC1_HRANewScenarios" time="0.558">
    <failure message="Tried to run command without establishing a connection&#10;Build info: version: &apos;3.14.0&apos;, revision: &apos;aacccce0&apos;, time: &apos;2018-08-02T20:19:58.91Z&apos;&#10;System info: host: &apos;EQ-MAC-25.local&apos;, ip: &apos;fe80:0:0:0:10ad:563f:ab85:ddc1%en0&apos;, os.name: &apos;Mac OS X&apos;, os.arch: &apos;x86_64&apos;, os.version: &apos;10.16&apos;, java.version: &apos;14.0.2&apos;&#10;Driver info: org.openqa.selenium.firefox.FirefoxDriver&#10;Capabilities {acceptInsecureCerts: true, browserName: firefox, browserVersion: 90.0.2, javascriptEnabled: true, moz:accessibilityChecks: false, moz:buildID: 20210721174149, moz:geckodriverVersion: 0.29.1, moz:headless: false, moz:processID: 18036, moz:profile: /var/folders/l9/4pwqxcnj26b..., moz:shutdownTimeout: 60000, moz:useNonSpecCompliantPointerOrigin: false, moz:webdriverClick: true, pageLoadStrategy: normal, platform: MAC, platformName: MAC, platformVersion: 20.4.0, proxy: Proxy(), setWindowRect: true, strictFileInteractability: false, timeouts: {implicit: 0, pageLoad: 300000, script: 30000}, unhandledPromptBehavior: dismiss and notify}&#10;Session ID: 4e0e0b44-3e52-5b4b-a4ec-dfd16199be3e" type="org.openqa.selenium.NoSuchSessionException"><![CDATA[org.openqa.selenium.NoSuchSessionException: 
Tried to run command without establishing a connection
Build info: version: '3.14.0', revision: 'aacccce0', time: '2018-08-02T20:19:58.91Z'
System info: host: 'EQ-MAC-25.local', ip: 'fe80:0:0:0:10ad:563f:ab85:ddc1%en0', os.name: 'Mac OS X', os.arch: 'x86_64', os.version: '10.16', java.version: '14.0.2'
Driver info: org.openqa.selenium.firefox.FirefoxDriver
Capabilities {acceptInsecureCerts: true, browserName: firefox, browserVersion: 90.0.2, javascriptEnabled: true, moz:accessibilityChecks: false, moz:buildID: 20210721174149, moz:geckodriverVersion: 0.29.1, moz:headless: false, moz:processID: 18036, moz:profile: /var/folders/l9/4pwqxcnj26b..., moz:shutdownTimeout: 60000, moz:useNonSpecCompliantPointerOrigin: false, moz:webdriverClick: true, pageLoadStrategy: normal, platform: MAC, platformName: MAC, platformVersion: 20.4.0, proxy: Proxy(), setWindowRect: true, strictFileInteractability: false, timeouts: {implicit: 0, pageLoad: 300000, script: 30000}, unhandledPromptBehavior: dismiss and notify}
Session ID: 4e0e0b44-3e52-5b4b-a4ec-dfd16199be3e
]]></failure>
    <system-out><![CDATA[Log:INFO- Terminating browser
]]></system-out>
    <system-err><![CDATA[1628357813561	Marionette	INFO	Stopped listening on port 59389

###!!! [Parent][RunMessage] Error: Channel closing: too late to send/recv, messages will be lost

]]></system-err>
  </testcase>
</testsuite>