<?xml version="1.0" encoding="UTF-8"?>
<testng-results ignored="1" total="17" passed="15" failed="1" skipped="0">
  <reporter-output>
  </reporter-output>
  <suite started-at="2021-06-25T14:12:53 EDT" name="Suite" finished-at="2021-06-25T14:15:23 EDT" duration-ms="150493">
    <groups>
    </groups>
    <test started-at="2021-06-25T14:12:53 EDT" name="Test" finished-at="2021-06-25T14:15:23 EDT" duration-ms="150493">
      <class name="eqcare.peerjitestcases.TC1_EndToEndScenarios">
        <test-method is-config="true" signature="setupReport()[pri:0, instance:eqcare.peerjitestcases.TC1_EndToEndScenarios@1a4013]" started-at="2021-06-25T14:12:53 EDT" name="setupReport" finished-at="2021-06-25T14:12:53 EDT" duration-ms="8" status="PASS">
          <reporter-output>
          </reporter-output>
        </test-method> <!-- setupReport -->
        <test-method is-config="true" signature="setUp(java.lang.String, java.lang.String, java.lang.String)[pri:0, instance:eqcare.peerjitestcases.TC1_EndToEndScenarios@1a4013]" started-at="2021-06-25T14:12:53 EDT" name="setUp" finished-at="2021-06-25T14:13:17 EDT" duration-ms="24577" status="PASS">
          <params>
            <param index="0">
              <value>
                <![CDATA[Chrome]]>
              </value>
            </param>
            <param index="1">
              <value>
                <![CDATA[https://patient.eqserviceqa2.eqcaredev.com/login]]>
              </value>
            </param>
            <param index="2">
              <value>
                <![CDATA[eq]]>
              </value>
            </param>
          </params>
          <reporter-output>
          </reporter-output>
        </test-method> <!-- setUp -->
        <test-method signature="verifyPage()[pri:0, instance:eqcare.peerjitestcases.TC1_EndToEndScenarios@1a4013]" started-at="2021-06-25T14:13:17 EDT" name="verifyPage" finished-at="2021-06-25T14:13:17 EDT" duration-ms="49" status="PASS">
          <reporter-output>
          </reporter-output>
        </test-method> <!-- verifyPage -->
        <test-method is-config="true" signature="tearDownReport(org.testng.ITestResult)[pri:0, instance:eqcare.peerjitestcases.TC1_EndToEndScenarios@1a4013]" started-at="2021-06-25T14:13:17 EDT" name="tearDownReport" finished-at="2021-06-25T14:13:18 EDT" duration-ms="374" status="PASS">
          <params>
            <param index="0">
              <value>
                <![CDATA[[TestResult name=verifyPage status=SUCCESS method=TC1_EndToEndScenarios.verifyPage()[pri:0, instance:eqcare.peerjitestcases.TC1_EndToEndScenarios@1a4013] output={null}]]]>
              </value>
            </param>
          </params>
          <reporter-output>
          </reporter-output>
        </test-method> <!-- tearDownReport -->
        <test-method signature="loginToApplication(java.lang.String, java.lang.String)[pri:1, instance:eqcare.peerjitestcases.TC1_EndToEndScenarios@1a4013]" started-at="2021-06-25T14:13:18 EDT" name="loginToApplication" finished-at="2021-06-25T14:13:33 EDT" depends-on-methods="eqcare.peerjitestcases.TC1_EndToEndScenarios.verifyPage" duration-ms="15422" status="PASS">
          <params>
            <param index="0">
              <value>
                <![CDATA[patient@eqcare.com]]>
              </value>
            </param>
            <param index="1">
              <value>
                <![CDATA[secret]]>
              </value>
            </param>
          </params>
          <reporter-output>
          </reporter-output>
        </test-method> <!-- loginToApplication -->
        <test-method is-config="true" signature="tearDownReport(org.testng.ITestResult)[pri:0, instance:eqcare.peerjitestcases.TC1_EndToEndScenarios@1a4013]" started-at="2021-06-25T14:13:33 EDT" name="tearDownReport" finished-at="2021-06-25T14:13:33 EDT" duration-ms="21" status="PASS">
          <params>
            <param index="0">
              <value>
                <![CDATA[[TestResult name=loginToApplication status=SUCCESS method=TC1_EndToEndScenarios.loginToApplication(java.lang.String, java.lang.String)[pri:1, instance:eqcare.peerjitestcases.TC1_EndToEndScenarios@1a4013] output={null}]]]>
              </value>
            </param>
          </params>
          <reporter-output>
          </reporter-output>
        </test-method> <!-- tearDownReport -->
        <test-method signature="editPersonalInformation()[pri:2, instance:eqcare.peerjitestcases.TC1_EndToEndScenarios@1a4013]" started-at="2021-06-25T14:13:33 EDT" name="editPersonalInformation" finished-at="2021-06-25T14:13:46 EDT" depends-on-methods="eqcare.peerjitestcases.TC1_EndToEndScenarios.loginToApplication" duration-ms="12802" status="PASS">
          <reporter-output>
          </reporter-output>
        </test-method> <!-- editPersonalInformation -->
        <test-method is-config="true" signature="tearDownReport(org.testng.ITestResult)[pri:0, instance:eqcare.peerjitestcases.TC1_EndToEndScenarios@1a4013]" started-at="2021-06-25T14:13:46 EDT" name="tearDownReport" finished-at="2021-06-25T14:13:46 EDT" duration-ms="23" status="PASS">
          <params>
            <param index="0">
              <value>
                <![CDATA[[TestResult name=editPersonalInformation status=SUCCESS method=TC1_EndToEndScenarios.editPersonalInformation()[pri:2, instance:eqcare.peerjitestcases.TC1_EndToEndScenarios@1a4013] output={null}]]]>
              </value>
            </param>
          </params>
          <reporter-output>
          </reporter-output>
        </test-method> <!-- tearDownReport -->
        <test-method signature="editAccountInformation()[pri:3, instance:eqcare.peerjitestcases.TC1_EndToEndScenarios@1a4013]" started-at="2021-06-25T14:13:46 EDT" name="editAccountInformation" finished-at="2021-06-25T14:14:12 EDT" depends-on-methods="eqcare.peerjitestcases.TC1_EndToEndScenarios.loginToApplication" duration-ms="25668" status="FAIL">
          <exception class="org.openqa.selenium.TimeoutException">
            <message>
              <![CDATA[Expected condition failed: waiting for element to be clickable: By.xpath: (//a[text()=' Edit '])[2] (tried for 15 second(s) with 500 milliseconds interval)]]>
            </message>
            <full-stacktrace>
              <![CDATA[org.openqa.selenium.TimeoutException: Expected condition failed: waiting for element to be clickable: By.xpath: (//a[text()=' Edit '])[2] (tried for 15 second(s) with 500 milliseconds interval)
at org.openqa.selenium.support.ui.WebDriverWait.timeoutException(WebDriverWait.java:113)
at org.openqa.selenium.support.ui.FluentWait.until(FluentWait.java:283)
at eqcare.helper.Utility.waitForWebElement(Utility.java:112)
at eqcare.pages.AccountPage.editUserAccountInfo(AccountPage.java:283)
at eqcare.peerjitestcases.TC1_EndToEndScenarios.editAccountInformation(TC1_EndToEndScenarios.java:107)
at java.base/jdk.internal.reflect.NativeMethodAccessorImpl.invoke0(Native Method)
at java.base/jdk.internal.reflect.NativeMethodAccessorImpl.invoke(NativeMethodAccessorImpl.java:62)
at java.base/jdk.internal.reflect.DelegatingMethodAccessorImpl.invoke(DelegatingMethodAccessorImpl.java:43)
at java.base/java.lang.reflect.Method.invoke(Method.java:564)
at org.testng.internal.MethodInvocationHelper.invokeMethod(MethodInvocationHelper.java:134)
at org.testng.internal.TestInvoker.invokeMethod(TestInvoker.java:597)
at org.testng.internal.TestInvoker.invokeTestMethod(TestInvoker.java:173)
at org.testng.internal.MethodRunner.runInSequence(MethodRunner.java:46)
at org.testng.internal.TestInvoker$MethodInvocationAgent.invoke(TestInvoker.java:816)
at org.testng.internal.TestInvoker.invokeTestMethods(TestInvoker.java:146)
at org.testng.internal.TestMethodWorker.invokeTestMethods(TestMethodWorker.java:146)
at org.testng.internal.TestMethodWorker.run(TestMethodWorker.java:128)
at java.base/java.util.ArrayList.forEach(ArrayList.java:1511)
at org.testng.TestRunner.privateRun(TestRunner.java:766)
at org.testng.TestRunner.run(TestRunner.java:587)
at org.testng.SuiteRunner.runTest(SuiteRunner.java:384)
at org.testng.SuiteRunner.runSequentially(SuiteRunner.java:378)
at org.testng.SuiteRunner.privateRun(SuiteRunner.java:337)
at org.testng.SuiteRunner.run(SuiteRunner.java:286)
at org.testng.SuiteRunnerWorker.runSuite(SuiteRunnerWorker.java:53)
at org.testng.SuiteRunnerWorker.run(SuiteRunnerWorker.java:96)
at org.testng.TestNG.runSuitesSequentially(TestNG.java:1187)
at org.testng.TestNG.runSuitesLocally(TestNG.java:1109)
at org.testng.TestNG.runSuites(TestNG.java:1039)
at org.testng.TestNG.run(TestNG.java:1007)
at org.apache.maven.surefire.testng.TestNGExecutor.run(TestNGExecutor.java:283)
at org.apache.maven.surefire.testng.TestNGXmlTestSuite.execute(TestNGXmlTestSuite.java:75)
at org.apache.maven.surefire.testng.TestNGProvider.invoke(TestNGProvider.java:120)
at org.apache.maven.surefire.booter.ForkedBooter.runSuitesInProcess(ForkedBooter.java:377)
at org.apache.maven.surefire.booter.ForkedBooter.execute(ForkedBooter.java:138)
at org.apache.maven.surefire.booter.ForkedBooter.run(ForkedBooter.java:465)
at org.apache.maven.surefire.booter.ForkedBooter.main(ForkedBooter.java:451)
Caused by: org.openqa.selenium.NoSuchElementException: Cannot locate an element using By.xpath: (//a[text()=' Edit '])[2]
For documentation on this error, please visit: http://seleniumhq.org/exceptions/no_such_element.html
Build info: version: '3.14.0', revision: 'aacccce0', time: '2018-08-02T20:19:58.91Z'
System info: host: 'EQ-MAC-25.local', ip: 'fe80:0:0:0:d8:a58d:7f6f:2bde%en0', os.name: 'Mac OS X', os.arch: 'x86_64', os.version: '10.16', java.version: '14.0.2'
Driver info: driver.version: unknown
at org.openqa.selenium.support.ui.ExpectedConditions.lambda$findElement$0(ExpectedConditions.java:896)
at java.base/java.util.Optional.orElseThrow(Optional.java:401)
at org.openqa.selenium.support.ui.ExpectedConditions.findElement(ExpectedConditions.java:895)
at org.openqa.selenium.support.ui.ExpectedConditions.access$000(ExpectedConditions.java:44)
at org.openqa.selenium.support.ui.ExpectedConditions$7.apply(ExpectedConditions.java:206)
at org.openqa.selenium.support.ui.ExpectedConditions$7.apply(ExpectedConditions.java:202)
at org.openqa.selenium.support.ui.ExpectedConditions$22.apply(ExpectedConditions.java:657)
at org.openqa.selenium.support.ui.ExpectedConditions$22.apply(ExpectedConditions.java:654)
at org.openqa.selenium.support.ui.FluentWait.until(FluentWait.java:260)
... 35 more
]]>
            </full-stacktrace>
          </exception> <!-- org.openqa.selenium.TimeoutException -->
          <reporter-output>
          </reporter-output>
        </test-method> <!-- editAccountInformation -->
        <test-method is-config="true" signature="tearDownReport(org.testng.ITestResult)[pri:0, instance:eqcare.peerjitestcases.TC1_EndToEndScenarios@1a4013]" started-at="2021-06-25T14:14:12 EDT" name="tearDownReport" finished-at="2021-06-25T14:14:12 EDT" duration-ms="851" status="PASS">
          <params>
            <param index="0">
              <value>
                <![CDATA[[TestResult name=editAccountInformation status=FAILURE method=TC1_EndToEndScenarios.editAccountInformation()[pri:3, instance:eqcare.peerjitestcases.TC1_EndToEndScenarios@1a4013] output={null}]]]>
              </value>
            </param>
          </params>
          <reporter-output>
          </reporter-output>
        </test-method> <!-- tearDownReport -->
        <test-method signature="uploadProfilePic()[pri:4, instance:eqcare.peerjitestcases.TC1_EndToEndScenarios@1a4013]" started-at="2021-06-25T14:14:12 EDT" name="uploadProfilePic" finished-at="2021-06-25T14:14:17 EDT" depends-on-methods="eqcare.peerjitestcases.TC1_EndToEndScenarios.loginToApplication" duration-ms="4571" status="PASS">
          <reporter-output>
          </reporter-output>
        </test-method> <!-- uploadProfilePic -->
        <test-method is-config="true" signature="tearDownReport(org.testng.ITestResult)[pri:0, instance:eqcare.peerjitestcases.TC1_EndToEndScenarios@1a4013]" started-at="2021-06-25T14:14:17 EDT" name="tearDownReport" finished-at="2021-06-25T14:14:17 EDT" duration-ms="10" status="PASS">
          <params>
            <param index="0">
              <value>
                <![CDATA[[TestResult name=uploadProfilePic status=SUCCESS method=TC1_EndToEndScenarios.uploadProfilePic()[pri:4, instance:eqcare.peerjitestcases.TC1_EndToEndScenarios@1a4013] output={null}]]]>
              </value>
            </param>
          </params>
          <reporter-output>
          </reporter-output>
        </test-method> <!-- tearDownReport -->
        <test-method signature="uploadGovernmentID()[pri:5, instance:eqcare.peerjitestcases.TC1_EndToEndScenarios@1a4013]" started-at="2021-06-25T14:14:17 EDT" name="uploadGovernmentID" finished-at="2021-06-25T14:14:25 EDT" depends-on-methods="eqcare.peerjitestcases.TC1_EndToEndScenarios.loginToApplication" duration-ms="7757" status="PASS">
          <reporter-output>
          </reporter-output>
        </test-method> <!-- uploadGovernmentID -->
        <test-method is-config="true" signature="tearDownReport(org.testng.ITestResult)[pri:0, instance:eqcare.peerjitestcases.TC1_EndToEndScenarios@1a4013]" started-at="2021-06-25T14:14:25 EDT" name="tearDownReport" finished-at="2021-06-25T14:14:25 EDT" duration-ms="22" status="PASS">
          <params>
            <param index="0">
              <value>
                <![CDATA[[TestResult name=uploadGovernmentID status=SUCCESS method=TC1_EndToEndScenarios.uploadGovernmentID()[pri:5, instance:eqcare.peerjitestcases.TC1_EndToEndScenarios@1a4013] output={null}]]]>
              </value>
            </param>
          </params>
          <reporter-output>
          </reporter-output>
        </test-method> <!-- tearDownReport -->
        <test-method signature="familyTab()[pri:6, instance:eqcare.peerjitestcases.TC1_EndToEndScenarios@1a4013]" started-at="2021-06-25T14:14:25 EDT" name="familyTab" finished-at="2021-06-25T14:14:28 EDT" depends-on-methods="eqcare.peerjitestcases.TC1_EndToEndScenarios.loginToApplication" duration-ms="2747" status="PASS">
          <reporter-output>
          </reporter-output>
        </test-method> <!-- familyTab -->
        <test-method is-config="true" signature="tearDownReport(org.testng.ITestResult)[pri:0, instance:eqcare.peerjitestcases.TC1_EndToEndScenarios@1a4013]" started-at="2021-06-25T14:14:28 EDT" name="tearDownReport" finished-at="2021-06-25T14:14:28 EDT" duration-ms="9" status="PASS">
          <params>
            <param index="0">
              <value>
                <![CDATA[[TestResult name=familyTab status=SUCCESS method=TC1_EndToEndScenarios.familyTab()[pri:6, instance:eqcare.peerjitestcases.TC1_EndToEndScenarios@1a4013] output={null}]]]>
              </value>
            </param>
          </params>
          <reporter-output>
          </reporter-output>
        </test-method> <!-- tearDownReport -->
        <test-method signature="addChild()[pri:7, instance:eqcare.peerjitestcases.TC1_EndToEndScenarios@1a4013]" started-at="2021-06-25T14:14:28 EDT" name="addChild" finished-at="2021-06-25T14:14:39 EDT" depends-on-methods="eqcare.peerjitestcases.TC1_EndToEndScenarios.familyTab" duration-ms="11185" status="PASS">
          <reporter-output>
          </reporter-output>
        </test-method> <!-- addChild -->
        <test-method is-config="true" signature="tearDownReport(org.testng.ITestResult)[pri:0, instance:eqcare.peerjitestcases.TC1_EndToEndScenarios@1a4013]" started-at="2021-06-25T14:14:39 EDT" name="tearDownReport" finished-at="2021-06-25T14:14:39 EDT" duration-ms="20" status="PASS">
          <params>
            <param index="0">
              <value>
                <![CDATA[[TestResult name=addChild status=SUCCESS method=TC1_EndToEndScenarios.addChild()[pri:7, instance:eqcare.peerjitestcases.TC1_EndToEndScenarios@1a4013] output={null}]]]>
              </value>
            </param>
          </params>
          <reporter-output>
          </reporter-output>
        </test-method> <!-- tearDownReport -->
        <test-method signature="deleteChild()[pri:8, instance:eqcare.peerjitestcases.TC1_EndToEndScenarios@1a4013]" started-at="2021-06-25T14:14:39 EDT" name="deleteChild" finished-at="2021-06-25T14:14:44 EDT" depends-on-methods="eqcare.peerjitestcases.TC1_EndToEndScenarios.familyTab" duration-ms="5045" status="PASS">
          <reporter-output>
          </reporter-output>
        </test-method> <!-- deleteChild -->
        <test-method is-config="true" signature="tearDownReport(org.testng.ITestResult)[pri:0, instance:eqcare.peerjitestcases.TC1_EndToEndScenarios@1a4013]" started-at="2021-06-25T14:14:44 EDT" name="tearDownReport" finished-at="2021-06-25T14:14:44 EDT" duration-ms="17" status="PASS">
          <params>
            <param index="0">
              <value>
                <![CDATA[[TestResult name=deleteChild status=SUCCESS method=TC1_EndToEndScenarios.deleteChild()[pri:8, instance:eqcare.peerjitestcases.TC1_EndToEndScenarios@1a4013] output={null}]]]>
              </value>
            </param>
          </params>
          <reporter-output>
          </reporter-output>
        </test-method> <!-- tearDownReport -->
        <test-method signature="startVideoConsultation()[pri:9, instance:eqcare.peerjitestcases.TC1_EndToEndScenarios@1a4013]" started-at="2021-06-25T14:14:44 EDT" name="startVideoConsultation" finished-at="2021-06-25T14:14:44 EDT" depends-on-methods="eqcare.peerjitestcases.TC1_EndToEndScenarios.loginToApplication" duration-ms="595" status="PASS">
          <reporter-output>
          </reporter-output>
        </test-method> <!-- startVideoConsultation -->
        <test-method is-config="true" signature="tearDownReport(org.testng.ITestResult)[pri:0, instance:eqcare.peerjitestcases.TC1_EndToEndScenarios@1a4013]" started-at="2021-06-25T14:14:44 EDT" name="tearDownReport" finished-at="2021-06-25T14:14:44 EDT" duration-ms="5" status="PASS">
          <params>
            <param index="0">
              <value>
                <![CDATA[[TestResult name=startVideoConsultation status=SUCCESS method=TC1_EndToEndScenarios.startVideoConsultation()[pri:9, instance:eqcare.peerjitestcases.TC1_EndToEndScenarios@1a4013] output={null}]]]>
              </value>
            </param>
          </params>
          <reporter-output>
          </reporter-output>
        </test-method> <!-- tearDownReport -->
        <test-method signature="deviceCheck()[pri:10, instance:eqcare.peerjitestcases.TC1_EndToEndScenarios@1a4013]" started-at="2021-06-25T14:14:44 EDT" name="deviceCheck" finished-at="2021-06-25T14:14:50 EDT" depends-on-methods="eqcare.peerjitestcases.TC1_EndToEndScenarios.loginToApplication" duration-ms="5800" status="PASS">
          <reporter-output>
          </reporter-output>
        </test-method> <!-- deviceCheck -->
        <test-method is-config="true" signature="tearDownReport(org.testng.ITestResult)[pri:0, instance:eqcare.peerjitestcases.TC1_EndToEndScenarios@1a4013]" started-at="2021-06-25T14:14:50 EDT" name="tearDownReport" finished-at="2021-06-25T14:14:50 EDT" duration-ms="34" status="PASS">
          <params>
            <param index="0">
              <value>
                <![CDATA[[TestResult name=deviceCheck status=SUCCESS method=TC1_EndToEndScenarios.deviceCheck()[pri:10, instance:eqcare.peerjitestcases.TC1_EndToEndScenarios@1a4013] output={null}]]]>
              </value>
            </param>
          </params>
          <reporter-output>
          </reporter-output>
        </test-method> <!-- tearDownReport -->
        <test-method signature="fillIntakeFormWithAllFields()[pri:11, instance:eqcare.peerjitestcases.TC1_EndToEndScenarios@1a4013]" started-at="2021-06-25T14:14:50 EDT" name="fillIntakeFormWithAllFields" finished-at="2021-06-25T14:15:00 EDT" depends-on-methods="eqcare.peerjitestcases.TC1_EndToEndScenarios.deviceCheck" duration-ms="10049" status="PASS">
          <reporter-output>
          </reporter-output>
        </test-method> <!-- fillIntakeFormWithAllFields -->
        <test-method is-config="true" signature="tearDownReport(org.testng.ITestResult)[pri:0, instance:eqcare.peerjitestcases.TC1_EndToEndScenarios@1a4013]" started-at="2021-06-25T14:15:00 EDT" name="tearDownReport" finished-at="2021-06-25T14:15:00 EDT" duration-ms="22" status="PASS">
          <params>
            <param index="0">
              <value>
                <![CDATA[[TestResult name=fillIntakeFormWithAllFields status=SUCCESS method=TC1_EndToEndScenarios.fillIntakeFormWithAllFields()[pri:11, instance:eqcare.peerjitestcases.TC1_EndToEndScenarios@1a4013] output={null}]]]>
              </value>
            </param>
          </params>
          <reporter-output>
          </reporter-output>
        </test-method> <!-- tearDownReport -->
        <test-method signature="endVisit()[pri:12, instance:eqcare.peerjitestcases.TC1_EndToEndScenarios@1a4013]" started-at="2021-06-25T14:15:00 EDT" name="endVisit" finished-at="2021-06-25T14:15:05 EDT" depends-on-methods="eqcare.peerjitestcases.TC1_EndToEndScenarios.deviceCheck" duration-ms="4740" status="PASS">
          <reporter-output>
          </reporter-output>
        </test-method> <!-- endVisit -->
        <test-method is-config="true" signature="tearDownReport(org.testng.ITestResult)[pri:0, instance:eqcare.peerjitestcases.TC1_EndToEndScenarios@1a4013]" started-at="2021-06-25T14:15:05 EDT" name="tearDownReport" finished-at="2021-06-25T14:15:05 EDT" duration-ms="10" status="PASS">
          <params>
            <param index="0">
              <value>
                <![CDATA[[TestResult name=endVisit status=SUCCESS method=TC1_EndToEndScenarios.endVisit()[pri:12, instance:eqcare.peerjitestcases.TC1_EndToEndScenarios@1a4013] output={null}]]]>
              </value>
            </param>
          </params>
          <reporter-output>
          </reporter-output>
        </test-method> <!-- tearDownReport -->
        <test-method signature="feedback()[pri:13, instance:eqcare.peerjitestcases.TC1_EndToEndScenarios@1a4013]" started-at="2021-06-25T14:15:05 EDT" name="feedback" finished-at="2021-06-25T14:15:13 EDT" depends-on-methods="eqcare.peerjitestcases.TC1_EndToEndScenarios.deviceCheck" duration-ms="7649" status="PASS">
          <reporter-output>
          </reporter-output>
        </test-method> <!-- feedback -->
        <test-method is-config="true" signature="tearDownReport(org.testng.ITestResult)[pri:0, instance:eqcare.peerjitestcases.TC1_EndToEndScenarios@1a4013]" started-at="2021-06-25T14:15:13 EDT" name="tearDownReport" finished-at="2021-06-25T14:15:13 EDT" duration-ms="18" status="PASS">
          <params>
            <param index="0">
              <value>
                <![CDATA[[TestResult name=feedback status=SUCCESS method=TC1_EndToEndScenarios.feedback()[pri:13, instance:eqcare.peerjitestcases.TC1_EndToEndScenarios@1a4013] output={null}]]]>
              </value>
            </param>
          </params>
          <reporter-output>
          </reporter-output>
        </test-method> <!-- tearDownReport -->
        <test-method signature="help()[pri:14, instance:eqcare.peerjitestcases.TC1_EndToEndScenarios@1a4013]" started-at="2021-06-25T14:15:13 EDT" name="help" finished-at="2021-06-25T14:15:15 EDT" depends-on-methods="eqcare.peerjitestcases.TC1_EndToEndScenarios.loginToApplication" duration-ms="2602" status="PASS">
          <reporter-output>
          </reporter-output>
        </test-method> <!-- help -->
        <test-method is-config="true" signature="tearDownReport(org.testng.ITestResult)[pri:0, instance:eqcare.peerjitestcases.TC1_EndToEndScenarios@1a4013]" started-at="2021-06-25T14:15:15 EDT" name="tearDownReport" finished-at="2021-06-25T14:15:15 EDT" duration-ms="5" status="PASS">
          <params>
            <param index="0">
              <value>
                <![CDATA[[TestResult name=help status=SUCCESS method=TC1_EndToEndScenarios.help()[pri:14, instance:eqcare.peerjitestcases.TC1_EndToEndScenarios@1a4013] output={null}]]]>
              </value>
            </param>
          </params>
          <reporter-output>
          </reporter-output>
        </test-method> <!-- tearDownReport -->
        <test-method signature="inbox()[pri:14, instance:eqcare.peerjitestcases.TC1_EndToEndScenarios@1a4013]" started-at="2021-06-25T14:15:15 EDT" name="inbox" finished-at="2021-06-25T14:15:20 EDT" depends-on-methods="eqcare.peerjitestcases.TC1_EndToEndScenarios.loginToApplication" duration-ms="4425" status="PASS">
          <reporter-output>
          </reporter-output>
        </test-method> <!-- inbox -->
        <test-method is-config="true" signature="tearDownReport(org.testng.ITestResult)[pri:0, instance:eqcare.peerjitestcases.TC1_EndToEndScenarios@1a4013]" started-at="2021-06-25T14:15:20 EDT" name="tearDownReport" finished-at="2021-06-25T14:15:20 EDT" duration-ms="23" status="PASS">
          <params>
            <param index="0">
              <value>
                <![CDATA[[TestResult name=inbox status=SUCCESS method=TC1_EndToEndScenarios.inbox()[pri:14, instance:eqcare.peerjitestcases.TC1_EndToEndScenarios@1a4013] output={null}]]]>
              </value>
            </param>
          </params>
          <reporter-output>
          </reporter-output>
        </test-method> <!-- tearDownReport -->
        <test-method is-config="true" signature="tearDown()[pri:0, instance:eqcare.peerjitestcases.TC1_EndToEndScenarios@1a4013]" started-at="2021-06-25T14:15:20 EDT" name="tearDown" finished-at="2021-06-25T14:15:23 EDT" duration-ms="3285" status="PASS">
          <reporter-output>
          </reporter-output>
        </test-method> <!-- tearDown -->
      </class> <!-- eqcare.peerjitestcases.TC1_EndToEndScenarios -->
    </test> <!-- Test -->
  </suite> <!-- Suite -->
</testng-results>
