<?xml version="1.0" encoding="UTF-8"?>
<testng-results ignored="1" total="9" passed="8" failed="0" skipped="0">
  <reporter-output>
  </reporter-output>
  <suite started-at="2021-06-05T11:14:45 EDT" name="Suite" finished-at="2021-06-05T11:15:51 EDT" duration-ms="66144">
    <groups>
    </groups>
    <test started-at="2021-06-05T11:14:45 EDT" name="Test" finished-at="2021-06-05T11:15:51 EDT" duration-ms="66144">
      <class name="eqcare.peerjitestcases.copy.TC1_LoginScenarios">
        <test-method is-config="true" signature="setUp(java.lang.String, java.lang.String, java.lang.String)[pri:0, instance:eqcare.peerjitestcases.copy.TC1_LoginScenarios@cad498c]" started-at="2021-06-05T11:14:45 EDT" name="setUp" finished-at="2021-06-05T11:14:56 EDT" duration-ms="10993" status="PASS">
          <params>
            <param index="0">
              <value>
                <![CDATA[Chrome]]>
              </value>
            </param>
            <param index="1">
              <value>
                <![CDATA[https://patient.eqservicestaging.eqcaredev.com/login]]>
              </value>
            </param>
            <param index="2">
              <value>
                <![CDATA[eq]]>
              </value>
            </param>
          </params>
          <reporter-output>
          </reporter-output>
        </test-method> <!-- setUp -->
        <test-method signature="verifyPage()[pri:0, instance:eqcare.peerjitestcases.copy.TC1_LoginScenarios@cad498c]" started-at="2021-06-05T11:14:56 EDT" name="verifyPage" finished-at="2021-06-05T11:14:56 EDT" duration-ms="44" status="PASS">
          <reporter-output>
          </reporter-output>
        </test-method> <!-- verifyPage -->
        <test-method signature="verifyShowHideLink(java.lang.String)[pri:1, instance:eqcare.peerjitestcases.copy.TC1_LoginScenarios@cad498c]" started-at="2021-06-05T11:14:56 EDT" name="verifyShowHideLink" finished-at="2021-06-05T11:15:06 EDT" depends-on-methods="eqcare.peerjitestcases.copy.TC1_LoginScenarios.verifyPage" duration-ms="9725" status="PASS">
          <params>
            <param index="0">
              <value>
                <![CDATA[https://patient.eqservicestaging.eqcaredev.com/login]]>
              </value>
            </param>
          </params>
          <reporter-output>
          </reporter-output>
        </test-method> <!-- verifyShowHideLink -->
        <test-method signature="verifyLanguageLink()[pri:2, instance:eqcare.peerjitestcases.copy.TC1_LoginScenarios@cad498c]" started-at="2021-06-05T11:15:06 EDT" name="verifyLanguageLink" finished-at="2021-06-05T11:15:12 EDT" depends-on-methods="eqcare.peerjitestcases.copy.TC1_LoginScenarios.verifyPage" duration-ms="6708" status="PASS">
          <reporter-output>
          </reporter-output>
        </test-method> <!-- verifyLanguageLink -->
        <test-method signature="loginToApplicationWithBlankInput(java.lang.String)[pri:3, instance:eqcare.peerjitestcases.copy.TC1_LoginScenarios@cad498c]" started-at="2021-06-05T11:15:12 EDT" name="loginToApplicationWithBlankInput" finished-at="2021-06-05T11:15:22 EDT" depends-on-methods="eqcare.peerjitestcases.copy.TC1_LoginScenarios.verifyPage" duration-ms="9496" status="PASS">
          <params>
            <param index="0">
              <value>
                <![CDATA[https://patient.eqservicestaging.eqcaredev.com/login]]>
              </value>
            </param>
          </params>
          <reporter-output>
          </reporter-output>
        </test-method> <!-- loginToApplicationWithBlankInput -->
        <test-method signature="loginToApplicationWithNonRegisteredEmailId()[pri:4, instance:eqcare.peerjitestcases.copy.TC1_LoginScenarios@cad498c]" started-at="2021-06-05T11:15:22 EDT" name="loginToApplicationWithNonRegisteredEmailId" finished-at="2021-06-05T11:15:31 EDT" depends-on-methods="eqcare.peerjitestcases.copy.TC1_LoginScenarios.verifyPage" duration-ms="8987" status="PASS">
          <reporter-output>
          </reporter-output>
        </test-method> <!-- loginToApplicationWithNonRegisteredEmailId -->
        <test-method signature="verifyHomeFooter()[pri:5, instance:eqcare.peerjitestcases.copy.TC1_LoginScenarios@cad498c]" started-at="2021-06-05T11:15:31 EDT" name="verifyHomeFooter" finished-at="2021-06-05T11:15:34 EDT" depends-on-methods="eqcare.peerjitestcases.copy.TC1_LoginScenarios.verifyPage" duration-ms="3047" status="PASS">
          <reporter-output>
          </reporter-output>
        </test-method> <!-- verifyHomeFooter -->
        <test-method signature="loginToApplication(java.lang.String, java.lang.String)[pri:6, instance:eqcare.peerjitestcases.copy.TC1_LoginScenarios@cad498c]" started-at="2021-06-05T11:15:34 EDT" name="loginToApplication" finished-at="2021-06-05T11:15:46 EDT" depends-on-methods="eqcare.peerjitestcases.copy.TC1_LoginScenarios.verifyPage" duration-ms="12744" status="PASS">
          <params>
            <param index="0">
              <value>
                <![CDATA[patient@eqcare.com]]>
              </value>
            </param>
            <param index="1">
              <value>
                <![CDATA[secret]]>
              </value>
            </param>
          </params>
          <reporter-output>
          </reporter-output>
        </test-method> <!-- loginToApplication -->
        <test-method signature="logoutFromApplication()[pri:7, instance:eqcare.peerjitestcases.copy.TC1_LoginScenarios@cad498c]" started-at="2021-06-05T11:15:46 EDT" name="logoutFromApplication" finished-at="2021-06-05T11:15:50 EDT" depends-on-methods="eqcare.peerjitestcases.copy.TC1_LoginScenarios.loginToApplication" duration-ms="3109" status="PASS">
          <reporter-output>
          </reporter-output>
        </test-method> <!-- logoutFromApplication -->
        <test-method is-config="true" signature="tearDown()[pri:0, instance:eqcare.peerjitestcases.copy.TC1_LoginScenarios@cad498c]" started-at="2021-06-05T11:15:50 EDT" name="tearDown" finished-at="2021-06-05T11:15:51 EDT" duration-ms="1246" status="PASS">
          <reporter-output>
          </reporter-output>
        </test-method> <!-- tearDown -->
      </class> <!-- eqcare.peerjitestcases.copy.TC1_LoginScenarios -->
    </test> <!-- Test -->
  </suite> <!-- Suite -->
</testng-results>
