<?xml version="1.0" encoding="UTF-8"?>
<testsuite xmlns:xsi="http://www.w3.org/2001/XMLSchema-instance" xsi:noNamespaceSchemaLocation="https://maven.apache.org/surefire/maven-surefire-plugin/xsd/surefire-test-report-3.0.xsd" version="3.0" name="TestSuite" time="52.734" tests="2" errors="0" skipped="0" failures="1">
  <properties>
[...]
</properties>
  <testcase name="verifyPage" classname="eqcare.peerjitestcases.TC2_RegisterationScenarios" time="0.049"/>
  <testcase name="validInputEnrolledRegisterationTest" classname="eqcare.peerjitestcases.TC2_RegisterationScenarios" time="27.902">
    <failure message="Expected condition failed: waiting for element to be clickable: By.xpath: //a[@data-role=&apos;plan-type-next&apos;] (tried for 15 second(s) with 500 milliseconds interval)" type="org.openqa.selenium.TimeoutException"><![CDATA[org.openqa.selenium.TimeoutException: Expected condition failed: waiting for element to be clickable: By.xpath: //a[@data-role='plan-type-next'] (tried for 15 second(s) with 500 milliseconds interval)
	at eqcare.peerjitestcases.TC2_RegisterationScenarios.validInputEnrolledRegisterationTest(TC2_RegisterationScenarios.java:109)
Caused by: org.openqa.selenium.NoSuchElementException: 
Cannot locate an element using By.xpath: //a[@data-role='plan-type-next']
For documentation on this error, please visit: http://seleniumhq.org/exceptions/no_such_element.html
Build info: version: '3.14.0', revision: 'aacccce0', time: '2018-08-02T20:19:58.91Z'
System info: host: 'EQ-MAC-25.local', ip: 'fe80:0:0:0:10d1:112f:9ced:2d09%en0', os.name: 'Mac OS X', os.arch: 'x86_64', os.version: '10.15.6', java.version: '14.0.2'
Driver info: driver.version: unknown
	at eqcare.peerjitestcases.TC2_RegisterationScenarios.validInputEnrolledRegisterationTest(TC2_RegisterationScenarios.java:109)
]]></failure>
    <system-out><![CDATA[Log:INFO- Test Executed- Test Status is Passed
]]></system-out>
  </testcase>
</testsuite>