<?xml version="1.0" encoding="UTF-8"?>
<testng-results ignored="1" total="16" passed="15" failed="0" skipped="0">
  <reporter-output>
  </reporter-output>
  <suite started-at="2021-07-15T14:56:24 EDT" name="Suite" finished-at="2021-07-15T15:05:34 EDT" duration-ms="549551">
    <groups>
    </groups>
    <test started-at="2021-07-15T14:56:24 EDT" name="Test" finished-at="2021-07-15T15:05:34 EDT" duration-ms="549551">
      <class name="eqcare.peerjitestcases.copy.ClinicPeerji">
        <test-method is-config="true" signature="setUp(java.lang.String, java.lang.String, java.lang.String, java.lang.String, java.lang.String)[pri:0, instance:eqcare.peerjitestcases.copy.ClinicPeerji@649bec2e]" started-at="2021-07-15T14:56:24 EDT" name="setUp" finished-at="2021-07-15T14:58:30 EDT" duration-ms="125703" status="PASS">
          <params>
            <param index="0">
              <value>
                <![CDATA[Chrome]]>
              </value>
            </param>
            <param index="1">
              <value>
                <![CDATA[https://av.eqserviceqa1.eqcaredev.com/login]]>
              </value>
            </param>
            <param index="2">
              <value>
                <![CDATA[eq]]>
              </value>
            </param>
            <param index="3">
              <value>
                <![CDATA[https://clinic.eqserviceqa1.eqcaredev.com/login]]>
              </value>
            </param>
            <param index="4">
              <value>
                <![CDATA[clinic]]>
              </value>
            </param>
          </params>
          <reporter-output>
          </reporter-output>
        </test-method> <!-- setUp -->
        <test-method signature="loginAsCM(java.lang.String)[pri:1, instance:eqcare.peerjitestcases.copy.ClinicPeerji@649bec2e]" started-at="2021-07-15T14:58:30 EDT" name="loginAsCM" finished-at="2021-07-15T14:58:54 EDT" duration-ms="24436" status="PASS">
          <params>
            <param index="0">
              <value>
                <![CDATA[85]]>
              </value>
            </param>
          </params>
          <reporter-output>
          </reporter-output>
        </test-method> <!-- loginAsCM -->
        <test-method signature="loginAsDRNurse(java.lang.String)[pri:1, instance:eqcare.peerjitestcases.copy.ClinicPeerji@649bec2e]" started-at="2021-07-15T14:58:54 EDT" name="loginAsDRNurse" finished-at="2021-07-15T14:58:54 EDT" duration-ms="0" status="PASS">
          <params>
            <param index="0">
              <value>
                <![CDATA[85]]>
              </value>
            </param>
          </params>
          <reporter-output>
          </reporter-output>
        </test-method> <!-- loginAsDRNurse -->
        <test-method signature="loginToClinicApplication(java.lang.String)[pri:2, instance:eqcare.peerjitestcases.copy.ClinicPeerji@649bec2e]" started-at="2021-07-15T14:58:54 EDT" name="loginToClinicApplication" finished-at="2021-07-15T14:59:23 EDT" duration-ms="28279" status="PASS">
          <params>
            <param index="0">
              <value>
                <![CDATA[85]]>
              </value>
            </param>
          </params>
          <reporter-output>
          </reporter-output>
        </test-method> <!-- loginToClinicApplication -->
        <test-method signature="loginToPatient(java.lang.String, java.lang.String)[pri:3, instance:eqcare.peerjitestcases.copy.ClinicPeerji@649bec2e]" started-at="2021-07-15T14:59:23 EDT" name="loginToPatient" finished-at="2021-07-15T14:59:56 EDT" duration-ms="33435" status="PASS">
          <params>
            <param index="0">
              <value>
                <![CDATA[sdhall@eqcare.com]]>
              </value>
            </param>
            <param index="1">
              <value>
                <![CDATA[secret]]>
              </value>
            </param>
          </params>
          <reporter-output>
          </reporter-output>
        </test-method> <!-- loginToPatient -->
        <test-method signature="functionsWithCM()[pri:4, instance:eqcare.peerjitestcases.copy.ClinicPeerji@649bec2e]" started-at="2021-07-15T14:59:56 EDT" name="functionsWithCM" finished-at="2021-07-15T15:01:03 EDT" duration-ms="66828" status="PASS">
          <reporter-output>
          </reporter-output>
        </test-method> <!-- functionsWithCM -->
        <test-method signature="patientChats()[pri:5, instance:eqcare.peerjitestcases.copy.ClinicPeerji@649bec2e]" started-at="2021-07-15T15:01:03 EDT" name="patientChats" finished-at="2021-07-15T15:01:12 EDT" depends-on-methods="eqcare.peerjitestcases.copy.ClinicPeerji.loginToClinicApplication" duration-ms="8638" status="PASS">
          <reporter-output>
          </reporter-output>
        </test-method> <!-- patientChats -->
        <test-method signature="transferPatientToNurse()[pri:6, instance:eqcare.peerjitestcases.copy.ClinicPeerji@649bec2e]" started-at="2021-07-15T15:01:12 EDT" name="transferPatientToNurse" finished-at="2021-07-15T15:01:39 EDT" duration-ms="27214" status="PASS">
          <reporter-output>
          </reporter-output>
        </test-method> <!-- transferPatientToNurse -->
        <test-method signature="navigateToNurse(java.lang.String)[pri:7, instance:eqcare.peerjitestcases.copy.ClinicPeerji@649bec2e]" started-at="2021-07-15T15:01:39 EDT" name="navigateToNurse" finished-at="2021-07-15T15:02:52 EDT" depends-on-methods="eqcare.peerjitestcases.copy.ClinicPeerji.loginToClinicApplication" duration-ms="73075" status="PASS">
          <params>
            <param index="0">
              <value>
                <![CDATA[85]]>
              </value>
            </param>
          </params>
          <reporter-output>
          </reporter-output>
        </test-method> <!-- navigateToNurse -->
        <test-method signature="patientChatsToNurse()[pri:8, instance:eqcare.peerjitestcases.copy.ClinicPeerji@649bec2e]" started-at="2021-07-15T15:02:52 EDT" name="patientChatsToNurse" finished-at="2021-07-15T15:03:00 EDT" depends-on-methods="eqcare.peerjitestcases.copy.ClinicPeerji.loginToClinicApplication" duration-ms="8304" status="PASS">
          <reporter-output>
          </reporter-output>
        </test-method> <!-- patientChatsToNurse -->
        <test-method signature="transferPatientToCoctor()[pri:9, instance:eqcare.peerjitestcases.copy.ClinicPeerji@649bec2e]" started-at="2021-07-15T15:03:00 EDT" name="transferPatientToCoctor" finished-at="2021-07-15T15:03:27 EDT" depends-on-methods="eqcare.peerjitestcases.copy.ClinicPeerji.loginToClinicApplication" duration-ms="27199" status="PASS">
          <reporter-output>
          </reporter-output>
        </test-method> <!-- transferPatientToCoctor -->
        <test-method signature="navigateToDr(java.lang.String)[pri:10, instance:eqcare.peerjitestcases.copy.ClinicPeerji@649bec2e]" started-at="2021-07-15T15:03:27 EDT" name="navigateToDr" finished-at="2021-07-15T15:04:35 EDT" depends-on-methods="eqcare.peerjitestcases.copy.ClinicPeerji.loginToClinicApplication" duration-ms="68087" status="PASS">
          <params>
            <param index="0">
              <value>
                <![CDATA[85]]>
              </value>
            </param>
          </params>
          <reporter-output>
          </reporter-output>
        </test-method> <!-- navigateToDr -->
        <test-method signature="patientChatsToDoctor()[pri:11, instance:eqcare.peerjitestcases.copy.ClinicPeerji@649bec2e]" started-at="2021-07-15T15:04:35 EDT" name="patientChatsToDoctor" finished-at="2021-07-15T15:04:44 EDT" depends-on-methods="eqcare.peerjitestcases.copy.ClinicPeerji.loginToClinicApplication" duration-ms="8237" status="PASS">
          <reporter-output>
          </reporter-output>
        </test-method> <!-- patientChatsToDoctor -->
        <test-method signature="doctorEndConsultation()[pri:12, instance:eqcare.peerjitestcases.copy.ClinicPeerji@649bec2e]" started-at="2021-07-15T15:04:44 EDT" name="doctorEndConsultation" finished-at="2021-07-15T15:05:01 EDT" depends-on-methods="eqcare.peerjitestcases.copy.ClinicPeerji.loginToClinicApplication" duration-ms="17465" status="PASS">
          <reporter-output>
          </reporter-output>
        </test-method> <!-- doctorEndConsultation -->
        <test-method signature="feedback()[pri:13, instance:eqcare.peerjitestcases.copy.ClinicPeerji@649bec2e]" started-at="2021-07-15T15:05:01 EDT" name="feedback" finished-at="2021-07-15T15:05:06 EDT" depends-on-methods="eqcare.peerjitestcases.copy.ClinicPeerji.loginToClinicApplication" duration-ms="5359" status="PASS">
          <reporter-output>
          </reporter-output>
        </test-method> <!-- feedback -->
        <test-method signature="inbox()[pri:14, instance:eqcare.peerjitestcases.copy.ClinicPeerji@649bec2e]" started-at="2021-07-15T15:05:06 EDT" name="inbox" finished-at="2021-07-15T15:05:25 EDT" depends-on-methods="eqcare.peerjitestcases.copy.ClinicPeerji.loginToClinicApplication" duration-ms="18406" status="PASS">
          <reporter-output>
          </reporter-output>
        </test-method> <!-- inbox -->
        <test-method is-config="true" signature="tearDown(java.lang.String, java.lang.String, java.lang.String, java.lang.String, java.lang.String)[pri:0, instance:eqcare.peerjitestcases.copy.ClinicPeerji@649bec2e]" started-at="2021-07-15T15:05:25 EDT" name="tearDown" finished-at="2021-07-15T15:05:34 EDT" duration-ms="8813" status="PASS">
          <params>
            <param index="0">
              <value>
                <![CDATA[Chrome]]>
              </value>
            </param>
            <param index="1">
              <value>
                <![CDATA[https://av.eqserviceqa1.eqcaredev.com/login]]>
              </value>
            </param>
            <param index="2">
              <value>
                <![CDATA[eq]]>
              </value>
            </param>
            <param index="3">
              <value>
                <![CDATA[https://clinic.eqserviceqa1.eqcaredev.com/login]]>
              </value>
            </param>
            <param index="4">
              <value>
                <![CDATA[clinic]]>
              </value>
            </param>
          </params>
          <reporter-output>
          </reporter-output>
        </test-method> <!-- tearDown -->
      </class> <!-- eqcare.peerjitestcases.copy.ClinicPeerji -->
    </test> <!-- Test -->
  </suite> <!-- Suite -->
</testng-results>
