<?xml version="1.0" encoding="UTF-8"?>
<testsuite xmlns:xsi="http://www.w3.org/2001/XMLSchema-instance" xsi:noNamespaceSchemaLocation="https://maven.apache.org/surefire/maven-surefire-plugin/xsd/surefire-test-report-3.0.xsd" version="3.0" name="TestSuite" time="48.973" tests="16" errors="0" skipped="14" failures="1">
  <properties>
[...]
</properties>
  <testcase name="verifyPage" classname="eqcare.peerjitestcases.TC1_EndToEndScenarios" time="0.055"/>
  <testcase name="loginToApplication" classname="eqcare.peerjitestcases.TC1_EndToEndScenarios" time="29.688">
    <failure message="Expected condition failed: waiting for element to be clickable: By.xpath: //a[contains(text(), &apos;Logout&apos;)] (tried for 15 second(s) with 500 milliseconds interval)" type="org.openqa.selenium.TimeoutException"><![CDATA[org.openqa.selenium.TimeoutException: Expected condition failed: waiting for element to be clickable: By.xpath: //a[contains(text(), 'Logout')] (tried for 15 second(s) with 500 milliseconds interval)
	at eqcare.peerjitestcases.TC1_EndToEndScenarios.loginToApplication(TC1_EndToEndScenarios.java:72)
Caused by: org.openqa.selenium.NoSuchElementException: 
Cannot locate an element using By.xpath: //a[contains(text(), 'Logout')]
For documentation on this error, please visit: http://seleniumhq.org/exceptions/no_such_element.html
Build info: version: '3.14.0', revision: 'aacccce0', time: '2018-08-02T20:19:58.91Z'
System info: host: 'EQ-MAC-25.local', ip: 'fe80:0:0:0:ccc:a84c:a31e:497a%en0', os.name: 'Mac OS X', os.arch: 'x86_64', os.version: '10.15.6', java.version: '14.0.2'
Driver info: driver.version: unknown
	at eqcare.peerjitestcases.TC1_EndToEndScenarios.loginToApplication(TC1_EndToEndScenarios.java:72)
]]></failure>
    <system-out><![CDATA[Log:INFO- Test Executed- Test Status is Passed
executing request https://api.practitest.com/api/v2/projects/13295/runs.json
SUCCESS: {"data":{"id":"50461105","type":"runs","attributes":{"project-id":13295,"status":"FAILED","tester-id":null,"instance-id":29754173,"preconditions":null,"version":null,"test-id":5021030,"run-type":"AutomatedRun","custom-fields":{},"automated-execution-output":null,"automated-type":"API","run-duration":null,"created-at":"2021-04-22T14:17:51Z","updated-at":"2021-04-22T14:17:51Z"}}}
----------------------------------------
]]></system-out>
  </testcase>
  <testcase name="editPersonalInformation" classname="eqcare.peerjitestcases.TC1_EndToEndScenarios" time="0">
    <skipped message="Method TC1_EndToEndScenarios.editPersonalInformation()[pri:2, instance:eqcare.peerjitestcases.TC1_EndToEndScenarios@2f9f7dcf] depends on not successfully finished methods"/>
    <system-out><![CDATA[Log:INFO- Test Executed- Test Status is Failed
]]></system-out>
  </testcase>
  <testcase name="editAccountInformation" classname="eqcare.peerjitestcases.TC1_EndToEndScenarios" time="0">
    <skipped message="Method TC1_EndToEndScenarios.editAccountInformation()[pri:3, instance:eqcare.peerjitestcases.TC1_EndToEndScenarios@2f9f7dcf] depends on not successfully finished methods"/>
  </testcase>
  <testcase name="uploadProfilePic" classname="eqcare.peerjitestcases.TC1_EndToEndScenarios" time="0">
    <skipped message="Method TC1_EndToEndScenarios.uploadProfilePic()[pri:4, instance:eqcare.peerjitestcases.TC1_EndToEndScenarios@2f9f7dcf] depends on not successfully finished methods"/>
  </testcase>
  <testcase name="uploadGovernmentID" classname="eqcare.peerjitestcases.TC1_EndToEndScenarios" time="0">
    <skipped message="Method TC1_EndToEndScenarios.uploadGovernmentID()[pri:5, instance:eqcare.peerjitestcases.TC1_EndToEndScenarios@2f9f7dcf] depends on not successfully finished methods"/>
  </testcase>
  <testcase name="familyTab" classname="eqcare.peerjitestcases.TC1_EndToEndScenarios" time="0">
    <skipped message="Method TC1_EndToEndScenarios.familyTab()[pri:6, instance:eqcare.peerjitestcases.TC1_EndToEndScenarios@2f9f7dcf] depends on not successfully finished methods"/>
  </testcase>
  <testcase name="addChild" classname="eqcare.peerjitestcases.TC1_EndToEndScenarios" time="0">
    <skipped message="Method TC1_EndToEndScenarios.addChild()[pri:7, instance:eqcare.peerjitestcases.TC1_EndToEndScenarios@2f9f7dcf] depends on not successfully finished methods"/>
  </testcase>
  <testcase name="deleteChild" classname="eqcare.peerjitestcases.TC1_EndToEndScenarios" time="0">
    <skipped message="Method TC1_EndToEndScenarios.deleteChild()[pri:8, instance:eqcare.peerjitestcases.TC1_EndToEndScenarios@2f9f7dcf] depends on not successfully finished methods"/>
  </testcase>
  <testcase name="startVideoConsultation" classname="eqcare.peerjitestcases.TC1_EndToEndScenarios" time="0">
    <skipped message="Method TC1_EndToEndScenarios.startVideoConsultation()[pri:9, instance:eqcare.peerjitestcases.TC1_EndToEndScenarios@2f9f7dcf] depends on not successfully finished methods"/>
  </testcase>
  <testcase name="deviceCheck" classname="eqcare.peerjitestcases.TC1_EndToEndScenarios" time="0">
    <skipped message="Method TC1_EndToEndScenarios.deviceCheck()[pri:10, instance:eqcare.peerjitestcases.TC1_EndToEndScenarios@2f9f7dcf] depends on not successfully finished methods"/>
  </testcase>
  <testcase name="fillIntakeFormWithAllFields" classname="eqcare.peerjitestcases.TC1_EndToEndScenarios" time="0">
    <skipped message="Method TC1_EndToEndScenarios.fillIntakeFormWithAllFields()[pri:11, instance:eqcare.peerjitestcases.TC1_EndToEndScenarios@2f9f7dcf] depends on not successfully finished methods"/>
  </testcase>
  <testcase name="endVisit" classname="eqcare.peerjitestcases.TC1_EndToEndScenarios" time="0">
    <skipped message="Method TC1_EndToEndScenarios.endVisit()[pri:12, instance:eqcare.peerjitestcases.TC1_EndToEndScenarios@2f9f7dcf] depends on not successfully finished methods"/>
  </testcase>
  <testcase name="feedback" classname="eqcare.peerjitestcases.TC1_EndToEndScenarios" time="0">
    <skipped message="Method TC1_EndToEndScenarios.feedback()[pri:13, instance:eqcare.peerjitestcases.TC1_EndToEndScenarios@2f9f7dcf] depends on not successfully finished methods"/>
  </testcase>
  <testcase name="help" classname="eqcare.peerjitestcases.TC1_EndToEndScenarios" time="0">
    <skipped message="Method TC1_EndToEndScenarios.help()[pri:14, instance:eqcare.peerjitestcases.TC1_EndToEndScenarios@2f9f7dcf] depends on not successfully finished methods"/>
  </testcase>
  <testcase name="inbox" classname="eqcare.peerjitestcases.TC1_EndToEndScenarios" time="0">
    <skipped message="Method TC1_EndToEndScenarios.inbox()[pri:14, instance:eqcare.peerjitestcases.TC1_EndToEndScenarios@2f9f7dcf] depends on not successfully finished methods"/>
  </testcase>
</testsuite>