<?xml version="1.0" encoding="UTF-8"?>
<testsuite xmlns:xsi="http://www.w3.org/2001/XMLSchema-instance" xsi:noNamespaceSchemaLocation="https://maven.apache.org/surefire/maven-surefire-plugin/xsd/surefire-test-report-3.0.xsd" version="3.0" name="TestSuite" time="67.396" tests="8" errors="0" skipped="0" failures="0">
  <properties>
[...]
</properties>
  <testcase name="verifyPage" classname="eqcare.peerjitestcases.copy.TC1_LoginScenarios" time="0.049"/>
  <testcase name="verifyShowHideLink" classname="eqcare.peerjitestcases.copy.TC1_LoginScenarios" time="9.726"/>
  <testcase name="verifyLanguageLink" classname="eqcare.peerjitestcases.copy.TC1_LoginScenarios" time="6.709"/>
  <testcase name="loginToApplicationWithBlankInput" classname="eqcare.peerjitestcases.copy.TC1_LoginScenarios" time="9.496"/>
  <testcase name="loginToApplicationWithNonRegisteredEmailId" classname="eqcare.peerjitestcases.copy.TC1_LoginScenarios" time="8.988"/>
  <testcase name="verifyHomeFooter" classname="eqcare.peerjitestcases.copy.TC1_LoginScenarios" time="3.048"/>
  <testcase name="loginToApplication" classname="eqcare.peerjitestcases.copy.TC1_LoginScenarios" time="12.744"/>
  <testcase name="logoutFromApplication" classname="eqcare.peerjitestcases.copy.TC1_LoginScenarios" time="3.109"/>
</testsuite>