<?xml version="1.0" encoding="UTF-8"?>
<testsuite xmlns:xsi="http://www.w3.org/2001/XMLSchema-instance" xsi:noNamespaceSchemaLocation="https://maven.apache.org/surefire/maven-surefire-plugin/xsd/surefire-test-report-3.0.xsd" version="3.0" name="TestSuite" time="7.367" tests="17" errors="0" skipped="16" failures="1">
  <properties>
[...]
</properties>
  <testcase name="setUp" classname="eqcare.peerjitestcases.copy.ClinicPeerji" time="6.625">
    <failure message="session not created: This version of ChromeDriver only supports Chrome version 92&#10;Current browser version is 91.0.4472.114 with binary path /Applications/Google Chrome.app/Contents/MacOS/Google Chrome&#10;Build info: version: &apos;3.14.0&apos;, revision: &apos;aacccce0&apos;, time: &apos;2018-08-02T20:19:58.91Z&apos;&#10;System info: host: &apos;EQ-MAC-25.local&apos;, ip: &apos;fe80:0:0:0:7:f30a:a40c:8cf0%en0&apos;, os.name: &apos;Mac OS X&apos;, os.arch: &apos;x86_64&apos;, os.version: &apos;10.16&apos;, java.version: &apos;14.0.2&apos;&#10;Driver info: driver.version: ChromeDriver&#10;remote stacktrace: 0   chromedriver                        0x000000010d6f5eb9 chromedriver + 3059385&#10;1   chromedriver                        0x000000010de01963 chromedriver + 10447203&#10;2   chromedriver                        0x000000010d4352e8 chromedriver + 172776&#10;3   chromedriver                        0x000000010d45b16d chromedriver + 328045&#10;4   chromedriver                        0x000000010d456ca6 chromedriver + 310438&#10;5   chromedriver                        0x000000010d4537be chromedriver + 296894&#10;6   chromedriver                        0x000000010d48c54b chromedriver + 529739&#10;7   chromedriver                        0x000000010d486b83 chromedriver + 506755&#10;8   chromedriver                        0x000000010d45d480 chromedriver + 337024&#10;9   chromedriver                        0x000000010d45e615 chromedriver + 341525&#10;10  chromedriver                        0x000000010d6c0d9f chromedriver + 2842015&#10;11  chromedriver                        0x000000010d6d1562 chromedriver + 2909538&#10;12  chromedriver                        0x000000010d6d27cc chromedriver + 2914252&#10;13  chromedriver                        0x000000010d6a5f41 chromedriver + 2731841&#10;14  chromedriver                        0x000000010d6d2c9f chromedriver + 2915487&#10;15  chromedriver                        0x000000010d6b648c chromedriver + 2798732&#10;16  chromedriver                        0x000000010d6eac68 chromedriver + 3013736&#10;17  chromedriver                        0x000000010d6eadf1 chromedriver + 3014129&#10;18  chromedriver                        0x000000010d6fbb68 chromedriver + 3083112&#10;19  libsystem_pthread.dylib             0x00007fff2057e954 _pthread_start + 224&#10;20  libsystem_pthread.dylib             0x00007fff2057a4a7 thread_start + 15&#10;" type="org.openqa.selenium.SessionNotCreatedException"><![CDATA[org.openqa.selenium.SessionNotCreatedException: 
session not created: This version of ChromeDriver only supports Chrome version 92
Current browser version is 91.0.4472.114 with binary path /Applications/Google Chrome.app/Contents/MacOS/Google Chrome
Build info: version: '3.14.0', revision: 'aacccce0', time: '2018-08-02T20:19:58.91Z'
System info: host: 'EQ-MAC-25.local', ip: 'fe80:0:0:0:7:f30a:a40c:8cf0%en0', os.name: 'Mac OS X', os.arch: 'x86_64', os.version: '10.16', java.version: '14.0.2'
Driver info: driver.version: ChromeDriver
remote stacktrace: 0   chromedriver                        0x000000010d6f5eb9 chromedriver + 3059385
1   chromedriver                        0x000000010de01963 chromedriver + 10447203
2   chromedriver                        0x000000010d4352e8 chromedriver + 172776
3   chromedriver                        0x000000010d45b16d chromedriver + 328045
4   chromedriver                        0x000000010d456ca6 chromedriver + 310438
5   chromedriver                        0x000000010d4537be chromedriver + 296894
6   chromedriver                        0x000000010d48c54b chromedriver + 529739
7   chromedriver                        0x000000010d486b83 chromedriver + 506755
8   chromedriver                        0x000000010d45d480 chromedriver + 337024
9   chromedriver                        0x000000010d45e615 chromedriver + 341525
10  chromedriver                        0x000000010d6c0d9f chromedriver + 2842015
11  chromedriver                        0x000000010d6d1562 chromedriver + 2909538
12  chromedriver                        0x000000010d6d27cc chromedriver + 2914252
13  chromedriver                        0x000000010d6a5f41 chromedriver + 2731841
14  chromedriver                        0x000000010d6d2c9f chromedriver + 2915487
15  chromedriver                        0x000000010d6b648c chromedriver + 2798732
16  chromedriver                        0x000000010d6eac68 chromedriver + 3013736
17  chromedriver                        0x000000010d6eadf1 chromedriver + 3014129
18  chromedriver                        0x000000010d6fbb68 chromedriver + 3083112
19  libsystem_pthread.dylib             0x00007fff2057e954 _pthread_start + 224
20  libsystem_pthread.dylib             0x00007fff2057a4a7 thread_start + 15

]]></failure>
    <system-out><![CDATA[Log:INFO- Report is getting setup
Log:INFO- Report setup ready
Log:INFO- Setting up Browser and Application
]]></system-out>
    <system-err><![CDATA[SLF4J: Failed to load class "org.slf4j.impl.StaticLoggerBinder".
SLF4J: Defaulting to no-operation (NOP) logger implementation
SLF4J: See http://www.slf4j.org/codes.html#StaticLoggerBinder for further details.
Starting ChromeDriver 92.0.4515.43 (8c61b7e2989f2990d42f859cac71319137787cce-refs/branch-heads/4515@{#306}) on port 30735
Only local connections are allowed.
Please see https://chromedriver.chromium.org/security-considerations for suggestions on keeping ChromeDriver safe.
ChromeDriver was started successfully.
]]></system-err>
  </testcase>
  <testcase name="loginAsCM" classname="eqcare.peerjitestcases.copy.ClinicPeerji" time="0">
    <skipped message="session not created: This version of ChromeDriver only supports Chrome version 92&#10;Current browser version is 91.0.4472.114 with binary path /Applications/Google Chrome.app/Contents/MacOS/Google Chrome&#10;Build info: version: &apos;3.14.0&apos;, revision: &apos;aacccce0&apos;, time: &apos;2018-08-02T20:19:58.91Z&apos;&#10;System info: host: &apos;EQ-MAC-25.local&apos;, ip: &apos;fe80:0:0:0:7:f30a:a40c:8cf0%en0&apos;, os.name: &apos;Mac OS X&apos;, os.arch: &apos;x86_64&apos;, os.version: &apos;10.16&apos;, java.version: &apos;14.0.2&apos;&#10;Driver info: driver.version: ChromeDriver&#10;remote stacktrace: 0   chromedriver                        0x000000010d6f5eb9 chromedriver + 3059385&#10;1   chromedriver                        0x000000010de01963 chromedriver + 10447203&#10;2   chromedriver                        0x000000010d4352e8 chromedriver + 172776&#10;3   chromedriver                        0x000000010d45b16d chromedriver + 328045&#10;4   chromedriver                        0x000000010d456ca6 chromedriver + 310438&#10;5   chromedriver                        0x000000010d4537be chromedriver + 296894&#10;6   chromedriver                        0x000000010d48c54b chromedriver + 529739&#10;7   chromedriver                        0x000000010d486b83 chromedriver + 506755&#10;8   chromedriver                        0x000000010d45d480 chromedriver + 337024&#10;9   chromedriver                        0x000000010d45e615 chromedriver + 341525&#10;10  chromedriver                        0x000000010d6c0d9f chromedriver + 2842015&#10;11  chromedriver                        0x000000010d6d1562 chromedriver + 2909538&#10;12  chromedriver                        0x000000010d6d27cc chromedriver + 2914252&#10;13  chromedriver                        0x000000010d6a5f41 chromedriver + 2731841&#10;14  chromedriver                        0x000000010d6d2c9f chromedriver + 2915487&#10;15  chromedriver                        0x000000010d6b648c chromedriver + 2798732&#10;16  chromedriver                        0x000000010d6eac68 chromedriver + 3013736&#10;17  chromedriver                        0x000000010d6eadf1 chromedriver + 3014129&#10;18  chromedriver                        0x000000010d6fbb68 chromedriver + 3083112&#10;19  libsystem_pthread.dylib             0x00007fff2057e954 _pthread_start + 224&#10;20  libsystem_pthread.dylib             0x00007fff2057a4a7 thread_start + 15&#10;"/>
  </testcase>
  <testcase name="loginAsDRNurse" classname="eqcare.peerjitestcases.copy.ClinicPeerji" time="0">
    <skipped message="session not created: This version of ChromeDriver only supports Chrome version 92&#10;Current browser version is 91.0.4472.114 with binary path /Applications/Google Chrome.app/Contents/MacOS/Google Chrome&#10;Build info: version: &apos;3.14.0&apos;, revision: &apos;aacccce0&apos;, time: &apos;2018-08-02T20:19:58.91Z&apos;&#10;System info: host: &apos;EQ-MAC-25.local&apos;, ip: &apos;fe80:0:0:0:7:f30a:a40c:8cf0%en0&apos;, os.name: &apos;Mac OS X&apos;, os.arch: &apos;x86_64&apos;, os.version: &apos;10.16&apos;, java.version: &apos;14.0.2&apos;&#10;Driver info: driver.version: ChromeDriver&#10;remote stacktrace: 0   chromedriver                        0x000000010d6f5eb9 chromedriver + 3059385&#10;1   chromedriver                        0x000000010de01963 chromedriver + 10447203&#10;2   chromedriver                        0x000000010d4352e8 chromedriver + 172776&#10;3   chromedriver                        0x000000010d45b16d chromedriver + 328045&#10;4   chromedriver                        0x000000010d456ca6 chromedriver + 310438&#10;5   chromedriver                        0x000000010d4537be chromedriver + 296894&#10;6   chromedriver                        0x000000010d48c54b chromedriver + 529739&#10;7   chromedriver                        0x000000010d486b83 chromedriver + 506755&#10;8   chromedriver                        0x000000010d45d480 chromedriver + 337024&#10;9   chromedriver                        0x000000010d45e615 chromedriver + 341525&#10;10  chromedriver                        0x000000010d6c0d9f chromedriver + 2842015&#10;11  chromedriver                        0x000000010d6d1562 chromedriver + 2909538&#10;12  chromedriver                        0x000000010d6d27cc chromedriver + 2914252&#10;13  chromedriver                        0x000000010d6a5f41 chromedriver + 2731841&#10;14  chromedriver                        0x000000010d6d2c9f chromedriver + 2915487&#10;15  chromedriver                        0x000000010d6b648c chromedriver + 2798732&#10;16  chromedriver                        0x000000010d6eac68 chromedriver + 3013736&#10;17  chromedriver                        0x000000010d6eadf1 chromedriver + 3014129&#10;18  chromedriver                        0x000000010d6fbb68 chromedriver + 3083112&#10;19  libsystem_pthread.dylib             0x00007fff2057e954 _pthread_start + 224&#10;20  libsystem_pthread.dylib             0x00007fff2057a4a7 thread_start + 15&#10;"/>
  </testcase>
  <testcase name="loginToClinicApplication" classname="eqcare.peerjitestcases.copy.ClinicPeerji" time="0">
    <skipped message="session not created: This version of ChromeDriver only supports Chrome version 92&#10;Current browser version is 91.0.4472.114 with binary path /Applications/Google Chrome.app/Contents/MacOS/Google Chrome&#10;Build info: version: &apos;3.14.0&apos;, revision: &apos;aacccce0&apos;, time: &apos;2018-08-02T20:19:58.91Z&apos;&#10;System info: host: &apos;EQ-MAC-25.local&apos;, ip: &apos;fe80:0:0:0:7:f30a:a40c:8cf0%en0&apos;, os.name: &apos;Mac OS X&apos;, os.arch: &apos;x86_64&apos;, os.version: &apos;10.16&apos;, java.version: &apos;14.0.2&apos;&#10;Driver info: driver.version: ChromeDriver&#10;remote stacktrace: 0   chromedriver                        0x000000010d6f5eb9 chromedriver + 3059385&#10;1   chromedriver                        0x000000010de01963 chromedriver + 10447203&#10;2   chromedriver                        0x000000010d4352e8 chromedriver + 172776&#10;3   chromedriver                        0x000000010d45b16d chromedriver + 328045&#10;4   chromedriver                        0x000000010d456ca6 chromedriver + 310438&#10;5   chromedriver                        0x000000010d4537be chromedriver + 296894&#10;6   chromedriver                        0x000000010d48c54b chromedriver + 529739&#10;7   chromedriver                        0x000000010d486b83 chromedriver + 506755&#10;8   chromedriver                        0x000000010d45d480 chromedriver + 337024&#10;9   chromedriver                        0x000000010d45e615 chromedriver + 341525&#10;10  chromedriver                        0x000000010d6c0d9f chromedriver + 2842015&#10;11  chromedriver                        0x000000010d6d1562 chromedriver + 2909538&#10;12  chromedriver                        0x000000010d6d27cc chromedriver + 2914252&#10;13  chromedriver                        0x000000010d6a5f41 chromedriver + 2731841&#10;14  chromedriver                        0x000000010d6d2c9f chromedriver + 2915487&#10;15  chromedriver                        0x000000010d6b648c chromedriver + 2798732&#10;16  chromedriver                        0x000000010d6eac68 chromedriver + 3013736&#10;17  chromedriver                        0x000000010d6eadf1 chromedriver + 3014129&#10;18  chromedriver                        0x000000010d6fbb68 chromedriver + 3083112&#10;19  libsystem_pthread.dylib             0x00007fff2057e954 _pthread_start + 224&#10;20  libsystem_pthread.dylib             0x00007fff2057a4a7 thread_start + 15&#10;"/>
  </testcase>
  <testcase name="loginToPatient" classname="eqcare.peerjitestcases.copy.ClinicPeerji" time="0">
    <skipped message="session not created: This version of ChromeDriver only supports Chrome version 92&#10;Current browser version is 91.0.4472.114 with binary path /Applications/Google Chrome.app/Contents/MacOS/Google Chrome&#10;Build info: version: &apos;3.14.0&apos;, revision: &apos;aacccce0&apos;, time: &apos;2018-08-02T20:19:58.91Z&apos;&#10;System info: host: &apos;EQ-MAC-25.local&apos;, ip: &apos;fe80:0:0:0:7:f30a:a40c:8cf0%en0&apos;, os.name: &apos;Mac OS X&apos;, os.arch: &apos;x86_64&apos;, os.version: &apos;10.16&apos;, java.version: &apos;14.0.2&apos;&#10;Driver info: driver.version: ChromeDriver&#10;remote stacktrace: 0   chromedriver                        0x000000010d6f5eb9 chromedriver + 3059385&#10;1   chromedriver                        0x000000010de01963 chromedriver + 10447203&#10;2   chromedriver                        0x000000010d4352e8 chromedriver + 172776&#10;3   chromedriver                        0x000000010d45b16d chromedriver + 328045&#10;4   chromedriver                        0x000000010d456ca6 chromedriver + 310438&#10;5   chromedriver                        0x000000010d4537be chromedriver + 296894&#10;6   chromedriver                        0x000000010d48c54b chromedriver + 529739&#10;7   chromedriver                        0x000000010d486b83 chromedriver + 506755&#10;8   chromedriver                        0x000000010d45d480 chromedriver + 337024&#10;9   chromedriver                        0x000000010d45e615 chromedriver + 341525&#10;10  chromedriver                        0x000000010d6c0d9f chromedriver + 2842015&#10;11  chromedriver                        0x000000010d6d1562 chromedriver + 2909538&#10;12  chromedriver                        0x000000010d6d27cc chromedriver + 2914252&#10;13  chromedriver                        0x000000010d6a5f41 chromedriver + 2731841&#10;14  chromedriver                        0x000000010d6d2c9f chromedriver + 2915487&#10;15  chromedriver                        0x000000010d6b648c chromedriver + 2798732&#10;16  chromedriver                        0x000000010d6eac68 chromedriver + 3013736&#10;17  chromedriver                        0x000000010d6eadf1 chromedriver + 3014129&#10;18  chromedriver                        0x000000010d6fbb68 chromedriver + 3083112&#10;19  libsystem_pthread.dylib             0x00007fff2057e954 _pthread_start + 224&#10;20  libsystem_pthread.dylib             0x00007fff2057a4a7 thread_start + 15&#10;"/>
  </testcase>
  <testcase name="functionsWithCM" classname="eqcare.peerjitestcases.copy.ClinicPeerji" time="0">
    <skipped message="session not created: This version of ChromeDriver only supports Chrome version 92&#10;Current browser version is 91.0.4472.114 with binary path /Applications/Google Chrome.app/Contents/MacOS/Google Chrome&#10;Build info: version: &apos;3.14.0&apos;, revision: &apos;aacccce0&apos;, time: &apos;2018-08-02T20:19:58.91Z&apos;&#10;System info: host: &apos;EQ-MAC-25.local&apos;, ip: &apos;fe80:0:0:0:7:f30a:a40c:8cf0%en0&apos;, os.name: &apos;Mac OS X&apos;, os.arch: &apos;x86_64&apos;, os.version: &apos;10.16&apos;, java.version: &apos;14.0.2&apos;&#10;Driver info: driver.version: ChromeDriver&#10;remote stacktrace: 0   chromedriver                        0x000000010d6f5eb9 chromedriver + 3059385&#10;1   chromedriver                        0x000000010de01963 chromedriver + 10447203&#10;2   chromedriver                        0x000000010d4352e8 chromedriver + 172776&#10;3   chromedriver                        0x000000010d45b16d chromedriver + 328045&#10;4   chromedriver                        0x000000010d456ca6 chromedriver + 310438&#10;5   chromedriver                        0x000000010d4537be chromedriver + 296894&#10;6   chromedriver                        0x000000010d48c54b chromedriver + 529739&#10;7   chromedriver                        0x000000010d486b83 chromedriver + 506755&#10;8   chromedriver                        0x000000010d45d480 chromedriver + 337024&#10;9   chromedriver                        0x000000010d45e615 chromedriver + 341525&#10;10  chromedriver                        0x000000010d6c0d9f chromedriver + 2842015&#10;11  chromedriver                        0x000000010d6d1562 chromedriver + 2909538&#10;12  chromedriver                        0x000000010d6d27cc chromedriver + 2914252&#10;13  chromedriver                        0x000000010d6a5f41 chromedriver + 2731841&#10;14  chromedriver                        0x000000010d6d2c9f chromedriver + 2915487&#10;15  chromedriver                        0x000000010d6b648c chromedriver + 2798732&#10;16  chromedriver                        0x000000010d6eac68 chromedriver + 3013736&#10;17  chromedriver                        0x000000010d6eadf1 chromedriver + 3014129&#10;18  chromedriver                        0x000000010d6fbb68 chromedriver + 3083112&#10;19  libsystem_pthread.dylib             0x00007fff2057e954 _pthread_start + 224&#10;20  libsystem_pthread.dylib             0x00007fff2057a4a7 thread_start + 15&#10;"/>
  </testcase>
  <testcase name="patientChats" classname="eqcare.peerjitestcases.copy.ClinicPeerji" time="0">
    <skipped message="Method ClinicPeerji.patientChats()[pri:5, instance:eqcare.peerjitestcases.copy.ClinicPeerji@306f16f3] depends on not successfully finished methods"/>
  </testcase>
  <testcase name="transferPatientToNurse" classname="eqcare.peerjitestcases.copy.ClinicPeerji" time="0">
    <skipped message="session not created: This version of ChromeDriver only supports Chrome version 92&#10;Current browser version is 91.0.4472.114 with binary path /Applications/Google Chrome.app/Contents/MacOS/Google Chrome&#10;Build info: version: &apos;3.14.0&apos;, revision: &apos;aacccce0&apos;, time: &apos;2018-08-02T20:19:58.91Z&apos;&#10;System info: host: &apos;EQ-MAC-25.local&apos;, ip: &apos;fe80:0:0:0:7:f30a:a40c:8cf0%en0&apos;, os.name: &apos;Mac OS X&apos;, os.arch: &apos;x86_64&apos;, os.version: &apos;10.16&apos;, java.version: &apos;14.0.2&apos;&#10;Driver info: driver.version: ChromeDriver&#10;remote stacktrace: 0   chromedriver                        0x000000010d6f5eb9 chromedriver + 3059385&#10;1   chromedriver                        0x000000010de01963 chromedriver + 10447203&#10;2   chromedriver                        0x000000010d4352e8 chromedriver + 172776&#10;3   chromedriver                        0x000000010d45b16d chromedriver + 328045&#10;4   chromedriver                        0x000000010d456ca6 chromedriver + 310438&#10;5   chromedriver                        0x000000010d4537be chromedriver + 296894&#10;6   chromedriver                        0x000000010d48c54b chromedriver + 529739&#10;7   chromedriver                        0x000000010d486b83 chromedriver + 506755&#10;8   chromedriver                        0x000000010d45d480 chromedriver + 337024&#10;9   chromedriver                        0x000000010d45e615 chromedriver + 341525&#10;10  chromedriver                        0x000000010d6c0d9f chromedriver + 2842015&#10;11  chromedriver                        0x000000010d6d1562 chromedriver + 2909538&#10;12  chromedriver                        0x000000010d6d27cc chromedriver + 2914252&#10;13  chromedriver                        0x000000010d6a5f41 chromedriver + 2731841&#10;14  chromedriver                        0x000000010d6d2c9f chromedriver + 2915487&#10;15  chromedriver                        0x000000010d6b648c chromedriver + 2798732&#10;16  chromedriver                        0x000000010d6eac68 chromedriver + 3013736&#10;17  chromedriver                        0x000000010d6eadf1 chromedriver + 3014129&#10;18  chromedriver                        0x000000010d6fbb68 chromedriver + 3083112&#10;19  libsystem_pthread.dylib             0x00007fff2057e954 _pthread_start + 224&#10;20  libsystem_pthread.dylib             0x00007fff2057a4a7 thread_start + 15&#10;"/>
  </testcase>
  <testcase name="navigateToNurse" classname="eqcare.peerjitestcases.copy.ClinicPeerji" time="0">
    <skipped message="Method ClinicPeerji.navigateToNurse(java.lang.String)[pri:7, instance:eqcare.peerjitestcases.copy.ClinicPeerji@306f16f3] depends on not successfully finished methods"/>
  </testcase>
  <testcase name="patientChatsToNurse" classname="eqcare.peerjitestcases.copy.ClinicPeerji" time="0">
    <skipped message="Method ClinicPeerji.patientChatsToNurse()[pri:8, instance:eqcare.peerjitestcases.copy.ClinicPeerji@306f16f3] depends on not successfully finished methods"/>
  </testcase>
  <testcase name="transferPatientToCoctor" classname="eqcare.peerjitestcases.copy.ClinicPeerji" time="0">
    <skipped message="Method ClinicPeerji.transferPatientToCoctor()[pri:9, instance:eqcare.peerjitestcases.copy.ClinicPeerji@306f16f3] depends on not successfully finished methods"/>
  </testcase>
  <testcase name="navigateToDr" classname="eqcare.peerjitestcases.copy.ClinicPeerji" time="0">
    <skipped message="Method ClinicPeerji.navigateToDr(java.lang.String)[pri:10, instance:eqcare.peerjitestcases.copy.ClinicPeerji@306f16f3] depends on not successfully finished methods"/>
  </testcase>
  <testcase name="patientChatsToDoctor" classname="eqcare.peerjitestcases.copy.ClinicPeerji" time="0">
    <skipped message="Method ClinicPeerji.patientChatsToDoctor()[pri:11, instance:eqcare.peerjitestcases.copy.ClinicPeerji@306f16f3] depends on not successfully finished methods"/>
  </testcase>
  <testcase name="doctorEndConsultation" classname="eqcare.peerjitestcases.copy.ClinicPeerji" time="0">
    <skipped message="Method ClinicPeerji.doctorEndConsultation()[pri:12, instance:eqcare.peerjitestcases.copy.ClinicPeerji@306f16f3] depends on not successfully finished methods"/>
  </testcase>
  <testcase name="feedback" classname="eqcare.peerjitestcases.copy.ClinicPeerji" time="0">
    <skipped message="Method ClinicPeerji.feedback()[pri:13, instance:eqcare.peerjitestcases.copy.ClinicPeerji@306f16f3] depends on not successfully finished methods"/>
  </testcase>
  <testcase name="inbox" classname="eqcare.peerjitestcases.copy.ClinicPeerji" time="0">
    <skipped message="Method ClinicPeerji.inbox()[pri:14, instance:eqcare.peerjitestcases.copy.ClinicPeerji@306f16f3] depends on not successfully finished methods"/>
  </testcase>
  <testcase name="tearDown" classname="eqcare.peerjitestcases.copy.ClinicPeerji" time="0">
    <skipped/>
  </testcase>
</testsuite>