<?xml version="1.0" encoding="UTF-8"?>
<testng-results ignored="1" total="5" passed="4" failed="0" skipped="0">
  <reporter-output>
  </reporter-output>
  <suite started-at="2021-07-14T19:21:50 EDT" name="Suite" finished-at="2021-07-14T19:31:25 EDT" duration-ms="575016">
    <groups>
    </groups>
    <test started-at="2021-07-14T19:21:50 EDT" name="Test" finished-at="2021-07-14T19:31:25 EDT" duration-ms="575016">
      <class name="eqcare.peerjitestcases.copy.ClinicPeerji">
        <test-method is-config="true" signature="setUp(java.lang.String, java.lang.String, java.lang.String)[pri:0, instance:eqcare.peerjitestcases.copy.ClinicPeerji@67080771]" started-at="2021-07-14T19:21:50 EDT" name="setUp" finished-at="2021-07-14T19:23:42 EDT" duration-ms="112186" status="PASS">
          <params>
            <param index="0">
              <value>
                <![CDATA[Chrome]]>
              </value>
            </param>
            <param index="1">
              <value>
                <![CDATA[https://patient.eqserviceqa1.eqcaredev.com/login]]>
              </value>
            </param>
            <param index="2">
              <value>
                <![CDATA[eq]]>
              </value>
            </param>
          </params>
          <reporter-output>
          </reporter-output>
        </test-method> <!-- setUp -->
        <test-method signature="loginToPatient(java.lang.String, java.lang.String)[pri:1, instance:eqcare.peerjitestcases.copy.ClinicPeerji@67080771]" started-at="2021-07-14T19:23:42 EDT" name="loginToPatient" finished-at="2021-07-14T19:24:57 EDT" duration-ms="75451" status="PASS">
          <params>
            <param index="0">
              <value>
                <![CDATA[sdhall@eqcare.com]]>
              </value>
            </param>
            <param index="1">
              <value>
                <![CDATA[secret]]>
              </value>
            </param>
          </params>
          <reporter-output>
          </reporter-output>
        </test-method> <!-- loginToPatient -->
        <test-method signature="loginToClinicApplication()[pri:2, instance:eqcare.peerjitestcases.copy.ClinicPeerji@67080771]" started-at="2021-07-14T19:24:57 EDT" name="loginToClinicApplication" finished-at="2021-07-14T19:27:25 EDT" duration-ms="148115" status="PASS">
          <reporter-output>
          </reporter-output>
        </test-method> <!-- loginToClinicApplication -->
        <test-method signature="navigateToNurse()[pri:3, instance:eqcare.peerjitestcases.copy.ClinicPeerji@67080771]" started-at="2021-07-14T19:27:25 EDT" name="navigateToNurse" finished-at="2021-07-14T19:29:46 EDT" duration-ms="140561" status="PASS">
          <reporter-output>
          </reporter-output>
        </test-method> <!-- navigateToNurse -->
        <test-method signature="navigateToDr()[pri:4, instance:eqcare.peerjitestcases.copy.ClinicPeerji@67080771]" started-at="2021-07-14T19:29:46 EDT" name="navigateToDr" finished-at="2021-07-14T19:31:19 EDT" duration-ms="93068" status="PASS">
          <reporter-output>
          </reporter-output>
        </test-method> <!-- navigateToDr -->
        <test-method is-config="true" signature="tearDown()[pri:0, instance:eqcare.peerjitestcases.copy.ClinicPeerji@67080771]" started-at="2021-07-14T19:31:19 EDT" name="tearDown" finished-at="2021-07-14T19:31:25 EDT" duration-ms="5535" status="PASS">
          <reporter-output>
          </reporter-output>
        </test-method> <!-- tearDown -->
      </class> <!-- eqcare.peerjitestcases.copy.ClinicPeerji -->
    </test> <!-- Test -->
  </suite> <!-- Suite -->
</testng-results>
