<?xml version="1.0" encoding="UTF-8"?>
<testng-results ignored="1" total="5" passed="4" failed="0" skipped="0">
  <reporter-output>
  </reporter-output>
  <suite started-at="2021-04-06T15:17:09 EDT" name="Suite" finished-at="2021-04-06T15:18:40 EDT" duration-ms="90419">
    <groups>
    </groups>
    <test started-at="2021-04-06T15:17:09 EDT" name="Test" finished-at="2021-04-06T15:18:40 EDT" duration-ms="90419">
      <class name="eqcare.peerjitestcases.TC1_LifeJourneyEndScenarios">
        <test-method is-config="true" signature="setupReport()[pri:0, instance:eqcare.peerjitestcases.TC1_LifeJourneyEndScenarios@223d2c72]" started-at="2021-04-06T15:17:09 EDT" name="setupReport" finished-at="2021-04-06T15:17:09 EDT" duration-ms="8" status="PASS">
          <reporter-output>
          </reporter-output>
        </test-method> <!-- setupReport -->
        <test-method is-config="true" signature="setUp(java.lang.String, java.lang.String, java.lang.String)[pri:0, instance:eqcare.peerjitestcases.TC1_LifeJourneyEndScenarios@223d2c72]" started-at="2021-04-06T15:17:09 EDT" name="setUp" finished-at="2021-04-06T15:17:30 EDT" duration-ms="21230" status="PASS">
          <params>
            <param index="0">
              <value>
                <![CDATA[Chrome]]>
              </value>
            </param>
            <param index="1">
              <value>
                <![CDATA[https://patient.eqserviceqa2.eqcaredev.com/login/]]>
              </value>
            </param>
            <param index="2">
              <value>
                <![CDATA[eq]]>
              </value>
            </param>
          </params>
          <reporter-output>
          </reporter-output>
        </test-method> <!-- setUp -->
        <test-method signature="verifyPage()[pri:1, instance:eqcare.peerjitestcases.TC1_LifeJourneyEndScenarios@223d2c72]" started-at="2021-04-06T15:17:30 EDT" name="verifyPage" finished-at="2021-04-06T15:17:43 EDT" duration-ms="12639" status="PASS">
          <reporter-output>
          </reporter-output>
        </test-method> <!-- verifyPage -->
        <test-method is-config="true" signature="tearDownReport(org.testng.ITestResult)[pri:0, instance:eqcare.peerjitestcases.TC1_LifeJourneyEndScenarios@223d2c72]" started-at="2021-04-06T15:17:43 EDT" name="tearDownReport" finished-at="2021-04-06T15:17:43 EDT" duration-ms="282" status="PASS">
          <params>
            <param index="0">
              <value>
                <![CDATA[[TestResult name=verifyPage status=SUCCESS method=TC1_LifeJourneyEndScenarios.verifyPage()[pri:1, instance:eqcare.peerjitestcases.TC1_LifeJourneyEndScenarios@223d2c72] output={null}]]]>
              </value>
            </param>
          </params>
          <reporter-output>
          </reporter-output>
        </test-method> <!-- tearDownReport -->
        <test-method signature="verifyStartLifeJourney()[pri:2, instance:eqcare.peerjitestcases.TC1_LifeJourneyEndScenarios@223d2c72]" started-at="2021-04-06T15:17:43 EDT" name="verifyStartLifeJourney" finished-at="2021-04-06T15:18:09 EDT" duration-ms="25696" status="PASS">
          <reporter-output>
          </reporter-output>
        </test-method> <!-- verifyStartLifeJourney -->
        <test-method is-config="true" signature="tearDownReport(org.testng.ITestResult)[pri:0, instance:eqcare.peerjitestcases.TC1_LifeJourneyEndScenarios@223d2c72]" started-at="2021-04-06T15:18:09 EDT" name="tearDownReport" finished-at="2021-04-06T15:18:09 EDT" duration-ms="18" status="PASS">
          <params>
            <param index="0">
              <value>
                <![CDATA[[TestResult name=verifyStartLifeJourney status=SUCCESS method=TC1_LifeJourneyEndScenarios.verifyStartLifeJourney()[pri:2, instance:eqcare.peerjitestcases.TC1_LifeJourneyEndScenarios@223d2c72] output={null}]]]>
              </value>
            </param>
          </params>
          <reporter-output>
          </reporter-output>
        </test-method> <!-- tearDownReport -->
        <test-method signature="verifyEQMedicalClinic()[pri:3, instance:eqcare.peerjitestcases.TC1_LifeJourneyEndScenarios@223d2c72]" started-at="2021-04-06T15:18:09 EDT" name="verifyEQMedicalClinic" finished-at="2021-04-06T15:18:25 EDT" duration-ms="15641" status="PASS">
          <reporter-output>
          </reporter-output>
        </test-method> <!-- verifyEQMedicalClinic -->
        <test-method is-config="true" signature="tearDownReport(org.testng.ITestResult)[pri:0, instance:eqcare.peerjitestcases.TC1_LifeJourneyEndScenarios@223d2c72]" started-at="2021-04-06T15:18:25 EDT" name="tearDownReport" finished-at="2021-04-06T15:18:25 EDT" duration-ms="18" status="PASS">
          <params>
            <param index="0">
              <value>
                <![CDATA[[TestResult name=verifyEQMedicalClinic status=SUCCESS method=TC1_LifeJourneyEndScenarios.verifyEQMedicalClinic()[pri:3, instance:eqcare.peerjitestcases.TC1_LifeJourneyEndScenarios@223d2c72] output={null}]]]>
              </value>
            </param>
          </params>
          <reporter-output>
          </reporter-output>
        </test-method> <!-- tearDownReport -->
        <test-method signature="verifyflowerInformation()[pri:4, instance:eqcare.peerjitestcases.TC1_LifeJourneyEndScenarios@223d2c72]" started-at="2021-04-06T15:18:25 EDT" name="verifyflowerInformation" finished-at="2021-04-06T15:18:39 EDT" duration-ms="14593" status="PASS">
          <reporter-output>
          </reporter-output>
        </test-method> <!-- verifyflowerInformation -->
        <test-method is-config="true" signature="tearDownReport(org.testng.ITestResult)[pri:0, instance:eqcare.peerjitestcases.TC1_LifeJourneyEndScenarios@223d2c72]" started-at="2021-04-06T15:18:39 EDT" name="tearDownReport" finished-at="2021-04-06T15:18:39 EDT" duration-ms="11" status="PASS">
          <params>
            <param index="0">
              <value>
                <![CDATA[[TestResult name=verifyflowerInformation status=SUCCESS method=TC1_LifeJourneyEndScenarios.verifyflowerInformation()[pri:4, instance:eqcare.peerjitestcases.TC1_LifeJourneyEndScenarios@223d2c72] output={null}]]]>
              </value>
            </param>
          </params>
          <reporter-output>
          </reporter-output>
        </test-method> <!-- tearDownReport -->
        <test-method is-config="true" signature="tearDown()[pri:0, instance:eqcare.peerjitestcases.TC1_LifeJourneyEndScenarios@223d2c72]" started-at="2021-04-06T15:18:39 EDT" name="tearDown" finished-at="2021-04-06T15:18:40 EDT" duration-ms="267" status="PASS">
          <reporter-output>
          </reporter-output>
        </test-method> <!-- tearDown -->
      </class> <!-- eqcare.peerjitestcases.TC1_LifeJourneyEndScenarios -->
    </test> <!-- Test -->
  </suite> <!-- Suite -->
</testng-results>
