<?xml version="1.0" encoding="UTF-8"?>
<testng-results ignored="0" total="2" passed="1" failed="1" skipped="0">
  <reporter-output>
  </reporter-output>
  <suite started-at="2020-11-11T12:01:05 EST" name="Default suite" finished-at="2020-11-11T12:01:37 EST" duration-ms="32025">
    <groups>
    </groups>
    <test started-at="2020-11-11T12:01:05 EST" name="Default test" finished-at="2020-11-11T12:01:37 EST" duration-ms="32025">
      <class name="AutomatedTests.TC1_CovidResultsForm">
        <test-method is-config="true" signature="setupReport()[pri:0, instance:AutomatedTests.TC1_CovidResultsForm@78dd667e]" started-at="2020-11-11T12:01:05 EST" name="setupReport" finished-at="2020-11-11T12:01:05 EST" duration-ms="123" status="PASS">
          <reporter-output>
          </reporter-output>
        </test-method> <!-- setupReport -->
        <test-method is-config="true" signature="setUp()[pri:0, instance:AutomatedTests.TC1_CovidResultsForm@78dd667e]" started-at="2020-11-11T12:01:05 EST" name="setUp" finished-at="2020-11-11T12:01:09 EST" duration-ms="4606" status="PASS">
          <reporter-output>
          </reporter-output>
        </test-method> <!-- setUp -->
        <test-method signature="verifyPage()[pri:0, instance:AutomatedTests.TC1_CovidResultsForm@78dd667e]" started-at="2020-11-11T12:01:09 EST" name="verifyPage" finished-at="2020-11-11T12:01:09 EST" duration-ms="58" status="PASS">
          <reporter-output>
          </reporter-output>
        </test-method> <!-- verifyPage -->
        <test-method is-config="true" signature="tearDownReport(org.testng.ITestResult)[pri:0, instance:AutomatedTests.TC1_CovidResultsForm@78dd667e]" started-at="2020-11-11T12:01:09 EST" name="tearDownReport" finished-at="2020-11-11T12:01:10 EST" duration-ms="243" status="PASS">
          <params>
            <param index="0">
              <value>
                <![CDATA[[TestResult name=verifyPage status=SUCCESS method=TC1_CovidResultsForm.verifyPage()[pri:0, instance:AutomatedTests.TC1_CovidResultsForm@78dd667e] output={null}]]]>
              </value>
            </param>
          </params>
          <reporter-output>
          </reporter-output>
        </test-method> <!-- tearDownReport -->
        <test-method signature="validInputRegisterationTest()[pri:1, instance:AutomatedTests.TC1_CovidResultsForm@78dd667e]" started-at="2020-11-11T12:01:10 EST" name="validInputRegisterationTest" finished-at="2020-11-11T12:01:36 EST" depends-on-methods="AutomatedTests.TC1_CovidResultsForm.verifyPage" duration-ms="26602" status="FAIL">
          <exception class="org.openqa.selenium.TimeoutException">
            <message>
              <![CDATA[Expected condition failed: waiting for element to be clickable: By.xpath: //button[text()='Submit Form'] (tried for 15 second(s) with 500 milliseconds interval)]]>
            </message>
            <full-stacktrace>
              <![CDATA[org.openqa.selenium.TimeoutException: Expected condition failed: waiting for element to be clickable: By.xpath: //button[text()='Submit Form'] (tried for 15 second(s) with 500 milliseconds interval)
at org.openqa.selenium.support.ui.WebDriverWait.timeoutException(WebDriverWait.java:113)
at org.openqa.selenium.support.ui.FluentWait.until(FluentWait.java:283)
at eqcare.helper.Utility.waitForWebElement(Utility.java:112)
at eqcare.pages.CovidResultsFormPage.Registeration(CovidResultsFormPage.java:93)
at AutomatedTests.TC1_CovidResultsForm.validInputRegisterationTest(TC1_CovidResultsForm.java:43)
at java.base/jdk.internal.reflect.NativeMethodAccessorImpl.invoke0(Native Method)
at java.base/jdk.internal.reflect.NativeMethodAccessorImpl.invoke(NativeMethodAccessorImpl.java:62)
at java.base/jdk.internal.reflect.DelegatingMethodAccessorImpl.invoke(DelegatingMethodAccessorImpl.java:43)
at java.base/java.lang.reflect.Method.invoke(Method.java:564)
at org.testng.internal.MethodInvocationHelper.invokeMethod(MethodInvocationHelper.java:132)
at org.testng.internal.TestInvoker.invokeMethod(TestInvoker.java:599)
at org.testng.internal.TestInvoker.invokeTestMethod(TestInvoker.java:174)
at org.testng.internal.MethodRunner.runInSequence(MethodRunner.java:46)
at org.testng.internal.TestInvoker$MethodInvocationAgent.invoke(TestInvoker.java:822)
at org.testng.internal.TestInvoker.invokeTestMethods(TestInvoker.java:147)
at org.testng.internal.TestMethodWorker.invokeTestMethods(TestMethodWorker.java:146)
at org.testng.internal.TestMethodWorker.run(TestMethodWorker.java:128)
at java.base/java.util.ArrayList.forEach(ArrayList.java:1511)
at org.testng.TestRunner.privateRun(TestRunner.java:764)
at org.testng.TestRunner.run(TestRunner.java:585)
at org.testng.SuiteRunner.runTest(SuiteRunner.java:384)
at org.testng.SuiteRunner.runSequentially(SuiteRunner.java:378)
at org.testng.SuiteRunner.privateRun(SuiteRunner.java:337)
at org.testng.SuiteRunner.run(SuiteRunner.java:286)
at org.testng.SuiteRunnerWorker.runSuite(SuiteRunnerWorker.java:53)
at org.testng.SuiteRunnerWorker.run(SuiteRunnerWorker.java:96)
at org.testng.TestNG.runSuitesSequentially(TestNG.java:1218)
at org.testng.TestNG.runSuitesLocally(TestNG.java:1140)
at org.testng.TestNG.runSuites(TestNG.java:1069)
at org.testng.TestNG.run(TestNG.java:1037)
at org.testng.remote.AbstractRemoteTestNG.run(AbstractRemoteTestNG.java:115)
at org.testng.remote.RemoteTestNG.initAndRun(RemoteTestNG.java:251)
at org.testng.remote.RemoteTestNG.main(RemoteTestNG.java:77)
Caused by: org.openqa.selenium.NoSuchElementException: Cannot locate an element using By.xpath: //button[text()='Submit Form']
For documentation on this error, please visit: http://seleniumhq.org/exceptions/no_such_element.html
Build info: version: '3.14.0', revision: 'aacccce0', time: '2018-08-02T20:19:58.91Z'
System info: host: 'EQ-MAC-25.local', ip: 'fe80:0:0:0:14b7:e400:abc2:7df3%en0', os.name: 'Mac OS X', os.arch: 'x86_64', os.version: '10.15.6', java.version: '14.0.2'
Driver info: driver.version: unknown
at org.openqa.selenium.support.ui.ExpectedConditions.lambda$findElement$0(ExpectedConditions.java:896)
at java.base/java.util.Optional.orElseThrow(Optional.java:401)
at org.openqa.selenium.support.ui.ExpectedConditions.findElement(ExpectedConditions.java:895)
at org.openqa.selenium.support.ui.ExpectedConditions.access$000(ExpectedConditions.java:44)
at org.openqa.selenium.support.ui.ExpectedConditions$7.apply(ExpectedConditions.java:206)
at org.openqa.selenium.support.ui.ExpectedConditions$7.apply(ExpectedConditions.java:202)
at org.openqa.selenium.support.ui.ExpectedConditions$22.apply(ExpectedConditions.java:657)
at org.openqa.selenium.support.ui.ExpectedConditions$22.apply(ExpectedConditions.java:654)
at org.openqa.selenium.support.ui.FluentWait.until(FluentWait.java:260)
... 31 more
]]>
            </full-stacktrace>
          </exception> <!-- org.openqa.selenium.TimeoutException -->
          <reporter-output>
          </reporter-output>
        </test-method> <!-- validInputRegisterationTest -->
        <test-method is-config="true" signature="tearDownReport(org.testng.ITestResult)[pri:0, instance:AutomatedTests.TC1_CovidResultsForm@78dd667e]" started-at="2020-11-11T12:01:36 EST" name="tearDownReport" finished-at="2020-11-11T12:01:37 EST" duration-ms="360" status="PASS">
          <params>
            <param index="0">
              <value>
                <![CDATA[[TestResult name=validInputRegisterationTest status=FAILURE method=TC1_CovidResultsForm.validInputRegisterationTest()[pri:1, instance:AutomatedTests.TC1_CovidResultsForm@78dd667e] output={null}]]]>
              </value>
            </param>
          </params>
          <reporter-output>
          </reporter-output>
        </test-method> <!-- tearDownReport -->
        <test-method is-config="true" signature="tearDown()[pri:0, instance:AutomatedTests.TC1_CovidResultsForm@78dd667e]" started-at="2020-11-11T12:01:37 EST" name="tearDown" finished-at="2020-11-11T12:01:37 EST" duration-ms="129" status="PASS">
          <reporter-output>
          </reporter-output>
        </test-method> <!-- tearDown -->
      </class> <!-- AutomatedTests.TC1_CovidResultsForm -->
    </test> <!-- Default test -->
  </suite> <!-- Default suite -->
</testng-results>
