<?xml version="1.0" encoding="UTF-8"?>
<testng-results ignored="1" total="4" passed="3" failed="0" skipped="0">
  <reporter-output>
  </reporter-output>
  <suite started-at="2020-09-28T19:28:17 EDT" name="Default suite" finished-at="2020-09-28T19:28:40 EDT" duration-ms="23278">
    <groups>
    </groups>
    <test started-at="2020-09-28T19:28:17 EDT" name="Default test" finished-at="2020-09-28T19:28:40 EDT" duration-ms="23278">
      <class name="nova.testcases.NovaHomeScenarios3">
        <test-method is-config="true" signature="setupReport()[pri:0, instance:nova.testcases.NovaHomeScenarios3@11dc3715]" started-at="2020-09-28T19:28:17 EDT" name="setupReport" finished-at="2020-09-28T19:28:17 EDT" duration-ms="174" status="PASS">
          <reporter-output>
          </reporter-output>
        </test-method> <!-- setupReport -->
        <test-method is-config="true" signature="setUp()[pri:0, instance:nova.testcases.NovaHomeScenarios3@11dc3715]" started-at="2020-09-28T19:28:17 EDT" name="setUp" finished-at="2020-09-28T19:28:20 EDT" duration-ms="2649" status="PASS">
          <reporter-output>
          </reporter-output>
        </test-method> <!-- setUp -->
        <test-method signature="verifyPage()[pri:0, instance:nova.testcases.NovaHomeScenarios3@11dc3715]" started-at="2020-09-28T19:28:20 EDT" name="verifyPage" finished-at="2020-09-28T19:28:20 EDT" duration-ms="31" status="PASS">
          <reporter-output>
          </reporter-output>
        </test-method> <!-- verifyPage -->
        <test-method is-config="true" signature="tearDownReport(org.testng.ITestResult)[pri:0, instance:nova.testcases.NovaHomeScenarios3@11dc3715]" started-at="2020-09-28T19:28:20 EDT" name="tearDownReport" finished-at="2020-09-28T19:28:20 EDT" duration-ms="248" status="PASS">
          <params>
            <param index="0">
              <value>
                <![CDATA[[TestResult name=verifyPage status=SUCCESS method=NovaHomeScenarios3.verifyPage()[pri:0, instance:nova.testcases.NovaHomeScenarios3@11dc3715] output={null}]]]>
              </value>
            </param>
          </params>
          <reporter-output>
          </reporter-output>
        </test-method> <!-- tearDownReport -->
        <test-method signature="loginToApplication()[pri:1, instance:nova.testcases.NovaHomeScenarios3@11dc3715]" started-at="2020-09-28T19:28:20 EDT" name="loginToApplication" finished-at="2020-09-28T19:28:26 EDT" depends-on-methods="nova.testcases.NovaHomeScenarios3.verifyPage" duration-ms="6183" status="PASS">
          <reporter-output>
          </reporter-output>
        </test-method> <!-- loginToApplication -->
        <test-method is-config="true" signature="tearDownReport(org.testng.ITestResult)[pri:0, instance:nova.testcases.NovaHomeScenarios3@11dc3715]" started-at="2020-09-28T19:28:26 EDT" name="tearDownReport" finished-at="2020-09-28T19:28:26 EDT" duration-ms="21" status="PASS">
          <params>
            <param index="0">
              <value>
                <![CDATA[[TestResult name=loginToApplication status=SUCCESS method=NovaHomeScenarios3.loginToApplication()[pri:1, instance:nova.testcases.NovaHomeScenarios3@11dc3715] output={null}]]]>
              </value>
            </param>
          </params>
          <reporter-output>
          </reporter-output>
        </test-method> <!-- tearDownReport -->
        <test-method signature="CreateEmployee()[pri:2, instance:nova.testcases.NovaHomeScenarios3@11dc3715]" started-at="2020-09-28T19:28:26 EDT" name="CreateEmployee" finished-at="2020-09-28T19:28:40 EDT" depends-on-methods="nova.testcases.NovaHomeScenarios3.verifyPage" duration-ms="13938" status="PASS">
          <reporter-output>
          </reporter-output>
        </test-method> <!-- CreateEmployee -->
        <test-method is-config="true" signature="tearDownReport(org.testng.ITestResult)[pri:0, instance:nova.testcases.NovaHomeScenarios3@11dc3715]" started-at="2020-09-28T19:28:40 EDT" name="tearDownReport" finished-at="2020-09-28T19:28:40 EDT" duration-ms="21" status="PASS">
          <params>
            <param index="0">
              <value>
                <![CDATA[[TestResult name=CreateEmployee status=SUCCESS method=NovaHomeScenarios3.CreateEmployee()[pri:2, instance:nova.testcases.NovaHomeScenarios3@11dc3715] output={null}]]]>
              </value>
            </param>
          </params>
          <reporter-output>
          </reporter-output>
        </test-method> <!-- tearDownReport -->
        <test-method is-config="true" signature="tearDown()[pri:0, instance:nova.testcases.NovaHomeScenarios3@11dc3715]" started-at="2020-09-28T19:28:40 EDT" name="tearDown" finished-at="2020-09-28T19:28:40 EDT" duration-ms="157" status="PASS">
          <reporter-output>
          </reporter-output>
        </test-method> <!-- tearDown -->
      </class> <!-- nova.testcases.NovaHomeScenarios3 -->
    </test> <!-- Default test -->
  </suite> <!-- Default suite -->
</testng-results>
