<?xml version="1.0" encoding="UTF-8"?>
<testng-results ignored="5" total="7" passed="2" failed="0" skipped="0">
  <reporter-output>
  </reporter-output>
  <suite started-at="2020-08-23T18:17:02 EDT" name="Default suite" finished-at="2020-08-23T18:17:07 EDT" duration-ms="5122">
    <groups>
    </groups>
    <test started-at="2020-08-23T18:17:02 EDT" name="Default test" finished-at="2020-08-23T18:17:07 EDT" duration-ms="5122">
      <class name="eqcare.testcases.LoginScenarios">
        <test-method is-config="true" signature="setupReport()[pri:0, instance:eqcare.testcases.LoginScenarios@1a0dcaa]" started-at="2020-08-23T18:17:02 EDT" name="setupReport" finished-at="2020-08-23T18:17:02 EDT" duration-ms="131" status="PASS">
          <reporter-output>
          </reporter-output>
        </test-method> <!-- setupReport -->
        <test-method is-config="true" signature="setUp()[pri:0, instance:eqcare.testcases.LoginScenarios@1a0dcaa]" started-at="2020-08-23T18:17:02 EDT" name="setUp" finished-at="2020-08-23T18:17:06 EDT" duration-ms="3337" status="PASS">
          <reporter-output>
          </reporter-output>
        </test-method> <!-- setUp -->
        <test-method signature="verifyPage()[pri:0, instance:eqcare.testcases.LoginScenarios@1a0dcaa]" started-at="2020-08-23T18:17:06 EDT" name="verifyPage" finished-at="2020-08-23T18:17:06 EDT" duration-ms="29" status="PASS">
          <reporter-output>
          </reporter-output>
        </test-method> <!-- verifyPage -->
        <test-method is-config="true" signature="tearDownReport(org.testng.ITestResult)[pri:0, instance:eqcare.testcases.LoginScenarios@1a0dcaa]" started-at="2020-08-23T18:17:06 EDT" name="tearDownReport" finished-at="2020-08-23T18:17:06 EDT" duration-ms="232" status="PASS">
          <params>
            <param index="0">
              <value>
                <![CDATA[[TestResult name=verifyPage status=SUCCESS method=LoginScenarios.verifyPage()[pri:0, instance:eqcare.testcases.LoginScenarios@1a0dcaa] output={null}]]]>
              </value>
            </param>
          </params>
          <reporter-output>
          </reporter-output>
        </test-method> <!-- tearDownReport -->
        <test-method signature="verifyLanguageLink()[pri:1, instance:eqcare.testcases.LoginScenarios@1a0dcaa]" started-at="2020-08-23T18:17:06 EDT" name="verifyLanguageLink" finished-at="2020-08-23T18:17:07 EDT" depends-on-methods="eqcare.testcases.LoginScenarios.verifyPage" duration-ms="1283" status="PASS">
          <reporter-output>
          </reporter-output>
        </test-method> <!-- verifyLanguageLink -->
        <test-method is-config="true" signature="tearDownReport(org.testng.ITestResult)[pri:0, instance:eqcare.testcases.LoginScenarios@1a0dcaa]" started-at="2020-08-23T18:17:07 EDT" name="tearDownReport" finished-at="2020-08-23T18:17:07 EDT" duration-ms="8" status="PASS">
          <params>
            <param index="0">
              <value>
                <![CDATA[[TestResult name=verifyLanguageLink status=SUCCESS method=LoginScenarios.verifyLanguageLink()[pri:1, instance:eqcare.testcases.LoginScenarios@1a0dcaa] output={null}]]]>
              </value>
            </param>
          </params>
          <reporter-output>
          </reporter-output>
        </test-method> <!-- tearDownReport -->
        <test-method is-config="true" signature="tearDown()[pri:0, instance:eqcare.testcases.LoginScenarios@1a0dcaa]" started-at="2020-08-23T18:17:07 EDT" name="tearDown" finished-at="2020-08-23T18:17:07 EDT" duration-ms="197" status="PASS">
          <reporter-output>
          </reporter-output>
        </test-method> <!-- tearDown -->
      </class> <!-- eqcare.testcases.LoginScenarios -->
    </test> <!-- Default test -->
  </suite> <!-- Default suite -->
</testng-results>
