<?xml version="1.0" encoding="UTF-8"?>
<testng-results ignored="0" total="1" passed="1" failed="0" skipped="0">
  <reporter-output>
  </reporter-output>
  <suite started-at="2021-03-23T15:30:12 EDT" name="Default suite" finished-at="2021-03-23T15:30:28 EDT" duration-ms="16269">
    <groups>
    </groups>
    <test started-at="2021-03-23T15:30:12 EDT" name="Default test" finished-at="2021-03-23T15:30:28 EDT" duration-ms="16269">
      <class name="eqcare.testcases.Peerjitc">
        <test-method is-config="true" signature="setupReport()[pri:0, instance:eqcare.testcases.Peerjitc@10959ece]" started-at="2021-03-23T15:30:11 EDT" name="setupReport" finished-at="2021-03-23T15:30:12 EDT" duration-ms="117" status="PASS">
          <reporter-output>
          </reporter-output>
        </test-method> <!-- setupReport -->
        <test-method is-config="true" signature="setUp()[pri:0, instance:eqcare.testcases.Peerjitc@10959ece]" started-at="2021-03-23T15:30:12 EDT" name="setUp" finished-at="2021-03-23T15:30:27 EDT" duration-ms="15408" status="PASS">
          <reporter-output>
          </reporter-output>
        </test-method> <!-- setUp -->
        <test-method signature="verifyPage()[pri:0, instance:eqcare.testcases.Peerjitc@10959ece]" started-at="2021-03-23T15:30:27 EDT" name="verifyPage" finished-at="2021-03-23T15:30:27 EDT" duration-ms="97" status="PASS">
          <reporter-output>
          </reporter-output>
        </test-method> <!-- verifyPage -->
        <test-method is-config="true" signature="tearDownReport(org.testng.ITestResult)[pri:0, instance:eqcare.testcases.Peerjitc@10959ece]" started-at="2021-03-23T15:30:27 EDT" name="tearDownReport" finished-at="2021-03-23T15:30:27 EDT" duration-ms="373" status="PASS">
          <params>
            <param index="0">
              <value>
                <![CDATA[[TestResult name=verifyPage status=SUCCESS method=Peerjitc.verifyPage()[pri:0, instance:eqcare.testcases.Peerjitc@10959ece] output={null}]]]>
              </value>
            </param>
          </params>
          <reporter-output>
          </reporter-output>
        </test-method> <!-- tearDownReport -->
        <test-method is-config="true" signature="tearDown()[pri:0, instance:eqcare.testcases.Peerjitc@10959ece]" started-at="2021-03-23T15:30:27 EDT" name="tearDown" finished-at="2021-03-23T15:30:28 EDT" duration-ms="350" status="PASS">
          <reporter-output>
          </reporter-output>
        </test-method> <!-- tearDown -->
      </class> <!-- eqcare.testcases.Peerjitc -->
    </test> <!-- Default test -->
  </suite> <!-- Default suite -->
</testng-results>
