<?xml version="1.0" encoding="UTF-8"?>
<testng-results ignored="7" total="8" passed="1" failed="0" skipped="0">
  <reporter-output>
  </reporter-output>
  <suite started-at="2020-09-22T22:43:16 EDT" name="Default suite" finished-at="2020-09-22T22:43:24 EDT" duration-ms="8033">
    <groups>
    </groups>
    <test started-at="2020-09-22T22:43:16 EDT" name="Default test" finished-at="2020-09-22T22:43:24 EDT" duration-ms="8033">
      <class name="eqcare.testcases.LoginScenarios2">
        <test-method is-config="true" signature="setupReport()[pri:0, instance:eqcare.testcases.LoginScenarios2@2aa3cd93]" started-at="2020-09-22T22:43:16 EDT" name="setupReport" finished-at="2020-09-22T22:43:16 EDT" duration-ms="134" status="PASS">
          <reporter-output>
          </reporter-output>
        </test-method> <!-- setupReport -->
        <test-method is-config="true" signature="setUp()[pri:0, instance:eqcare.testcases.LoginScenarios2@2aa3cd93]" started-at="2020-09-22T22:43:16 EDT" name="setUp" finished-at="2020-09-22T22:43:21 EDT" duration-ms="4499" status="PASS">
          <reporter-output>
          </reporter-output>
        </test-method> <!-- setUp -->
        <test-method signature="verifyPage()[pri:0, instance:eqcare.testcases.LoginScenarios2@2aa3cd93]" started-at="2020-09-22T22:43:21 EDT" name="verifyPage" finished-at="2020-09-22T22:43:24 EDT" duration-ms="2993" status="PASS">
          <reporter-output>
          </reporter-output>
        </test-method> <!-- verifyPage -->
        <test-method is-config="true" signature="tearDownReport(org.testng.ITestResult)[pri:0, instance:eqcare.testcases.LoginScenarios2@2aa3cd93]" started-at="2020-09-22T22:43:24 EDT" name="tearDownReport" finished-at="2020-09-22T22:43:24 EDT" duration-ms="271" status="PASS">
          <params>
            <param index="0">
              <value>
                <![CDATA[[TestResult name=verifyPage status=SUCCESS method=LoginScenarios2.verifyPage()[pri:0, instance:eqcare.testcases.LoginScenarios2@2aa3cd93] output={null}]]]>
              </value>
            </param>
          </params>
          <reporter-output>
          </reporter-output>
        </test-method> <!-- tearDownReport -->
        <test-method is-config="true" signature="tearDown()[pri:0, instance:eqcare.testcases.LoginScenarios2@2aa3cd93]" started-at="2020-09-22T22:43:24 EDT" name="tearDown" finished-at="2020-09-22T22:43:24 EDT" duration-ms="244" status="PASS">
          <reporter-output>
          </reporter-output>
        </test-method> <!-- tearDown -->
      </class> <!-- eqcare.testcases.LoginScenarios2 -->
    </test> <!-- Default test -->
  </suite> <!-- Default suite -->
</testng-results>
