<?xml version="1.0" encoding="UTF-8"?>
<testng-results ignored="0" total="1" passed="1" failed="0" skipped="0">
  <reporter-output>
  </reporter-output>
  <suite started-at="2020-08-28T02:30:01 EDT" name="Default suite" finished-at="2020-08-28T02:30:02 EDT" duration-ms="846">
    <groups>
    </groups>
    <test started-at="2020-08-28T02:30:01 EDT" name="Default test" finished-at="2020-08-28T02:30:02 EDT" duration-ms="846">
      <class name="com.practitest.examples.runWithAttachments">
        <test-method signature="runTestResults()[pri:0, instance:com.practitest.examples.runWithAttachments@5db45159]" started-at="2020-08-28T02:30:01 EDT" name="runTestResults" finished-at="2020-08-28T02:30:02 EDT" duration-ms="820" status="PASS">
          <reporter-output>
          </reporter-output>
        </test-method> <!-- runTestResults -->
      </class> <!-- com.practitest.examples.runWithAttachments -->
    </test> <!-- Default test -->
  </suite> <!-- Default suite -->
</testng-results>
