<?xml version="1.0" encoding="UTF-8"?>
<testng-results ignored="1" total="3" passed="2" failed="0" skipped="0">
  <reporter-output>
  </reporter-output>
  <suite started-at="2021-02-05T14:20:36 EST" name="Default suite" finished-at="2021-02-05T14:21:13 EST" duration-ms="37164">
    <groups>
    </groups>
    <test started-at="2021-02-05T14:20:36 EST" name="Default test" finished-at="2021-02-05T14:21:13 EST" duration-ms="37164">
      <class name="TC2_RegisterationScenarios">
        <test-method is-config="true" signature="setupReport()[pri:0, instance:TC2_RegisterationScenarios@501edcf1]" started-at="2021-02-05T14:20:36 EST" name="setupReport" finished-at="2021-02-05T14:20:36 EST" duration-ms="193" status="PASS">
          <reporter-output>
          </reporter-output>
        </test-method> <!-- setupReport -->
        <test-method is-config="true" signature="setUp()[pri:0, instance:TC2_RegisterationScenarios@501edcf1]" started-at="2021-02-05T14:20:36 EST" name="setUp" finished-at="2021-02-05T14:20:46 EST" duration-ms="10692" status="PASS">
          <reporter-output>
          </reporter-output>
        </test-method> <!-- setUp -->
        <test-method signature="verifyPage()[pri:0, instance:TC2_RegisterationScenarios@501edcf1]" started-at="2021-02-05T14:20:46 EST" name="verifyPage" finished-at="2021-02-05T14:20:47 EST" duration-ms="696" status="PASS">
          <reporter-output>
          </reporter-output>
        </test-method> <!-- verifyPage -->
        <test-method is-config="true" signature="tearDownReport(org.testng.ITestResult)[pri:0, instance:TC2_RegisterationScenarios@501edcf1]" started-at="2021-02-05T14:20:47 EST" name="tearDownReport" finished-at="2021-02-05T14:20:48 EST" duration-ms="426" status="PASS">
          <params>
            <param index="0">
              <value>
                <![CDATA[[TestResult name=verifyPage status=SUCCESS method=TC2_RegisterationScenarios.verifyPage()[pri:0, instance:TC2_RegisterationScenarios@501edcf1] output={null}]]]>
              </value>
            </param>
          </params>
          <reporter-output>
          </reporter-output>
        </test-method> <!-- tearDownReport -->
        <test-method signature="validInputEnrolledRegisterationTest()[pri:2, instance:TC2_RegisterationScenarios@501edcf1]" started-at="2021-02-05T14:20:48 EST" name="validInputEnrolledRegisterationTest" finished-at="2021-02-05T14:21:13 EST" depends-on-methods="TC2_RegisterationScenarios.verifyPage" duration-ms="25027" status="PASS">
          <reporter-output>
          </reporter-output>
        </test-method> <!-- validInputEnrolledRegisterationTest -->
        <test-method is-config="true" signature="tearDownReport(org.testng.ITestResult)[pri:0, instance:TC2_RegisterationScenarios@501edcf1]" started-at="2021-02-05T14:21:13 EST" name="tearDownReport" finished-at="2021-02-05T14:21:13 EST" duration-ms="20" status="PASS">
          <params>
            <param index="0">
              <value>
                <![CDATA[[TestResult name=validInputEnrolledRegisterationTest status=SUCCESS method=TC2_RegisterationScenarios.validInputEnrolledRegisterationTest()[pri:2, instance:TC2_RegisterationScenarios@501edcf1] output={null}]]]>
              </value>
            </param>
          </params>
          <reporter-output>
          </reporter-output>
        </test-method> <!-- tearDownReport -->
        <test-method is-config="true" signature="tearDown()[pri:0, instance:TC2_RegisterationScenarios@501edcf1]" started-at="2021-02-05T14:21:13 EST" name="tearDown" finished-at="2021-02-05T14:21:13 EST" duration-ms="276" status="PASS">
          <reporter-output>
          </reporter-output>
        </test-method> <!-- tearDown -->
      </class> <!-- TC2_RegisterationScenarios -->
    </test> <!-- Default test -->
  </suite> <!-- Default suite -->
</testng-results>
