<?xml version="1.0" encoding="UTF-8"?>
<testng-results ignored="1" total="4" passed="3" failed="0" skipped="0">
  <reporter-output>
  </reporter-output>
  <suite started-at="2021-03-24T12:41:51 EDT" name="Default suite" finished-at="2021-03-24T15:35:51 EDT" duration-ms="10440206">
    <groups>
    </groups>
    <test started-at="2021-03-24T12:41:51 EDT" name="Default test" finished-at="2021-03-24T15:35:51 EDT" duration-ms="10440206">
      <class name="NovaLifeJourneyEmployee">
        <test-method is-config="true" signature="setupReport()[pri:0, instance:NovaLifeJourneyEmployee@6b8ca3c8]" started-at="2021-03-24T12:41:51 EDT" name="setupReport" finished-at="2021-03-24T12:41:51 EDT" duration-ms="138" status="PASS">
          <reporter-output>
          </reporter-output>
        </test-method> <!-- setupReport -->
        <test-method is-config="true" signature="setUp()[pri:0, instance:NovaLifeJourneyEmployee@6b8ca3c8]" started-at="2021-03-24T12:41:51 EDT" name="setUp" finished-at="2021-03-24T12:41:56 EDT" duration-ms="5253" status="PASS">
          <reporter-output>
          </reporter-output>
        </test-method> <!-- setUp -->
        <test-method signature="verifyPage()[pri:0, instance:NovaLifeJourneyEmployee@6b8ca3c8]" started-at="2021-03-24T12:41:56 EDT" name="verifyPage" finished-at="2021-03-24T12:41:56 EDT" duration-ms="33" status="PASS">
          <reporter-output>
          </reporter-output>
        </test-method> <!-- verifyPage -->
        <test-method is-config="true" signature="tearDownReport(org.testng.ITestResult)[pri:0, instance:NovaLifeJourneyEmployee@6b8ca3c8]" started-at="2021-03-24T12:41:56 EDT" name="tearDownReport" finished-at="2021-03-24T12:41:56 EDT" duration-ms="258" status="PASS">
          <params>
            <param index="0">
              <value>
                <![CDATA[[TestResult name=verifyPage status=SUCCESS method=NovaLifeJourneyEmployee.verifyPage()[pri:0, instance:NovaLifeJourneyEmployee@6b8ca3c8] output={null}]]]>
              </value>
            </param>
          </params>
          <reporter-output>
          </reporter-output>
        </test-method> <!-- tearDownReport -->
        <test-method signature="loginToApplication()[pri:1, instance:NovaLifeJourneyEmployee@6b8ca3c8]" started-at="2021-03-24T12:41:56 EDT" name="loginToApplication" finished-at="2021-03-24T12:42:20 EDT" depends-on-methods="NovaLifeJourneyEmployee.verifyPage" duration-ms="23511" status="PASS">
          <reporter-output>
          </reporter-output>
        </test-method> <!-- loginToApplication -->
        <test-method is-config="true" signature="tearDownReport(org.testng.ITestResult)[pri:0, instance:NovaLifeJourneyEmployee@6b8ca3c8]" started-at="2021-03-24T12:42:20 EDT" name="tearDownReport" finished-at="2021-03-24T12:42:20 EDT" duration-ms="34" status="PASS">
          <params>
            <param index="0">
              <value>
                <![CDATA[[TestResult name=loginToApplication status=SUCCESS method=NovaLifeJourneyEmployee.loginToApplication()[pri:1, instance:NovaLifeJourneyEmployee@6b8ca3c8] output={null}]]]>
              </value>
            </param>
          </params>
          <reporter-output>
          </reporter-output>
        </test-method> <!-- tearDownReport -->
        <test-method signature="CreateEmployee()[pri:2, instance:NovaLifeJourneyEmployee@6b8ca3c8]" started-at="2021-03-24T12:42:20 EDT" name="CreateEmployee" finished-at="2021-03-24T15:35:49 EDT" depends-on-methods="NovaLifeJourneyEmployee.verifyPage" duration-ms="10409217" status="PASS">
          <reporter-output>
          </reporter-output>
        </test-method> <!-- CreateEmployee -->
        <test-method is-config="true" signature="tearDownReport(org.testng.ITestResult)[pri:0, instance:NovaLifeJourneyEmployee@6b8ca3c8]" started-at="2021-03-24T15:35:49 EDT" name="tearDownReport" finished-at="2021-03-24T15:35:50 EDT" duration-ms="687" status="PASS">
          <params>
            <param index="0">
              <value>
                <![CDATA[[TestResult name=CreateEmployee status=SUCCESS method=NovaLifeJourneyEmployee.CreateEmployee()[pri:2, instance:NovaLifeJourneyEmployee@6b8ca3c8] output={null}]]]>
              </value>
            </param>
          </params>
          <reporter-output>
          </reporter-output>
        </test-method> <!-- tearDownReport -->
        <test-method is-config="true" signature="tearDown()[pri:0, instance:NovaLifeJourneyEmployee@6b8ca3c8]" started-at="2021-03-24T15:35:50 EDT" name="tearDown" finished-at="2021-03-24T15:35:51 EDT" duration-ms="878" status="PASS">
          <reporter-output>
          </reporter-output>
        </test-method> <!-- tearDown -->
      </class> <!-- NovaLifeJourneyEmployee -->
    </test> <!-- Default test -->
  </suite> <!-- Default suite -->
</testng-results>
