<?xml version="1.0" encoding="UTF-8"?>
<!-- Generated by org.testng.reporters.JUnitReportReporter -->
<testsuite hostname="EQ-MAC-25.local" failures="0" tests="15" name="eqcare.testcases.AccountScenarios5" time="27.686" errors="0" timestamp="2020-09-28T16:11:48 EDT" skipped="9">
  <testcase classname="eqcare.testcases.AccountScenarios5" name="verifyPage" time="8.259"/>
  <system-out/>
  <testcase classname="eqcare.testcases.AccountScenarios5" name="uploadProfilePic" time="2.636"/>
  <system-out/>
  <testcase classname="eqcare.testcases.AccountScenarios5" name="uploadGovernmentID" time="2.663"/>
  <system-out/>
  <testcase classname="eqcare.testcases.AccountScenarios5" name="familyTab" time="0.609"/>
  <system-out/>
  <testcase classname="eqcare.testcases.AccountScenarios5" name="addChild" time="10.110"/>
  <system-out/>
  <testcase classname="eqcare.testcases.AccountScenarios5" name="deleteChild" time="3.409"/>
  <system-out/>
  <testcase classname="eqcare.testcases.AccountScenarios5" name="patientSwitchProfile">
    <skipped/>
  </testcase> <!-- patientSwitchProfile -->
  <system-out/>
  <testcase classname="eqcare.testcases.AccountScenarios5" name="resetPasswordwithBlankInput">
    <skipped/>
  </testcase> <!-- resetPasswordwithBlankInput -->
  <system-out/>
  <testcase classname="eqcare.testcases.AccountScenarios5" name="passwordTab">
    <skipped/>
  </testcase> <!-- passwordTab -->
  <system-out/>
  <testcase classname="eqcare.testcases.AccountScenarios5" name="verifyShowPasswordLink">
    <skipped/>
  </testcase> <!-- verifyShowPasswordLink -->
  <system-out/>
  <testcase classname="eqcare.testcases.AccountScenarios5" name="editPersonalInformation">
    <skipped/>
  </testcase> <!-- editPersonalInformation -->
  <system-out/>
  <testcase classname="eqcare.testcases.AccountScenarios5" name="editAccountInformation">
    <skipped/>
  </testcase> <!-- editAccountInformation -->
  <system-out/>
  <testcase classname="eqcare.testcases.AccountScenarios5" name="logoutFromApplication">
    <skipped/>
  </testcase> <!-- logoutFromApplication -->
  <system-out/>
  <testcase classname="eqcare.testcases.AccountScenarios5" name="resetPasswordWithPrevUsedPassword">
    <skipped/>
  </testcase> <!-- resetPasswordWithPrevUsedPassword -->
  <system-out/>
  <testcase classname="eqcare.testcases.AccountScenarios5" name="resetPasswordWithInvalidInput">
    <skipped/>
  </testcase> <!-- resetPasswordWithInvalidInput -->
  <system-out/>
</testsuite> <!-- eqcare.testcases.AccountScenarios5 -->
