<?xml version="1.0" encoding="UTF-8"?>
<!-- Generated by org.testng.reporters.JUnitReportReporter -->
<testsuite hostname="EQ-MAC-25.local" failures="0" tests="4" name="eqcare.testcases.RegistrationScenarios" time="0.606" errors="1" timestamp="2020-08-20T20:50:22 EDT" skipped="3">
  <testcase classname="eqcare.testcases.RegistrationScenarios" name="verifyUrlBeforeRegister" time="0.606">
    <error type="java.lang.NullPointerException">
      <![CDATA[java.lang.NullPointerException
at java.base/java.util.Objects.requireNonNull(Objects.java:222)
at org.openqa.selenium.support.ui.FluentWait.<init>(FluentWait.java:115)
at org.openqa.selenium.support.ui.WebDriverWait.<init>(WebDriverWait.java:102)
at org.openqa.selenium.support.ui.WebDriverWait.<init>(WebDriverWait.java:45)
at eqcare.helper.Utility.waitForWebElement(Utility.java:99)
at eqcare.pages.RegistrationPage.clickOnRegisterButton(RegistrationPage.java:111)
at eqcare.pages.RegistrationPage.verifyUrlBeforeRegister(RegistrationPage.java:95)
at eqcare.testcases.RegistrationScenarios.verifyUrlBeforeRegister(RegistrationScenarios.java:32)
at java.base/jdk.internal.reflect.NativeMethodAccessorImpl.invoke0(Native Method)
at java.base/jdk.internal.reflect.NativeMethodAccessorImpl.invoke(NativeMethodAccessorImpl.java:62)
at java.base/jdk.internal.reflect.DelegatingMethodAccessorImpl.invoke(DelegatingMethodAccessorImpl.java:43)
at java.base/java.lang.reflect.Method.invoke(Method.java:564)
at org.testng.internal.MethodInvocationHelper.invokeMethod(MethodInvocationHelper.java:134)
at org.testng.internal.TestInvoker.invokeMethod(TestInvoker.java:597)
at org.testng.internal.TestInvoker.invokeTestMethod(TestInvoker.java:173)
at org.testng.internal.MethodRunner.runInSequence(MethodRunner.java:46)
at org.testng.internal.TestInvoker$MethodInvocationAgent.invoke(TestInvoker.java:816)
at org.testng.internal.TestInvoker.invokeTestMethods(TestInvoker.java:146)
at org.testng.internal.TestMethodWorker.invokeTestMethods(TestMethodWorker.java:146)
at org.testng.internal.TestMethodWorker.run(TestMethodWorker.java:128)
at java.base/java.util.ArrayList.forEach(ArrayList.java:1511)
at org.testng.TestRunner.privateRun(TestRunner.java:766)
at org.testng.TestRunner.run(TestRunner.java:587)
at org.testng.SuiteRunner.runTest(SuiteRunner.java:384)
at org.testng.SuiteRunner.runSequentially(SuiteRunner.java:378)
at org.testng.SuiteRunner.privateRun(SuiteRunner.java:337)
at org.testng.SuiteRunner.run(SuiteRunner.java:286)
at org.testng.SuiteRunnerWorker.runSuite(SuiteRunnerWorker.java:53)
at org.testng.SuiteRunnerWorker.run(SuiteRunnerWorker.java:96)
at org.testng.TestNG.runSuitesSequentially(TestNG.java:1187)
at org.testng.TestNG.runSuitesLocally(TestNG.java:1109)
at org.testng.TestNG.runSuites(TestNG.java:1039)
at org.testng.TestNG.run(TestNG.java:1007)
at org.testng.remote.AbstractRemoteTestNG.run(AbstractRemoteTestNG.java:115)
at org.testng.remote.RemoteTestNG.initAndRun(RemoteTestNG.java:251)
at org.testng.remote.RemoteTestNG.main(RemoteTestNG.java:77)
]]>
    </error>
  </testcase> <!-- verifyUrlBeforeRegister -->
  <system-out/>
  <testcase classname="eqcare.testcases.RegistrationScenarios" name="enrolledUserRegisterToApplication" time="0.000">
    <skipped/>
  </testcase> <!-- enrolledUserRegisterToApplication -->
  <system-out/>
  <testcase classname="eqcare.testcases.RegistrationScenarios" name="userRegisterToApplication" time="0.000">
    <skipped/>
  </testcase> <!-- userRegisterToApplication -->
  <system-out/>
  <testcase classname="eqcare.testcases.RegistrationScenarios" name="logoutFromApplication">
    <skipped/>
  </testcase> <!-- logoutFromApplication -->
  <system-out/>
</testsuite> <!-- eqcare.testcases.RegistrationScenarios -->
