<?xml version="1.0" encoding="UTF-8"?>
<!-- Generated by org.testng.reporters.JUnitReportReporter -->
<testsuite hostname="EQ-MAC-25.local" failures="0" tests="4" name="nova.testcases.NovaLifeJourneyEmployee" time="32.900" errors="0" timestamp="2021-01-20T15:30:30 EST" skipped="1">
  <testcase classname="nova.testcases.NovaLifeJourneyEmployee" name="verifyPage" time="0.315"/>
  <system-out/>
  <testcase classname="nova.testcases.NovaLifeJourneyEmployee" name="loginToApplication" time="16.888"/>
  <system-out/>
  <testcase classname="nova.testcases.NovaLifeJourneyEmployee" name="CreateEmployee" time="15.697"/>
  <system-out/>
  <testcase classname="nova.testcases.NovaLifeJourneyEmployee" name="logoutFromApplication">
    <skipped/>
  </testcase> <!-- logoutFromApplication -->
  <system-out/>
</testsuite> <!-- nova.testcases.NovaLifeJourneyEmployee -->
