<?xml version="1.0" encoding="UTF-8"?>
<!-- Generated by org.testng.reporters.JUnitReportReporter -->
<testsuite hostname="EQ-MAC-25.local" failures="0" tests="4" name="nova.testcases.NovaHomeScenarios3" time="20.442" errors="0" timestamp="2020-09-28T19:28:41 EDT" skipped="1">
  <testcase classname="nova.testcases.NovaHomeScenarios3" name="verifyPage" time="0.279"/>
  <system-out/>
  <testcase classname="nova.testcases.NovaHomeScenarios3" name="loginToApplication" time="6.204"/>
  <system-out/>
  <testcase classname="nova.testcases.NovaHomeScenarios3" name="CreateEmployee" time="13.959"/>
  <system-out/>
  <testcase classname="nova.testcases.NovaHomeScenarios3" name="logoutFromApplication">
    <skipped/>
  </testcase> <!-- logoutFromApplication -->
  <system-out/>
</testsuite> <!-- nova.testcases.NovaHomeScenarios3 -->
