<?xml version="1.0" encoding="UTF-8"?>
<!-- Generated by org.testng.reporters.JUnitReportReporter -->
<testsuite hostname="EQ-MAC-25.local" failures="0" tests="10" name="eqcare.testcases.EnrolledUserRegisteration4" time="55.152" errors="0" timestamp="2020-08-26T16:52:31 EDT" skipped="2">
  <testcase classname="eqcare.testcases.EnrolledUserRegisteration4" name="verifyPage" time="0.726"/>
  <system-out/>
  <testcase classname="eqcare.testcases.EnrolledUserRegisteration4" name="signInRedirectionTest" time="4.012"/>
  <system-out/>
  <testcase classname="eqcare.testcases.EnrolledUserRegisteration4" name="invalidGroupNoRegisteration" time="3.208"/>
  <system-out/>
  <testcase classname="eqcare.testcases.EnrolledUserRegisteration4" name="invalidCoverageIdentifierRegisteration" time="4.497"/>
  <system-out/>
  <testcase classname="eqcare.testcases.EnrolledUserRegisteration4" name="associatedCoverageIdentifierRegisteration" time="4.512"/>
  <system-out/>
  <testcase classname="eqcare.testcases.EnrolledUserRegisteration4" name="validInputRegisterationTest" time="23.832"/>
  <system-out/>
  <testcase classname="eqcare.testcases.EnrolledUserRegisteration4" name="invalidInputRegisterationTest" time="12.586"/>
  <system-out/>
  <testcase classname="eqcare.testcases.EnrolledUserRegisteration4" name="verifyNotEnrolledUserRegisterToApplicationWithEmptyFields" time="1.779"/>
  <system-out/>
  <testcase classname="eqcare.testcases.EnrolledUserRegisteration4" name="enrolledUserRegisterToApplication_TC1">
    <skipped/>
  </testcase> <!-- enrolledUserRegisterToApplication_TC1 -->
  <system-out/>
  <testcase classname="eqcare.testcases.EnrolledUserRegisteration4" name="validInputRegisterationWithRequiredFields">
    <skipped/>
  </testcase> <!-- validInputRegisterationWithRequiredFields -->
  <system-out/>
</testsuite> <!-- eqcare.testcases.EnrolledUserRegisteration4 -->
