<?xml version="1.0" encoding="UTF-8"?>
<!-- Generated by org.testng.reporters.JUnitReportReporter -->
<testsuite hostname="EQ-MAC-25.local" failures="0" tests="10" name="eqcare.testcases.EnrolledUserRegisteration4" time="52.059" errors="0" timestamp="2020-09-21T14:50:17 EDT" skipped="2">
  <testcase classname="eqcare.testcases.EnrolledUserRegisteration4" name="verifyPage" time="0.741"/>
  <system-out/>
  <testcase classname="eqcare.testcases.EnrolledUserRegisteration4" name="signInRedirectionTest" time="4.004"/>
  <system-out/>
  <testcase classname="eqcare.testcases.EnrolledUserRegisteration4" name="invalidGroupNoRegisteration" time="2.931"/>
  <system-out/>
  <testcase classname="eqcare.testcases.EnrolledUserRegisteration4" name="invalidCoverageIdentifierRegisteration" time="4.174"/>
  <system-out/>
  <testcase classname="eqcare.testcases.EnrolledUserRegisteration4" name="associatedCoverageIdentifierRegisteration" time="3.917"/>
  <system-out/>
  <testcase classname="eqcare.testcases.EnrolledUserRegisteration4" name="validInputRegisterationTest" time="22.638"/>
  <system-out/>
  <testcase classname="eqcare.testcases.EnrolledUserRegisteration4" name="invalidInputRegisterationTest" time="11.756"/>
  <system-out/>
  <testcase classname="eqcare.testcases.EnrolledUserRegisteration4" name="verifyNotEnrolledUserRegisterToApplicationWithEmptyFields" time="1.898"/>
  <system-out/>
  <testcase classname="eqcare.testcases.EnrolledUserRegisteration4" name="enrolledUserRegisterToApplication_TC1">
    <skipped/>
  </testcase> <!-- enrolledUserRegisterToApplication_TC1 -->
  <system-out/>
  <testcase classname="eqcare.testcases.EnrolledUserRegisteration4" name="validInputRegisterationWithRequiredFields">
    <skipped/>
  </testcase> <!-- validInputRegisterationWithRequiredFields -->
  <system-out/>
</testsuite> <!-- eqcare.testcases.EnrolledUserRegisteration4 -->
