<?xml version="1.0" encoding="UTF-8"?>
<!-- Generated by org.testng.reporters.JUnitReportReporter -->
<testsuite hostname="EQ-MAC-25.local" failures="0" tests="3" name="LifeJourneyAutomatedTests.TC2_RegisterationScenarios" time="25.949" errors="0" timestamp="2021-01-26T10:04:07 EST" skipped="1">
  <testcase classname="LifeJourneyAutomatedTests.TC2_RegisterationScenarios" name="verifyPage" time="0.989"/>
  <system-out/>
  <testcase classname="LifeJourneyAutomatedTests.TC2_RegisterationScenarios" name="validInputEnrolledRegisterationTest" time="24.960"/>
  <system-out/>
  <testcase classname="LifeJourneyAutomatedTests.TC2_RegisterationScenarios" name="validInputRegisterationTest">
    <skipped/>
  </testcase> <!-- validInputRegisterationTest -->
  <system-out/>
</testsuite> <!-- LifeJourneyAutomatedTests.TC2_RegisterationScenarios -->
