<?xml version="1.0" encoding="UTF-8"?>
<!-- Generated by org.testng.reporters.JUnitReportReporter -->
<testsuite hostname="EQ-MAC-25.local" failures="0" tests="4" name="nova.testcases.NovaHomeScenarios3" time="20.452" errors="0" timestamp="2020-10-13T12:10:20 EDT" skipped="1">
  <testcase classname="nova.testcases.NovaHomeScenarios3" name="verifyPage" time="0.321"/>
  <system-out/>
  <testcase classname="nova.testcases.NovaHomeScenarios3" name="loginToApplication" time="6.228"/>
  <system-out/>
  <testcase classname="nova.testcases.NovaHomeScenarios3" name="CreateEmployee" time="13.903"/>
  <system-out/>
  <testcase classname="nova.testcases.NovaHomeScenarios3" name="logoutFromApplication">
    <skipped/>
  </testcase> <!-- logoutFromApplication -->
  <system-out/>
</testsuite> <!-- nova.testcases.NovaHomeScenarios3 -->
