<?xml version="1.0" encoding="UTF-8"?>
<!-- Generated by org.testng.reporters.JUnitReportReporter -->
<testsuite hostname="EQ-MAC-25.local" failures="0" tests="4" name="NovaLifeJourneyEmployee" time="31.094" errors="0" timestamp="2021-03-16T14:34:50 EDT" skipped="1">
  <testcase classname="NovaLifeJourneyEmployee" name="verifyPage" time="0.040"/>
  <system-out/>
  <testcase classname="NovaLifeJourneyEmployee" name="loginToApplication" time="15.700"/>
  <system-out/>
  <testcase classname="NovaLifeJourneyEmployee" name="CreateEmployee" time="15.354"/>
  <system-out/>
  <testcase classname="NovaLifeJourneyEmployee" name="logoutFromApplication">
    <skipped/>
  </testcase> <!-- logoutFromApplication -->
  <system-out/>
</testsuite> <!-- NovaLifeJourneyEmployee -->
