<?xml version="1.0" encoding="UTF-8"?>
<!-- Generated by org.testng.reporters.JUnitReportReporter -->
<testsuite hostname="EQ-MAC-25.local" failures="0" tests="4" name="AutomatedTests.NovaHomeScenarios3" time="20.686" errors="0" timestamp="2020-10-05T20:54:56 EDT" skipped="1">
  <testcase classname="AutomatedTests.NovaHomeScenarios3" name="verifyPage" time="0.242"/>
  <system-out/>
  <testcase classname="AutomatedTests.NovaHomeScenarios3" name="loginToApplication" time="6.314"/>
  <system-out/>
  <testcase classname="AutomatedTests.NovaHomeScenarios3" name="CreateEmployee" time="14.130"/>
  <system-out/>
  <testcase classname="AutomatedTests.NovaHomeScenarios3" name="logoutFromApplication">
    <skipped/>
  </testcase> <!-- logoutFromApplication -->
  <system-out/>
</testsuite> <!-- AutomatedTests.NovaHomeScenarios3 -->
