<?xml version="1.0" encoding="UTF-8"?>
<!-- Generated by org.testng.reporters.JUnitReportReporter -->
<testsuite hostname="EQ-MAC-25.local" failures="0" tests="6" name="eqcare.testcases.IndividualPayingPatientRegisteration" time="2.399" errors="0" timestamp="2020-08-22T22:37:26 EDT" skipped="4">
  <testcase classname="eqcare.testcases.IndividualPayingPatientRegisteration" name="verifyPage" time="0.718"/>
  <system-out/>
  <testcase classname="eqcare.testcases.IndividualPayingPatientRegisteration" name="verifyNotEnrolledUserRegisterToApplicationWithEmptyFields" time="1.681"/>
  <system-out/>
  <testcase classname="eqcare.testcases.IndividualPayingPatientRegisteration" name="signInRedirectionTest">
    <skipped/>
  </testcase> <!-- signInRedirectionTest -->
  <system-out/>
  <testcase classname="eqcare.testcases.IndividualPayingPatientRegisteration" name="invalidInputRegisterationTest">
    <skipped/>
  </testcase> <!-- invalidInputRegisterationTest -->
  <system-out/>
  <testcase classname="eqcare.testcases.IndividualPayingPatientRegisteration" name="validInputRegisterationTest">
    <skipped/>
  </testcase> <!-- validInputRegisterationTest -->
  <system-out/>
  <testcase classname="eqcare.testcases.IndividualPayingPatientRegisteration" name="validInputRegisterationWithRequiredFields">
    <skipped/>
  </testcase> <!-- validInputRegisterationWithRequiredFields -->
  <system-out/>
</testsuite> <!-- eqcare.testcases.IndividualPayingPatientRegisteration -->
