<?xml version="1.0" encoding="UTF-8"?>
<!-- Generated by org.testng.reporters.JUnitReportReporter -->
<testsuite hostname="EQ-MAC-25.local" failures="0" tests="17" name="AutomatedTests.TC1_EndToEndScenariosAV" time="204.863" errors="1" timestamp="2021-01-13T05:06:24 EST" skipped="0">
  <testcase classname="AutomatedTests.TC1_EndToEndScenariosAV" name="verifyPage" time="0.040"/>
  <system-out/>
  <testcase classname="AutomatedTests.TC1_EndToEndScenariosAV" name="loginToApplication" time="3.958"/>
  <system-out/>
  <testcase classname="AutomatedTests.TC1_EndToEndScenariosAV" name="editPersonalInformation" time="82.857"/>
  <system-out/>
  <testcase classname="AutomatedTests.TC1_EndToEndScenariosAV" name="editAccountInformation" time="22.824"/>
  <system-out/>
  <testcase classname="AutomatedTests.TC1_EndToEndScenariosAV" name="uploadProfilePic" time="6.278"/>
  <system-out/>
  <testcase classname="AutomatedTests.TC1_EndToEndScenariosAV" name="uploadGovernmentID" time="14.325"/>
  <system-out/>
  <testcase classname="AutomatedTests.TC1_EndToEndScenariosAV" name="familyTab" time="2.449"/>
  <system-out/>
  <testcase classname="AutomatedTests.TC1_EndToEndScenariosAV" name="addChild" time="27.022">
    <error message="Expected condition failed: waiting for element to be clickable: By.xpath: //h2[text()=&#039;Child Added&#039;] (tried for 15 second(s) with 500 milliseconds interval)" type="org.openqa.selenium.TimeoutException">
      <![CDATA[org.openqa.selenium.TimeoutException: Expected condition failed: waiting for element to be clickable: By.xpath: //h2[text()='Child Added'] (tried for 15 second(s) with 500 milliseconds interval)
at org.openqa.selenium.support.ui.WebDriverWait.timeoutException(WebDriverWait.java:113)
at org.openqa.selenium.support.ui.FluentWait.until(FluentWait.java:283)
at eqcare.helper.Utility.waitForWebElement(Utility.java:112)
at eqcare.pages.AccountPageAV.addChild(AccountPageAV.java:556)
at AutomatedTests.TC1_EndToEndScenariosAV.addChild(TC1_EndToEndScenariosAV.java:167)
at java.base/jdk.internal.reflect.NativeMethodAccessorImpl.invoke0(Native Method)
at java.base/jdk.internal.reflect.NativeMethodAccessorImpl.invoke(NativeMethodAccessorImpl.java:62)
at java.base/jdk.internal.reflect.DelegatingMethodAccessorImpl.invoke(DelegatingMethodAccessorImpl.java:43)
at java.base/java.lang.reflect.Method.invoke(Method.java:564)
at org.testng.internal.MethodInvocationHelper.invokeMethod(MethodInvocationHelper.java:132)
at org.testng.internal.TestInvoker.invokeMethod(TestInvoker.java:599)
at org.testng.internal.TestInvoker.invokeTestMethod(TestInvoker.java:174)
at org.testng.internal.MethodRunner.runInSequence(MethodRunner.java:46)
at org.testng.internal.TestInvoker$MethodInvocationAgent.invoke(TestInvoker.java:822)
at org.testng.internal.TestInvoker.invokeTestMethods(TestInvoker.java:147)
at org.testng.internal.TestMethodWorker.invokeTestMethods(TestMethodWorker.java:146)
at org.testng.internal.TestMethodWorker.run(TestMethodWorker.java:128)
at java.base/java.util.ArrayList.forEach(ArrayList.java:1511)
at org.testng.TestRunner.privateRun(TestRunner.java:764)
at org.testng.TestRunner.run(TestRunner.java:585)
at org.testng.SuiteRunner.runTest(SuiteRunner.java:384)
at org.testng.SuiteRunner.runSequentially(SuiteRunner.java:378)
at org.testng.SuiteRunner.privateRun(SuiteRunner.java:337)
at org.testng.SuiteRunner.run(SuiteRunner.java:286)
at org.testng.SuiteRunnerWorker.runSuite(SuiteRunnerWorker.java:53)
at org.testng.SuiteRunnerWorker.run(SuiteRunnerWorker.java:96)
at org.testng.TestNG.runSuitesSequentially(TestNG.java:1218)
at org.testng.TestNG.runSuitesLocally(TestNG.java:1140)
at org.testng.TestNG.runSuites(TestNG.java:1069)
at org.testng.TestNG.run(TestNG.java:1037)
at org.testng.remote.AbstractRemoteTestNG.run(AbstractRemoteTestNG.java:115)
at org.testng.remote.RemoteTestNG.initAndRun(RemoteTestNG.java:251)
at org.testng.remote.RemoteTestNG.main(RemoteTestNG.java:77)
Caused by: org.openqa.selenium.NoSuchElementException: Cannot locate an element using By.xpath: //h2[text()='Child Added']
For documentation on this error, please visit: http://seleniumhq.org/exceptions/no_such_element.html
Build info: version: '3.14.0', revision: 'aacccce0', time: '2018-08-02T20:19:58.91Z'
System info: host: 'EQ-MAC-25.local', ip: 'fe80:0:0:0:1c82:e7d9:c130:6ebf%en0', os.name: 'Mac OS X', os.arch: 'x86_64', os.version: '10.15.6', java.version: '14.0.2'
Driver info: driver.version: unknown
at org.openqa.selenium.support.ui.ExpectedConditions.lambda$findElement$0(ExpectedConditions.java:896)
at java.base/java.util.Optional.orElseThrow(Optional.java:401)
at org.openqa.selenium.support.ui.ExpectedConditions.findElement(ExpectedConditions.java:895)
at org.openqa.selenium.support.ui.ExpectedConditions.access$000(ExpectedConditions.java:44)
at org.openqa.selenium.support.ui.ExpectedConditions$7.apply(ExpectedConditions.java:206)
at org.openqa.selenium.support.ui.ExpectedConditions$7.apply(ExpectedConditions.java:202)
at org.openqa.selenium.support.ui.ExpectedConditions$22.apply(ExpectedConditions.java:657)
at org.openqa.selenium.support.ui.ExpectedConditions$22.apply(ExpectedConditions.java:654)
at org.openqa.selenium.support.ui.FluentWait.until(FluentWait.java:260)
... 31 more
]]>
    </error>
  </testcase> <!-- addChild -->
  <system-out/>
  <testcase classname="AutomatedTests.TC1_EndToEndScenariosAV" name="deleteChild" time="6.227"/>
  <system-out/>
  <testcase classname="AutomatedTests.TC1_EndToEndScenariosAV" name="startVideoConsultation" time="0.832"/>
  <system-out/>
  <testcase classname="AutomatedTests.TC1_EndToEndScenariosAV" name="deviceCheck" time="4.536"/>
  <system-out/>
  <testcase classname="AutomatedTests.TC1_EndToEndScenariosAV" name="fillIntakeFormWithAllFields" time="8.189"/>
  <system-out/>
  <testcase classname="AutomatedTests.TC1_EndToEndScenariosAV" name="endVisit" time="5.702"/>
  <system-out/>
  <testcase classname="AutomatedTests.TC1_EndToEndScenariosAV" name="feedback" time="5.315"/>
  <system-out/>
  <testcase classname="AutomatedTests.TC1_EndToEndScenariosAV" name="chooseProfile" time="5.656"/>
  <system-out/>
  <testcase classname="AutomatedTests.TC1_EndToEndScenariosAV" name="help" time="4.027"/>
  <system-out/>
  <testcase classname="AutomatedTests.TC1_EndToEndScenariosAV" name="inbox" time="4.626"/>
  <system-out/>
</testsuite> <!-- AutomatedTests.TC1_EndToEndScenariosAV -->
