<?xml version="1.0" encoding="UTF-8"?>
<!-- Generated by org.testng.reporters.JUnitReportReporter -->
<testsuite hostname="EQ-MAC-25.local" failures="0" tests="8" name="eqcare.testscenarios.RegressionTestCases" time="2.426" errors="0" timestamp="2020-09-30T00:40:57 EDT" skipped="7">
  <testcase classname="eqcare.testscenarios.RegressionTestCases" name="verifyPage" time="2.426"/>
  <system-out/>
  <testcase classname="eqcare.testscenarios.RegressionTestCases" name="logoutFromApplication">
    <skipped/>
  </testcase> <!-- logoutFromApplication -->
  <system-out/>
  <testcase classname="eqcare.testscenarios.RegressionTestCases" name="signInRedirectionTest">
    <skipped/>
  </testcase> <!-- signInRedirectionTest -->
  <system-out/>
  <testcase classname="eqcare.testscenarios.RegressionTestCases" name="verifyShowHideLink">
    <skipped/>
  </testcase> <!-- verifyShowHideLink -->
  <system-out/>
  <testcase classname="eqcare.testscenarios.RegressionTestCases" name="loginToApplicationWithValidInput">
    <skipped/>
  </testcase> <!-- loginToApplicationWithValidInput -->
  <system-out/>
  <testcase classname="eqcare.testscenarios.RegressionTestCases" name="loginToApplicationWithBlankInput">
    <skipped/>
  </testcase> <!-- loginToApplicationWithBlankInput -->
  <system-out/>
  <testcase classname="eqcare.testscenarios.RegressionTestCases" name="loginToApplicationWithNonRegisteredEmailId">
    <skipped/>
  </testcase> <!-- loginToApplicationWithNonRegisteredEmailId -->
  <system-out/>
  <testcase classname="eqcare.testscenarios.RegressionTestCases" name="verifyLanguageLink">
    <skipped/>
  </testcase> <!-- verifyLanguageLink -->
  <system-out/>
</testsuite> <!-- eqcare.testscenarios.RegressionTestCases -->
