<?xml version="1.0" encoding="UTF-8"?>
<!-- Generated by org.testng.reporters.JUnitReportReporter -->
<testsuite hostname="EQ-MAC-25.local" failures="0" tests="3" name="AutomatedTests.TC2_RegisterationScenariosAV" time="20.280" errors="0" timestamp="2021-01-05T11:07:42 EST" skipped="1">
  <testcase classname="AutomatedTests.TC2_RegisterationScenariosAV" name="verifyPage" time="1.152"/>
  <system-out/>
  <testcase classname="AutomatedTests.TC2_RegisterationScenariosAV" name="validInputRegisterationTestForBCPatients" time="19.128"/>
  <system-out/>
  <testcase classname="AutomatedTests.TC2_RegisterationScenariosAV" name="validInputEnrolledRegisterationTestNotBCTest">
    <skipped/>
  </testcase> <!-- validInputEnrolledRegisterationTestNotBCTest -->
  <system-out/>
</testsuite> <!-- AutomatedTests.TC2_RegisterationScenariosAV -->
