<?xml version="1.0" encoding="UTF-8"?>
<!-- Generated by org.testng.reporters.JUnitReportReporter -->
<testsuite hostname="EQ-MAC-25.local" failures="0" tests="3" name="AutomatedTests.TC2_RegisterationScenarios" time="30.849" errors="0" timestamp="2021-01-28T12:57:26 EST" skipped="1">
  <testcase classname="AutomatedTests.TC2_RegisterationScenarios" name="verifyPage" time="1.361"/>
  <system-out/>
  <testcase classname="AutomatedTests.TC2_RegisterationScenarios" name="validInputEnrolledRegisterationTest" time="29.488"/>
  <system-out/>
  <testcase classname="AutomatedTests.TC2_RegisterationScenarios" name="validInputRegisterationTest">
    <skipped/>
  </testcase> <!-- validInputRegisterationTest -->
  <system-out/>
</testsuite> <!-- AutomatedTests.TC2_RegisterationScenarios -->
