<?xml version="1.0" encoding="UTF-8"?>
<!-- Generated by org.testng.reporters.JUnitReportReporter -->
<testsuite hostname="EQ-MAC-25.local" failures="0" tests="8" name="eqcare.testcases.LoginScenarios2" time="20.808" errors="0" timestamp="2020-08-28T01:28:11 EDT" skipped="2">
  <testcase classname="eqcare.testcases.LoginScenarios2" name="verifyPage" time="0.055"/>
  <system-out/>
  <testcase classname="eqcare.testcases.LoginScenarios2" name="loginToApplicationWithValidInput" time="3.646"/>
  <system-out/>
  <testcase classname="eqcare.testcases.LoginScenarios2" name="logoutFromApplication" time="2.846"/>
  <system-out/>
  <testcase classname="eqcare.testcases.LoginScenarios2" name="verifyShowHideLink" time="5.634"/>
  <system-out/>
  <testcase classname="eqcare.testcases.LoginScenarios2" name="loginToApplicationWithBlankInput" time="4.153"/>
  <system-out/>
  <testcase classname="eqcare.testcases.LoginScenarios2" name="loginToApplicationWithNonRegisteredEmailId" time="4.474"/>
  <system-out/>
  <testcase classname="eqcare.testcases.LoginScenarios2" name="verifyLanguageLink">
    <skipped/>
  </testcase> <!-- verifyLanguageLink -->
  <system-out/>
  <testcase classname="eqcare.testcases.LoginScenarios2" name="signInRedirectionTest">
    <skipped/>
  </testcase> <!-- signInRedirectionTest -->
  <system-out/>
</testsuite> <!-- eqcare.testcases.LoginScenarios2 -->
