<?xml version="1.0" encoding="UTF-8"?>
<!-- Generated by org.testng.reporters.JUnitReportReporter -->
<testsuite hostname="EQ-MAC-25.local" failures="0" tests="4" name="NovaLifeJourneyEmployee" time="44.284" errors="0" timestamp="2021-03-28T15:46:25 EDT" skipped="1">
  <testcase classname="NovaLifeJourneyEmployee" name="verifyPage" time="0.325"/>
  <system-out/>
  <testcase classname="NovaLifeJourneyEmployee" name="loginToApplication" time="18.155"/>
  <system-out/>
  <testcase classname="NovaLifeJourneyEmployee" name="CreateEmployee" time="25.804"/>
  <system-out/>
  <testcase classname="NovaLifeJourneyEmployee" name="logoutFromApplication">
    <skipped/>
  </testcase> <!-- logoutFromApplication -->
  <system-out/>
</testsuite> <!-- NovaLifeJourneyEmployee -->
