<?xml version="1.0" encoding="UTF-8"?>
<!-- Generated by org.testng.reporters.JUnitReportReporter -->
<testsuite hostname="EQ-MAC-25.local" failures="0" tests="18" name="AutomatedTests.EndToEndScenarios" time="26.807" errors="1" timestamp="2020-10-05T14:20:57 EDT" skipped="15">
  <testcase classname="AutomatedTests.EndToEndScenarios" name="verifyPage" time="0.848"/>
  <system-out/>
  <testcase classname="AutomatedTests.EndToEndScenarios" name="loginToApplication" time="5.235"/>
  <system-out/>
  <testcase classname="AutomatedTests.EndToEndScenarios" name="validInputRegisterationTest" time="20.724">
    <error message="Expected condition failed: waiting for element to be clickable: By.xpath: //*[@data-role=&#039;not-covered-button&#039;] (tried for 15 second(s) with 500 milliseconds interval)" type="org.openqa.selenium.TimeoutException">
      <![CDATA[org.openqa.selenium.TimeoutException: Expected condition failed: waiting for element to be clickable: By.xpath: //*[@data-role='not-covered-button'] (tried for 15 second(s) with 500 milliseconds interval)
at org.openqa.selenium.support.ui.WebDriverWait.timeoutException(WebDriverWait.java:113)
at org.openqa.selenium.support.ui.FluentWait.until(FluentWait.java:283)
at eqcare.helper.Utility.waitForWebElement(Utility.java:112)
at eqcare.pages.RegistrationPage.notEnrolledUser(RegistrationPage.java:219)
at AutomatedTests.EndToEndScenarios.validInputRegisterationTest(EndToEndScenarios.java:326)
at java.base/jdk.internal.reflect.NativeMethodAccessorImpl.invoke0(Native Method)
at java.base/jdk.internal.reflect.NativeMethodAccessorImpl.invoke(NativeMethodAccessorImpl.java:62)
at java.base/jdk.internal.reflect.DelegatingMethodAccessorImpl.invoke(DelegatingMethodAccessorImpl.java:43)
at java.base/java.lang.reflect.Method.invoke(Method.java:564)
at org.testng.internal.MethodInvocationHelper.invokeMethod(MethodInvocationHelper.java:132)
at org.testng.internal.TestInvoker.invokeMethod(TestInvoker.java:599)
at org.testng.internal.TestInvoker.invokeTestMethod(TestInvoker.java:174)
at org.testng.internal.MethodRunner.runInSequence(MethodRunner.java:46)
at org.testng.internal.TestInvoker$MethodInvocationAgent.invoke(TestInvoker.java:822)
at org.testng.internal.TestInvoker.invokeTestMethods(TestInvoker.java:147)
at org.testng.internal.TestMethodWorker.invokeTestMethods(TestMethodWorker.java:146)
at org.testng.internal.TestMethodWorker.run(TestMethodWorker.java:128)
at java.base/java.util.ArrayList.forEach(ArrayList.java:1511)
at org.testng.TestRunner.privateRun(TestRunner.java:764)
at org.testng.TestRunner.run(TestRunner.java:585)
at org.testng.SuiteRunner.runTest(SuiteRunner.java:384)
at org.testng.SuiteRunner.runSequentially(SuiteRunner.java:378)
at org.testng.SuiteRunner.privateRun(SuiteRunner.java:337)
at org.testng.SuiteRunner.run(SuiteRunner.java:286)
at org.testng.SuiteRunnerWorker.runSuite(SuiteRunnerWorker.java:53)
at org.testng.SuiteRunnerWorker.run(SuiteRunnerWorker.java:96)
at org.testng.TestNG.runSuitesSequentially(TestNG.java:1218)
at org.testng.TestNG.runSuitesLocally(TestNG.java:1140)
at org.testng.TestNG.runSuites(TestNG.java:1069)
at org.testng.TestNG.run(TestNG.java:1037)
at org.testng.remote.AbstractRemoteTestNG.run(AbstractRemoteTestNG.java:115)
at org.testng.remote.RemoteTestNG.initAndRun(RemoteTestNG.java:251)
at org.testng.remote.RemoteTestNG.main(RemoteTestNG.java:77)
Caused by: org.openqa.selenium.NoSuchElementException: Cannot locate an element using By.xpath: //*[@data-role='not-covered-button']
For documentation on this error, please visit: http://seleniumhq.org/exceptions/no_such_element.html
Build info: version: '3.14.0', revision: 'aacccce0', time: '2018-08-02T20:19:58.91Z'
System info: host: 'EQ-MAC-25.local', ip: 'fe80:0:0:0:823:4cd5:95ec:2cc7%en0', os.name: 'Mac OS X', os.arch: 'x86_64', os.version: '10.15.6', java.version: '14.0.2'
Driver info: driver.version: unknown
at org.openqa.selenium.support.ui.ExpectedConditions.lambda$findElement$0(ExpectedConditions.java:896)
at java.base/java.util.Optional.orElseThrow(Optional.java:401)
at org.openqa.selenium.support.ui.ExpectedConditions.findElement(ExpectedConditions.java:895)
at org.openqa.selenium.support.ui.ExpectedConditions.access$000(ExpectedConditions.java:44)
at org.openqa.selenium.support.ui.ExpectedConditions$7.apply(ExpectedConditions.java:206)
at org.openqa.selenium.support.ui.ExpectedConditions$7.apply(ExpectedConditions.java:202)
at org.openqa.selenium.support.ui.ExpectedConditions$22.apply(ExpectedConditions.java:657)
at org.openqa.selenium.support.ui.ExpectedConditions$22.apply(ExpectedConditions.java:654)
at org.openqa.selenium.support.ui.FluentWait.until(FluentWait.java:260)
... 31 more
]]>
    </error>
  </testcase> <!-- validInputRegisterationTest -->
  <system-out/>
  <testcase classname="AutomatedTests.EndToEndScenarios" name="deviceCheck">
    <skipped/>
  </testcase> <!-- deviceCheck -->
  <system-out/>
  <testcase classname="AutomatedTests.EndToEndScenarios" name="uploadProfilePic">
    <skipped/>
  </testcase> <!-- uploadProfilePic -->
  <system-out/>
  <testcase classname="AutomatedTests.EndToEndScenarios" name="uploadGovernmentID">
    <skipped/>
  </testcase> <!-- uploadGovernmentID -->
  <system-out/>
  <testcase classname="AutomatedTests.EndToEndScenarios" name="editAccountInformation">
    <skipped/>
  </testcase> <!-- editAccountInformation -->
  <system-out/>
  <testcase classname="AutomatedTests.EndToEndScenarios" name="deleteChild">
    <skipped/>
  </testcase> <!-- deleteChild -->
  <system-out/>
  <testcase classname="AutomatedTests.EndToEndScenarios" name="familyTab">
    <skipped/>
  </testcase> <!-- familyTab -->
  <system-out/>
  <testcase classname="AutomatedTests.EndToEndScenarios" name="endVisit">
    <skipped/>
  </testcase> <!-- endVisit -->
  <system-out/>
  <testcase classname="AutomatedTests.EndToEndScenarios" name="chooseProfile">
    <skipped/>
  </testcase> <!-- chooseProfile -->
  <system-out/>
  <testcase classname="AutomatedTests.EndToEndScenarios" name="editPersonalInformation">
    <skipped/>
  </testcase> <!-- editPersonalInformation -->
  <system-out/>
  <testcase classname="AutomatedTests.EndToEndScenarios" name="addChild">
    <skipped/>
  </testcase> <!-- addChild -->
  <system-out/>
  <testcase classname="AutomatedTests.EndToEndScenarios" name="help">
    <skipped/>
  </testcase> <!-- help -->
  <system-out/>
  <testcase classname="AutomatedTests.EndToEndScenarios" name="feedback">
    <skipped/>
  </testcase> <!-- feedback -->
  <system-out/>
  <testcase classname="AutomatedTests.EndToEndScenarios" name="inbox">
    <skipped/>
  </testcase> <!-- inbox -->
  <system-out/>
  <testcase classname="AutomatedTests.EndToEndScenarios" name="startVideoConsultation">
    <skipped/>
  </testcase> <!-- startVideoConsultation -->
  <system-out/>
  <testcase classname="AutomatedTests.EndToEndScenarios" name="fillIntakeFormWithAllFields">
    <skipped/>
  </testcase> <!-- fillIntakeFormWithAllFields -->
  <system-out/>
</testsuite> <!-- AutomatedTests.EndToEndScenarios -->
