<?xml version="1.0" encoding="UTF-8"?>
<!-- Generated by org.testng.reporters.JUnitReportReporter -->
<testsuite hostname="EQ-MAC-25.local" failures="0" tests="4" name="AutomatedTests.NovaScenarios" time="31.507" errors="0" timestamp="2021-01-28T14:02:24 EST" skipped="1">
  <testcase classname="AutomatedTests.NovaScenarios" name="verifyPage" time="0.305"/>
  <system-out/>
  <testcase classname="AutomatedTests.NovaScenarios" name="loginToApplication" time="16.262"/>
  <system-out/>
  <testcase classname="AutomatedTests.NovaScenarios" name="CreateEmployee" time="14.940"/>
  <system-out/>
  <testcase classname="AutomatedTests.NovaScenarios" name="logoutFromApplication">
    <skipped/>
  </testcase> <!-- logoutFromApplication -->
  <system-out/>
</testsuite> <!-- AutomatedTests.NovaScenarios -->
