<?xml version="1.0" encoding="UTF-8"?>
<!-- Generated by org.testng.reporters.JUnitReportReporter -->
<testsuite hostname="EQ-MAC-25.local" failures="0" tests="7" name="eqcare.testcases.TC6_HomeScenarios" time="26.157" errors="0" timestamp="2020-11-12T11:06:48 EST" skipped="1">
  <testcase classname="eqcare.testcases.TC6_HomeScenarios" name="verifyPage" time="6.820"/>
  <system-out/>
  <testcase classname="eqcare.testcases.TC6_HomeScenarios" name="verifyProfilePicPlaceholder" time="0.967"/>
  <system-out/>
  <testcase classname="eqcare.testcases.TC6_HomeScenarios" name="verifyLanguageLink" time="10.159"/>
  <system-out/>
  <testcase classname="eqcare.testcases.TC6_HomeScenarios" name="verifyStartVideoConsultationLink" time="1.083"/>
  <system-out/>
  <testcase classname="eqcare.testcases.TC6_HomeScenarios" name="verifyHomeFooter" time="2.103"/>
  <system-out/>
  <testcase classname="eqcare.testcases.TC6_HomeScenarios" name="verifyLogoutFromApplication" time="5.025"/>
  <system-out/>
  <testcase classname="eqcare.testcases.TC6_HomeScenarios" name="clinicApp">
    <skipped/>
  </testcase> <!-- clinicApp -->
  <system-out/>
</testsuite> <!-- eqcare.testcases.TC6_HomeScenarios -->
