<?xml version="1.0" encoding="UTF-8"?>
<!-- Generated by org.testng.reporters.JUnitReportReporter -->
<testsuite hostname="EQ-MAC-25.local" failures="0" tests="6" name="eqcare.testcases.UserRegistration" time="17.425" errors="0" timestamp="2020-08-21T12:42:10 EDT" skipped="0">
  <testcase classname="eqcare.testcases.UserRegistration" name="verifyPage" time="0.687"/>
  <system-out/>
  <testcase classname="eqcare.testcases.UserRegistration" name="verifyNotEnrolledUserRegisterToApplicationWithValidInput" time="16.460"/>
  <system-out/>
  <testcase classname="eqcare.testcases.UserRegistration" name="verifyNotEnrolledUserRegisterToApplicationWithRequiredFields" time="0.007"/>
  <system-out/>
  <testcase classname="eqcare.testcases.UserRegistration" name="verifyNotEnrolledUserRegisterToApplicationWithInvalidEmailId" time="0.005"/>
  <system-out/>
  <testcase classname="eqcare.testcases.UserRegistration" name="verifyNotEnrolledUserRegisterToApplicationWithEmptyFields" time="0.259"/>
  <system-out/>
  <testcase classname="eqcare.testcases.UserRegistration" name="verifyElementsOnRegistrationPage" time="0.007"/>
  <system-out/>
</testsuite> <!-- eqcare.testcases.UserRegistration -->
