<?xml version="1.0" encoding="UTF-8"?>
<!-- Generated by org.testng.reporters.JUnitReportReporter -->
<testsuite hostname="EQ-MAC-25.local" failures="0" tests="3" name="LifeJourneyAutomatedTests.TC1_LifeJourneyEndScenarios" time="43.657" errors="0" timestamp="2021-01-30T08:40:24 EST" skipped="1">
  <testcase classname="LifeJourneyAutomatedTests.TC1_LifeJourneyEndScenarios" name="verifyPage" time="12.913"/>
  <system-out/>
  <testcase classname="LifeJourneyAutomatedTests.TC1_LifeJourneyEndScenarios" name="verifyStartLifeJourneyYesButton" time="30.744"/>
  <system-out/>
  <testcase classname="LifeJourneyAutomatedTests.TC1_LifeJourneyEndScenarios" name="verifyStartLifeJourney">
    <skipped/>
  </testcase> <!-- verifyStartLifeJourney -->
  <system-out/>
</testsuite> <!-- LifeJourneyAutomatedTests.TC1_LifeJourneyEndScenarios -->
