<?xml version="1.0" encoding="UTF-8"?>
<!-- Generated by org.testng.reporters.JUnitReportReporter -->
<testsuite hostname="EQ-MAC-25.local" failures="0" tests="4" name="eqcare.testcases.TC5_RegisterNovaCreateEmployee" time="24.082" errors="0" timestamp="2020-10-15T15:10:45 EDT" skipped="1">
  <testcase classname="eqcare.testcases.TC5_RegisterNovaCreateEmployee" name="verifyPage" time="0.278"/>
  <system-out/>
  <testcase classname="eqcare.testcases.TC5_RegisterNovaCreateEmployee" name="loginToApplication" time="9.438"/>
  <system-out/>
  <testcase classname="eqcare.testcases.TC5_RegisterNovaCreateEmployee" name="CreateEmployee" time="14.366"/>
  <system-out/>
  <testcase classname="eqcare.testcases.TC5_RegisterNovaCreateEmployee" name="logoutFromApplication">
    <skipped/>
  </testcase> <!-- logoutFromApplication -->
  <system-out/>
</testsuite> <!-- eqcare.testcases.TC5_RegisterNovaCreateEmployee -->
