<?xml version="1.0" encoding="UTF-8"?>
<!-- Generated by org.testng.reporters.JUnitReportReporter -->
<testsuite hostname="EQ-MAC-25.local" failures="0" tests="7" name="eqcare.testcases.LoginScenarios" time="1.552" errors="0" timestamp="2020-08-23T18:17:12 EDT" skipped="5">
  <testcase classname="eqcare.testcases.LoginScenarios" name="verifyPage" time="0.261"/>
  <system-out/>
  <testcase classname="eqcare.testcases.LoginScenarios" name="verifyLanguageLink" time="1.291"/>
  <system-out/>
  <testcase classname="eqcare.testcases.LoginScenarios" name="logoutFromApplication">
    <skipped/>
  </testcase> <!-- logoutFromApplication -->
  <system-out/>
  <testcase classname="eqcare.testcases.LoginScenarios" name="loginToApplicationWithNonRegisteredEmailId">
    <skipped/>
  </testcase> <!-- loginToApplicationWithNonRegisteredEmailId -->
  <system-out/>
  <testcase classname="eqcare.testcases.LoginScenarios" name="verifyShowHideLink">
    <skipped/>
  </testcase> <!-- verifyShowHideLink -->
  <system-out/>
  <testcase classname="eqcare.testcases.LoginScenarios" name="loginToApplicationWithValidInput">
    <skipped/>
  </testcase> <!-- loginToApplicationWithValidInput -->
  <system-out/>
  <testcase classname="eqcare.testcases.LoginScenarios" name="loginToApplicationWithBlankInput">
    <skipped/>
  </testcase> <!-- loginToApplicationWithBlankInput -->
  <system-out/>
</testsuite> <!-- eqcare.testcases.LoginScenarios -->
