<?xml version="1.0" encoding="UTF-8"?>
<!-- Generated by org.testng.reporters.JUnitReportReporter -->
<testsuite hostname="EQ-MAC-25.local" failures="0" tests="5" name="TC1_LifeJourneyEndScenarios" time="50.991" errors="0" timestamp="2021-03-08T10:09:33 EST" skipped="1">
  <testcase classname="TC1_LifeJourneyEndScenarios" name="verifyPage" time="9.276"/>
  <system-out/>
  <testcase classname="TC1_LifeJourneyEndScenarios" name="verifyStartLifeJourney" time="18.705"/>
  <system-out/>
  <testcase classname="TC1_LifeJourneyEndScenarios" name="verifyEQMedicalClinic" time="9.251"/>
  <system-out/>
  <testcase classname="TC1_LifeJourneyEndScenarios" name="verifyflowerInformation" time="13.759"/>
  <system-out/>
  <testcase classname="TC1_LifeJourneyEndScenarios" name="verifyStartLifeJourneyYesButton">
    <skipped/>
  </testcase> <!-- verifyStartLifeJourneyYesButton -->
  <system-out/>
</testsuite> <!-- TC1_LifeJourneyEndScenarios -->
