<?xml version="1.0" encoding="UTF-8"?>
<!-- Generated by org.testng.reporters.JUnitReportReporter -->
<testsuite hostname="EQ-MAC-25.local" failures="0" tests="4" name="nova.testcases.NovaHomeScenarios" time="15.854" errors="0" timestamp="2020-08-26T12:22:26 EDT" skipped="1">
  <testcase classname="nova.testcases.NovaHomeScenarios" name="verifyPage" time="0.041"/>
  <system-out/>
  <testcase classname="nova.testcases.NovaHomeScenarios" name="loginToApplication" time="6.768"/>
  <system-out/>
  <testcase classname="nova.testcases.NovaHomeScenarios" name="CreateEmployee" time="9.045"/>
  <system-out/>
  <testcase classname="nova.testcases.NovaHomeScenarios" name="logoutFromApplication">
    <skipped/>
  </testcase> <!-- logoutFromApplication -->
  <system-out/>
</testsuite> <!-- nova.testcases.NovaHomeScenarios -->
