<?xml version="1.0" encoding="UTF-8"?>
<!-- Generated by org.testng.reporters.JUnitReportReporter -->
<testsuite hostname="EQ-MAC-25.local" failures="0" tests="8" name="eqcare.testcases.LoginScenarios2" time="3.264" errors="0" timestamp="2020-09-22T22:43:24 EDT" skipped="7">
  <testcase classname="eqcare.testcases.LoginScenarios2" name="verifyPage" time="3.264"/>
  <system-out/>
  <testcase classname="eqcare.testcases.LoginScenarios2" name="verifyLanguageLink">
    <skipped/>
  </testcase> <!-- verifyLanguageLink -->
  <system-out/>
  <testcase classname="eqcare.testcases.LoginScenarios2" name="loginToApplicationWithNonRegisteredEmailId">
    <skipped/>
  </testcase> <!-- loginToApplicationWithNonRegisteredEmailId -->
  <system-out/>
  <testcase classname="eqcare.testcases.LoginScenarios2" name="verifyShowHideLink">
    <skipped/>
  </testcase> <!-- verifyShowHideLink -->
  <system-out/>
  <testcase classname="eqcare.testcases.LoginScenarios2" name="loginToApplicationWithValidInput">
    <skipped/>
  </testcase> <!-- loginToApplicationWithValidInput -->
  <system-out/>
  <testcase classname="eqcare.testcases.LoginScenarios2" name="loginToApplicationWithBlankInput">
    <skipped/>
  </testcase> <!-- loginToApplicationWithBlankInput -->
  <system-out/>
  <testcase classname="eqcare.testcases.LoginScenarios2" name="signInRedirectionTest">
    <skipped/>
  </testcase> <!-- signInRedirectionTest -->
  <system-out/>
  <testcase classname="eqcare.testcases.LoginScenarios2" name="logoutFromApplication">
    <skipped/>
  </testcase> <!-- logoutFromApplication -->
  <system-out/>
</testsuite> <!-- eqcare.testcases.LoginScenarios2 -->
