<?xml version="1.0" encoding="UTF-8"?>
<!-- Generated by org.testng.reporters.JUnitReportReporter -->
<testsuite hostname="EQ-MAC-25.local" failures="0" tests="3" name="nova.testcases.NovaLoginScenarios" time="6.619" errors="0" timestamp="2020-08-16T23:37:59 EDT" skipped="1">
  <testcase classname="nova.testcases.NovaLoginScenarios" name="verifyPage" time="0.221"/>
  <system-out/>
  <testcase classname="nova.testcases.NovaLoginScenarios" name="loginToApplication" time="6.398"/>
  <system-out/>
  <testcase classname="nova.testcases.NovaLoginScenarios" name="logoutFromApplication">
    <skipped/>
  </testcase> <!-- logoutFromApplication -->
  <system-out/>
</testsuite> <!-- nova.testcases.NovaLoginScenarios -->
