<?xml version="1.0" encoding="UTF-8"?>
<!-- Generated by org.testng.reporters.JUnitReportReporter -->
<testsuite hostname="EQ-MAC-25.local" failures="0" tests="8" name="eqcare.testcases.LoginScenarios" time="21.167" errors="0" timestamp="2020-08-26T14:41:52 EDT" skipped="2">
  <testcase classname="eqcare.testcases.LoginScenarios" name="verifyPage" time="0.040"/>
  <system-out/>
  <testcase classname="eqcare.testcases.LoginScenarios" name="loginToApplicationWithValidInput" time="3.822"/>
  <system-out/>
  <testcase classname="eqcare.testcases.LoginScenarios" name="logoutFromApplication" time="2.890"/>
  <system-out/>
  <testcase classname="eqcare.testcases.LoginScenarios" name="verifyShowHideLink" time="5.727"/>
  <system-out/>
  <testcase classname="eqcare.testcases.LoginScenarios" name="loginToApplicationWithBlankInput" time="4.151"/>
  <system-out/>
  <testcase classname="eqcare.testcases.LoginScenarios" name="loginToApplicationWithNonRegisteredEmailId" time="4.537"/>
  <system-out/>
  <testcase classname="eqcare.testcases.LoginScenarios" name="signInRedirectionTest">
    <skipped/>
  </testcase> <!-- signInRedirectionTest -->
  <system-out/>
  <testcase classname="eqcare.testcases.LoginScenarios" name="verifyLanguageLink">
    <skipped/>
  </testcase> <!-- verifyLanguageLink -->
  <system-out/>
</testsuite> <!-- eqcare.testcases.LoginScenarios -->
