<?xml version="1.0" encoding="UTF-8"?>
<!-- Generated by org.testng.reporters.JUnitReportReporter -->
<testsuite hostname="EQ-MAC-25.local" failures="0" tests="4" name="eqcare.testcases.TC7_IntakeFormScenarios" time="14.292" errors="0" timestamp="2020-11-12T11:22:21 EST" skipped="1">
  <testcase classname="eqcare.testcases.TC7_IntakeFormScenarios" name="verifyPage" time="5.790"/>
  <system-out/>
  <testcase classname="eqcare.testcases.TC7_IntakeFormScenarios" name="verifyFillIntakeForm" time="7.473"/>
  <system-out/>
  <testcase classname="eqcare.testcases.TC7_IntakeFormScenarios" name="verifyCancelButton" time="1.029"/>
  <system-out/>
  <testcase classname="eqcare.testcases.TC7_IntakeFormScenarios" name="verifyLanguageLink">
    <skipped/>
  </testcase> <!-- verifyLanguageLink -->
  <system-out/>
</testsuite> <!-- eqcare.testcases.TC7_IntakeFormScenarios -->
