<?xml version="1.0" encoding="UTF-8"?>
<!-- Generated by org.testng.reporters.JUnitReportReporter -->
<testsuite hostname="EQ-MAC-25.local" failures="0" tests="4" name="AutomatedTests.NovaScenarios" time="20.240" errors="0" timestamp="2020-11-05T09:22:57 EST" skipped="1">
  <testcase classname="AutomatedTests.NovaScenarios" name="verifyPage" time="0.261"/>
  <system-out/>
  <testcase classname="AutomatedTests.NovaScenarios" name="loginToApplication" time="6.077"/>
  <system-out/>
  <testcase classname="AutomatedTests.NovaScenarios" name="CreateEmployee" time="13.902"/>
  <system-out/>
  <testcase classname="AutomatedTests.NovaScenarios" name="logoutFromApplication">
    <skipped/>
  </testcase> <!-- logoutFromApplication -->
  <system-out/>
</testsuite> <!-- AutomatedTests.NovaScenarios -->
