<?xml version="1.0" encoding="UTF-8"?>
<!-- Generated by org.testng.reporters.JUnitReportReporter -->
<testsuite hostname="EQ-MAC-25.local" failures="0" tests="7" name="eqcare.testcases.TC6_HomeScenarios" time="22.481" errors="0" timestamp="2020-11-02T20:30:45 EST" skipped="1">
  <testcase classname="eqcare.testcases.TC6_HomeScenarios" name="verifyPage" time="6.292"/>
  <system-out/>
  <testcase classname="eqcare.testcases.TC6_HomeScenarios" name="verifyProfilePicPlaceholder" time="1.265"/>
  <system-out/>
  <testcase classname="eqcare.testcases.TC6_HomeScenarios" name="verifyLanguageLink" time="5.941"/>
  <system-out/>
  <testcase classname="eqcare.testcases.TC6_HomeScenarios" name="verifyStartVideoConsultationLink" time="1.327"/>
  <system-out/>
  <testcase classname="eqcare.testcases.TC6_HomeScenarios" name="verifyHomeFooter" time="2.637"/>
  <system-out/>
  <testcase classname="eqcare.testcases.TC6_HomeScenarios" name="verifyLogoutFromApplication" time="5.019"/>
  <system-out/>
  <testcase classname="eqcare.testcases.TC6_HomeScenarios" name="clinicApp">
    <skipped/>
  </testcase> <!-- clinicApp -->
  <system-out/>
</testsuite> <!-- eqcare.testcases.TC6_HomeScenarios -->
