<?xml version="1.0" encoding="UTF-8"?>
<!-- Generated by org.testng.reporters.JUnitReportReporter -->
<testsuite hostname="EQ-MAC-25.local" failures="0" tests="1" name="com.practitest.examples.practitestPostProjectTestResults" time="1.125" errors="0" timestamp="2020-08-28T02:20:27 EDT" skipped="0">
  <testcase classname="com.practitest.examples.practitestPostProjectTestResults" name="postProjectTestResults" time="1.125"/>
  <system-out/>
</testsuite> <!-- com.practitest.examples.practitestPostProjectTestResults -->
