<?xml version="1.0" encoding="UTF-8"?>
<!-- Generated by org.testng.reporters.JUnitReportReporter -->
<testsuite hostname="EQ-MAC-25.local" failures="0" tests="3" name="AutomatedTests.TC2_RegisterationScenarios" time="20.826" errors="0" timestamp="2020-10-06T14:41:10 EDT" skipped="1">
  <testcase classname="AutomatedTests.TC2_RegisterationScenarios" name="verifyPage" time="0.947"/>
  <system-out/>
  <testcase classname="AutomatedTests.TC2_RegisterationScenarios" name="validInputEnrolledRegisterationTest" time="19.879"/>
  <system-out/>
  <testcase classname="AutomatedTests.TC2_RegisterationScenarios" name="validInputRegisterationTest">
    <skipped/>
  </testcase> <!-- validInputRegisterationTest -->
  <system-out/>
</testsuite> <!-- AutomatedTests.TC2_RegisterationScenarios -->
