<?xml version="1.0" encoding="UTF-8"?>
<!-- Generated by org.testng.reporters.JUnitReportReporter -->
<testsuite hostname="EQ-MAC-25.local" failures="0" tests="13" name="eqcare.testcases.AccountScenarios5" time="25.823" errors="0" timestamp="2020-09-21T21:52:18 EDT" skipped="8">
  <testcase classname="eqcare.testcases.AccountScenarios5" name="verifyPage" time="11.292"/>
  <system-out/>
  <testcase classname="eqcare.testcases.AccountScenarios5" name="uploadProfilePic" time="2.844"/>
  <system-out/>
  <testcase classname="eqcare.testcases.AccountScenarios5" name="uploadGovernmentID" time="2.621"/>
  <system-out/>
  <testcase classname="eqcare.testcases.AccountScenarios5" name="familyTab" time="1.152"/>
  <system-out/>
  <testcase classname="eqcare.testcases.AccountScenarios5" name="resetPasswordWithInvalidInput" time="7.914"/>
  <system-out/>
  <testcase classname="eqcare.testcases.AccountScenarios5" name="patientSwitchProfile">
    <skipped/>
  </testcase> <!-- patientSwitchProfile -->
  <system-out/>
  <testcase classname="eqcare.testcases.AccountScenarios5" name="resetPasswordwithBlankInput">
    <skipped/>
  </testcase> <!-- resetPasswordwithBlankInput -->
  <system-out/>
  <testcase classname="eqcare.testcases.AccountScenarios5" name="passwordTab">
    <skipped/>
  </testcase> <!-- passwordTab -->
  <system-out/>
  <testcase classname="eqcare.testcases.AccountScenarios5" name="verifyShowPasswordLink">
    <skipped/>
  </testcase> <!-- verifyShowPasswordLink -->
  <system-out/>
  <testcase classname="eqcare.testcases.AccountScenarios5" name="editPersonalInformation">
    <skipped/>
  </testcase> <!-- editPersonalInformation -->
  <system-out/>
  <testcase classname="eqcare.testcases.AccountScenarios5" name="editAccountInformation">
    <skipped/>
  </testcase> <!-- editAccountInformation -->
  <system-out/>
  <testcase classname="eqcare.testcases.AccountScenarios5" name="logoutFromApplication">
    <skipped/>
  </testcase> <!-- logoutFromApplication -->
  <system-out/>
  <testcase classname="eqcare.testcases.AccountScenarios5" name="resetPasswordWithPrevUsedPassword">
    <skipped/>
  </testcase> <!-- resetPasswordWithPrevUsedPassword -->
  <system-out/>
</testsuite> <!-- eqcare.testcases.AccountScenarios5 -->
