<?xml version="1.0" encoding="UTF-8"?>
<!-- Generated by org.testng.reporters.JUnitReportReporter -->
<testsuite hostname="EQ-MAC-25.local" failures="0" tests="4" name="NovaLifeJourneyEmployee" time="10433.740" errors="0" timestamp="2021-03-24T15:35:52 EDT" skipped="1">
  <testcase classname="NovaLifeJourneyEmployee" name="verifyPage" time="0.291"/>
  <system-out/>
  <testcase classname="NovaLifeJourneyEmployee" name="loginToApplication" time="23.545"/>
  <system-out/>
  <testcase classname="NovaLifeJourneyEmployee" name="CreateEmployee" time="10409.904"/>
  <system-out/>
  <testcase classname="NovaLifeJourneyEmployee" name="logoutFromApplication">
    <skipped/>
  </testcase> <!-- logoutFromApplication -->
  <system-out/>
</testsuite> <!-- NovaLifeJourneyEmployee -->
