<?xml version="1.0" encoding="UTF-8"?>
<!-- Generated by org.testng.reporters.JUnitReportReporter -->
<testsuite hostname="EQ-MAC-25.local" failures="0" tests="3" name="TC2_RegisterationScenarios" time="26.169" errors="0" timestamp="2021-02-05T14:21:13 EST" skipped="1">
  <testcase classname="TC2_RegisterationScenarios" name="verifyPage" time="0.716"/>
  <system-out/>
  <testcase classname="TC2_RegisterationScenarios" name="validInputEnrolledRegisterationTest" time="25.453"/>
  <system-out/>
  <testcase classname="TC2_RegisterationScenarios" name="validInputRegisterationTest">
    <skipped/>
  </testcase> <!-- validInputRegisterationTest -->
  <system-out/>
</testsuite> <!-- TC2_RegisterationScenarios -->
