<?xml version="1.0" encoding="UTF-8"?>
<!-- Generated by org.testng.reporters.JUnitReportReporter -->
<testsuite hostname="EQ-MAC-25.local" failures="0" tests="17" name="TC1_EndToEndScenarios" time="102.600" errors="0" timestamp="2021-03-28T16:57:44 EDT" skipped="1">
  <testcase classname="TC1_EndToEndScenarios" name="verifyPage" time="0.052"/>
  <system-out/>
  <testcase classname="TC1_EndToEndScenarios" name="loginToApplication" time="13.239"/>
  <system-out/>
  <testcase classname="TC1_EndToEndScenarios" name="editPersonalInformation" time="16.305"/>
  <system-out/>
  <testcase classname="TC1_EndToEndScenarios" name="editAccountInformation" time="15.244"/>
  <system-out/>
  <testcase classname="TC1_EndToEndScenarios" name="uploadProfilePic" time="4.171"/>
  <system-out/>
  <testcase classname="TC1_EndToEndScenarios" name="uploadGovernmentID" time="4.282"/>
  <system-out/>
  <testcase classname="TC1_EndToEndScenarios" name="familyTab" time="2.816"/>
  <system-out/>
  <testcase classname="TC1_EndToEndScenarios" name="addChild" time="10.294"/>
  <system-out/>
  <testcase classname="TC1_EndToEndScenarios" name="deleteChild" time="5.355"/>
  <system-out/>
  <testcase classname="TC1_EndToEndScenarios" name="startVideoConsultation" time="0.595"/>
  <system-out/>
  <testcase classname="TC1_EndToEndScenarios" name="deviceCheck" time="4.928"/>
  <system-out/>
  <testcase classname="TC1_EndToEndScenarios" name="fillIntakeFormWithAllFields" time="8.740"/>
  <system-out/>
  <testcase classname="TC1_EndToEndScenarios" name="endVisit" time="3.293"/>
  <system-out/>
  <testcase classname="TC1_EndToEndScenarios" name="feedback" time="4.343"/>
  <system-out/>
  <testcase classname="TC1_EndToEndScenarios" name="inbox" time="5.284"/>
  <system-out/>
  <testcase classname="TC1_EndToEndScenarios" name="help" time="3.659"/>
  <system-out/>
  <testcase classname="TC1_EndToEndScenarios" name="chooseProfile">
    <skipped/>
  </testcase> <!-- chooseProfile -->
  <system-out/>
</testsuite> <!-- TC1_EndToEndScenarios -->
