<?xml version="1.0" encoding="UTF-8"?>
<!-- Generated by org.testng.reporters.JUnitReportReporter -->
<testsuite hostname="EQ-MAC-25.local" failures="0" tests="10" name="eqcare.testcases.TC5_EnrolledUserRegisteration4" time="51.171" errors="0" timestamp="2020-11-12T20:51:04 EST" skipped="2">
  <testcase classname="eqcare.testcases.TC5_EnrolledUserRegisteration4" name="verifyPage" time="0.691"/>
  <system-out/>
  <testcase classname="eqcare.testcases.TC5_EnrolledUserRegisteration4" name="signInRedirectionTest" time="4.150"/>
  <system-out/>
  <testcase classname="eqcare.testcases.TC5_EnrolledUserRegisteration4" name="invalidGroupNoRegisteration" time="2.914"/>
  <system-out/>
  <testcase classname="eqcare.testcases.TC5_EnrolledUserRegisteration4" name="invalidCoverageIdentifierRegisteration" time="4.193"/>
  <system-out/>
  <testcase classname="eqcare.testcases.TC5_EnrolledUserRegisteration4" name="associatedCoverageIdentifierRegisteration" time="3.974"/>
  <system-out/>
  <testcase classname="eqcare.testcases.TC5_EnrolledUserRegisteration4" name="validInputRegisterationTest" time="22.033"/>
  <system-out/>
  <testcase classname="eqcare.testcases.TC5_EnrolledUserRegisteration4" name="invalidInputRegisterationTest" time="11.577"/>
  <system-out/>
  <testcase classname="eqcare.testcases.TC5_EnrolledUserRegisteration4" name="verifyNotEnrolledUserRegisterToApplicationWithEmptyFields" time="1.639"/>
  <system-out/>
  <testcase classname="eqcare.testcases.TC5_EnrolledUserRegisteration4" name="validInputRegisterationWithRequiredFields">
    <skipped/>
  </testcase> <!-- validInputRegisterationWithRequiredFields -->
  <system-out/>
  <testcase classname="eqcare.testcases.TC5_EnrolledUserRegisteration4" name="enrolledUserRegisterToApplication_TC1">
    <skipped/>
  </testcase> <!-- enrolledUserRegisterToApplication_TC1 -->
  <system-out/>
</testsuite> <!-- eqcare.testcases.TC5_EnrolledUserRegisteration4 -->
