<?xml version="1.0" encoding="UTF-8"?>
<!-- Generated by org.testng.reporters.JUnitReportReporter -->
<testsuite hostname="EQ-MAC-25.local" failures="0" tests="3" name="TC2_RegisterationScenarios" time="27.288" errors="0" timestamp="2021-03-24T13:11:25 EDT" skipped="1">
  <testcase classname="TC2_RegisterationScenarios" name="verifyPage" time="0.719"/>
  <system-out/>
  <testcase classname="TC2_RegisterationScenarios" name="validInputEnrolledRegisterationTest" time="26.569"/>
  <system-out/>
  <testcase classname="TC2_RegisterationScenarios" name="validInputRegisterationTest">
    <skipped/>
  </testcase> <!-- validInputRegisterationTest -->
  <system-out/>
</testsuite> <!-- TC2_RegisterationScenarios -->
