<?xml version="1.0" encoding="UTF-8"?>
<!-- Generated by org.testng.reporters.JUnitReportReporter -->
<testsuite hostname="EQ-MAC-25.local" failures="0" tests="18" name="TC1_EndToEndScenarios" time="-1616969344.000" errors="1" timestamp="2021-03-28T18:08:29 EDT" skipped="17">
  <testcase classname="TC1_EndToEndScenarios" name="verifyPage" time="0.000">
    <skipped/>
  </testcase> <!-- verifyPage -->
  <system-out/>
  <testcase classname="TC1_EndToEndScenarios" name="setUp" time="-1616969344.000">
    <error message="
Parameter &#039;Browser&#039; is required by BeforeClass on method setUp but has not been marked @Optional or defined
in /private/var/folders/l9/4pwqxcnj26bcf95btzx4z7rm0000gp/T/testng-eclipse--322106752/testng-customsuite.xml" type="org.testng.TestNGException">
      <![CDATA[org.testng.TestNGException: 
Parameter 'Browser' is required by BeforeClass on method setUp but has not been marked @Optional or defined
in /private/var/folders/l9/4pwqxcnj26bcf95btzx4z7rm0000gp/T/testng-eclipse--322106752/testng-customsuite.xml
at org.testng.internal.Parameters.createParams(Parameters.java:268)
at org.testng.internal.Parameters.createParametersForMethod(Parameters.java:356)
at org.testng.internal.Parameters.createParameters(Parameters.java:700)
at org.testng.internal.Parameters.createConfigurationParameters(Parameters.java:166)
at org.testng.internal.ConfigInvoker.invokeConfigurations(ConfigInvoker.java:301)
at org.testng.internal.TestMethodWorker.invokeBeforeClassMethods(TestMethodWorker.java:176)
at org.testng.internal.TestMethodWorker.run(TestMethodWorker.java:122)
at java.base/java.util.ArrayList.forEach(ArrayList.java:1511)
at org.testng.TestRunner.privateRun(TestRunner.java:764)
at org.testng.TestRunner.run(TestRunner.java:585)
at org.testng.SuiteRunner.runTest(SuiteRunner.java:384)
at org.testng.SuiteRunner.runSequentially(SuiteRunner.java:378)
at org.testng.SuiteRunner.privateRun(SuiteRunner.java:337)
at org.testng.SuiteRunner.run(SuiteRunner.java:286)
at org.testng.SuiteRunnerWorker.runSuite(SuiteRunnerWorker.java:53)
at org.testng.SuiteRunnerWorker.run(SuiteRunnerWorker.java:96)
at org.testng.TestNG.runSuitesSequentially(TestNG.java:1218)
at org.testng.TestNG.runSuitesLocally(TestNG.java:1140)
at org.testng.TestNG.runSuites(TestNG.java:1069)
at org.testng.TestNG.run(TestNG.java:1037)
at org.testng.remote.AbstractRemoteTestNG.run(AbstractRemoteTestNG.java:115)
at org.testng.remote.RemoteTestNG.initAndRun(RemoteTestNG.java:251)
at org.testng.remote.RemoteTestNG.main(RemoteTestNG.java:77)
]]>
    </error>
  </testcase> <!-- setUp -->
  <system-out/>
  <testcase classname="TC1_EndToEndScenarios" name="loginToApplication" time="0.000">
    <skipped/>
  </testcase> <!-- loginToApplication -->
  <system-out/>
  <testcase classname="TC1_EndToEndScenarios" name="editPersonalInformation" time="0.000">
    <skipped/>
  </testcase> <!-- editPersonalInformation -->
  <system-out/>
  <testcase classname="TC1_EndToEndScenarios" name="editAccountInformation" time="0.000">
    <skipped/>
  </testcase> <!-- editAccountInformation -->
  <system-out/>
  <testcase classname="TC1_EndToEndScenarios" name="uploadProfilePic" time="0.000">
    <skipped/>
  </testcase> <!-- uploadProfilePic -->
  <system-out/>
  <testcase classname="TC1_EndToEndScenarios" name="uploadGovernmentID" time="0.000">
    <skipped/>
  </testcase> <!-- uploadGovernmentID -->
  <system-out/>
  <testcase classname="TC1_EndToEndScenarios" name="familyTab" time="0.000">
    <skipped/>
  </testcase> <!-- familyTab -->
  <system-out/>
  <testcase classname="TC1_EndToEndScenarios" name="addChild" time="0.000">
    <skipped/>
  </testcase> <!-- addChild -->
  <system-out/>
  <testcase classname="TC1_EndToEndScenarios" name="deleteChild" time="0.000">
    <skipped/>
  </testcase> <!-- deleteChild -->
  <system-out/>
  <testcase classname="TC1_EndToEndScenarios" name="startVideoConsultation" time="0.000">
    <skipped/>
  </testcase> <!-- startVideoConsultation -->
  <system-out/>
  <testcase classname="TC1_EndToEndScenarios" name="deviceCheck" time="0.000">
    <skipped/>
  </testcase> <!-- deviceCheck -->
  <system-out/>
  <testcase classname="TC1_EndToEndScenarios" name="fillIntakeFormWithAllFields" time="0.000">
    <skipped/>
  </testcase> <!-- fillIntakeFormWithAllFields -->
  <system-out/>
  <testcase classname="TC1_EndToEndScenarios" name="endVisit" time="0.000">
    <skipped/>
  </testcase> <!-- endVisit -->
  <system-out/>
  <testcase classname="TC1_EndToEndScenarios" name="feedback" time="0.000">
    <skipped/>
  </testcase> <!-- feedback -->
  <system-out/>
  <testcase classname="TC1_EndToEndScenarios" name="help" time="0.000">
    <skipped/>
  </testcase> <!-- help -->
  <system-out/>
  <testcase classname="TC1_EndToEndScenarios" name="inbox" time="0.000">
    <skipped/>
  </testcase> <!-- inbox -->
  <system-out/>
  <testcase classname="TC1_EndToEndScenarios" name="chooseProfile">
    <skipped/>
  </testcase> <!-- chooseProfile -->
  <system-out/>
</testsuite> <!-- TC1_EndToEndScenarios -->
