<?xml version="1.0" encoding="UTF-8"?>
<!-- Generated by org.testng.reporters.JUnitReportReporter -->
<testsuite hostname="EQ-MAC-25.local" failures="0" tests="18" name="eqcare.peerjitestcases.TC1_EndToEndScenarios" time="21.222" errors="1" timestamp="2021-04-22T10:16:31 EDT" skipped="17">
  <testcase classname="eqcare.peerjitestcases.TC1_EndToEndScenarios" name="verifyPage" time="0.000">
    <skipped/>
  </testcase> <!-- verifyPage -->
  <system-out/>
  <testcase classname="eqcare.peerjitestcases.TC1_EndToEndScenarios" name="setUp" time="21.222">
    <error message="Timed out waiting for driver server to start.
Build info: version: &#039;3.14.0&#039;, revision: &#039;aacccce0&#039;, time: &#039;2018-08-02T20:19:58.91Z&#039;
System info: host: &#039;EQ-MAC-25.local&#039;, ip: &#039;fe80:0:0:0:ccc:a84c:a31e:497a%en0&#039;, os.name: &#039;Mac OS X&#039;, os.arch: &#039;x86_64&#039;, os.version: &#039;10.15.6&#039;, java.version: &#039;14.0.2&#039;
Driver info: driver.version: ChromeDriver" type="org.openqa.selenium.WebDriverException">
      <![CDATA[org.openqa.selenium.WebDriverException: Timed out waiting for driver server to start.
Build info: version: '3.14.0', revision: 'aacccce0', time: '2018-08-02T20:19:58.91Z'
System info: host: 'EQ-MAC-25.local', ip: 'fe80:0:0:0:ccc:a84c:a31e:497a%en0', os.name: 'Mac OS X', os.arch: 'x86_64', os.version: '10.15.6', java.version: '14.0.2'
Driver info: driver.version: ChromeDriver
at org.openqa.selenium.remote.service.DriverService.waitUntilAvailable(DriverService.java:193)
at org.openqa.selenium.remote.service.DriverService.start(DriverService.java:179)
at org.openqa.selenium.remote.service.DriverCommandExecutor.execute(DriverCommandExecutor.java:79)
at org.openqa.selenium.remote.RemoteWebDriver.execute(RemoteWebDriver.java:548)
at org.openqa.selenium.remote.RemoteWebDriver.startSession(RemoteWebDriver.java:212)
at org.openqa.selenium.remote.RemoteWebDriver.<init>(RemoteWebDriver.java:130)
at org.openqa.selenium.chrome.ChromeDriver.<init>(ChromeDriver.java:181)
at org.openqa.selenium.chrome.ChromeDriver.<init>(ChromeDriver.java:168)
at org.openqa.selenium.chrome.ChromeDriver.<init>(ChromeDriver.java:157)
at eqcare.factories.BrowserFactory.getApplication(BrowserFactory.java:56)
at eqcare.pages.BaseClass.setUp(BaseClass.java:107)
at java.base/jdk.internal.reflect.NativeMethodAccessorImpl.invoke0(Native Method)
at java.base/jdk.internal.reflect.NativeMethodAccessorImpl.invoke(NativeMethodAccessorImpl.java:62)
at java.base/jdk.internal.reflect.DelegatingMethodAccessorImpl.invoke(DelegatingMethodAccessorImpl.java:43)
at java.base/java.lang.reflect.Method.invoke(Method.java:564)
at org.testng.internal.MethodInvocationHelper.invokeMethod(MethodInvocationHelper.java:134)
at org.testng.internal.MethodInvocationHelper.invokeMethodConsideringTimeout(MethodInvocationHelper.java:63)
at org.testng.internal.ConfigInvoker.invokeConfigurationMethod(ConfigInvoker.java:348)
at org.testng.internal.ConfigInvoker.invokeConfigurations(ConfigInvoker.java:302)
at org.testng.internal.TestMethodWorker.invokeBeforeClassMethods(TestMethodWorker.java:176)
at org.testng.internal.TestMethodWorker.run(TestMethodWorker.java:122)
at java.base/java.util.ArrayList.forEach(ArrayList.java:1511)
at org.testng.TestRunner.privateRun(TestRunner.java:766)
at org.testng.TestRunner.run(TestRunner.java:587)
at org.testng.SuiteRunner.runTest(SuiteRunner.java:384)
at org.testng.SuiteRunner.runSequentially(SuiteRunner.java:378)
at org.testng.SuiteRunner.privateRun(SuiteRunner.java:337)
at org.testng.SuiteRunner.run(SuiteRunner.java:286)
at org.testng.SuiteRunnerWorker.runSuite(SuiteRunnerWorker.java:53)
at org.testng.SuiteRunnerWorker.run(SuiteRunnerWorker.java:96)
at org.testng.TestNG.runSuitesSequentially(TestNG.java:1187)
at org.testng.TestNG.runSuitesLocally(TestNG.java:1109)
at org.testng.TestNG.runSuites(TestNG.java:1039)
at org.testng.TestNG.run(TestNG.java:1007)
at org.apache.maven.surefire.testng.TestNGExecutor.run(TestNGExecutor.java:283)
at org.apache.maven.surefire.testng.TestNGXmlTestSuite.execute(TestNGXmlTestSuite.java:75)
at org.apache.maven.surefire.testng.TestNGProvider.invoke(TestNGProvider.java:120)
at org.apache.maven.surefire.booter.ForkedBooter.runSuitesInProcess(ForkedBooter.java:377)
at org.apache.maven.surefire.booter.ForkedBooter.execute(ForkedBooter.java:138)
at org.apache.maven.surefire.booter.ForkedBooter.run(ForkedBooter.java:465)
at org.apache.maven.surefire.booter.ForkedBooter.main(ForkedBooter.java:451)
Caused by: org.openqa.selenium.net.UrlChecker$TimeoutException: Timed out waiting for [http://localhost:29121/status] to be available after 20003 ms
at org.openqa.selenium.net.UrlChecker.waitUntilAvailable(UrlChecker.java:100)
at org.openqa.selenium.remote.service.DriverService.waitUntilAvailable(DriverService.java:188)
... 40 more
Caused by: java.util.concurrent.TimeoutException
at java.base/java.util.concurrent.FutureTask.get(FutureTask.java:204)
at com.google.common.util.concurrent.SimpleTimeLimiter.callWithTimeout(SimpleTimeLimiter.java:156)
at org.openqa.selenium.net.UrlChecker.waitUntilAvailable(UrlChecker.java:75)
... 41 more
]]>
    </error>
  </testcase> <!-- setUp -->
  <system-out/>
  <testcase classname="eqcare.peerjitestcases.TC1_EndToEndScenarios" name="loginToApplication" time="0.000">
    <skipped/>
  </testcase> <!-- loginToApplication -->
  <system-out/>
  <testcase classname="eqcare.peerjitestcases.TC1_EndToEndScenarios" name="editPersonalInformation" time="0.000">
    <skipped/>
  </testcase> <!-- editPersonalInformation -->
  <system-out/>
  <testcase classname="eqcare.peerjitestcases.TC1_EndToEndScenarios" name="editAccountInformation" time="0.000">
    <skipped/>
  </testcase> <!-- editAccountInformation -->
  <system-out/>
  <testcase classname="eqcare.peerjitestcases.TC1_EndToEndScenarios" name="uploadProfilePic" time="0.000">
    <skipped/>
  </testcase> <!-- uploadProfilePic -->
  <system-out/>
  <testcase classname="eqcare.peerjitestcases.TC1_EndToEndScenarios" name="uploadGovernmentID" time="0.000">
    <skipped/>
  </testcase> <!-- uploadGovernmentID -->
  <system-out/>
  <testcase classname="eqcare.peerjitestcases.TC1_EndToEndScenarios" name="familyTab" time="0.000">
    <skipped/>
  </testcase> <!-- familyTab -->
  <system-out/>
  <testcase classname="eqcare.peerjitestcases.TC1_EndToEndScenarios" name="addChild" time="0.000">
    <skipped/>
  </testcase> <!-- addChild -->
  <system-out/>
  <testcase classname="eqcare.peerjitestcases.TC1_EndToEndScenarios" name="deleteChild" time="0.000">
    <skipped/>
  </testcase> <!-- deleteChild -->
  <system-out/>
  <testcase classname="eqcare.peerjitestcases.TC1_EndToEndScenarios" name="startVideoConsultation" time="0.000">
    <skipped/>
  </testcase> <!-- startVideoConsultation -->
  <system-out/>
  <testcase classname="eqcare.peerjitestcases.TC1_EndToEndScenarios" name="deviceCheck" time="0.000">
    <skipped/>
  </testcase> <!-- deviceCheck -->
  <system-out/>
  <testcase classname="eqcare.peerjitestcases.TC1_EndToEndScenarios" name="fillIntakeFormWithAllFields" time="0.000">
    <skipped/>
  </testcase> <!-- fillIntakeFormWithAllFields -->
  <system-out/>
  <testcase classname="eqcare.peerjitestcases.TC1_EndToEndScenarios" name="endVisit" time="0.000">
    <skipped/>
  </testcase> <!-- endVisit -->
  <system-out/>
  <testcase classname="eqcare.peerjitestcases.TC1_EndToEndScenarios" name="feedback" time="0.000">
    <skipped/>
  </testcase> <!-- feedback -->
  <system-out/>
  <testcase classname="eqcare.peerjitestcases.TC1_EndToEndScenarios" name="inbox" time="0.000">
    <skipped/>
  </testcase> <!-- inbox -->
  <system-out/>
  <testcase classname="eqcare.peerjitestcases.TC1_EndToEndScenarios" name="help" time="0.000">
    <skipped/>
  </testcase> <!-- help -->
  <system-out/>
  <testcase classname="eqcare.peerjitestcases.TC1_EndToEndScenarios" name="chooseProfile">
    <skipped/>
  </testcase> <!-- chooseProfile -->
  <system-out/>
</testsuite> <!-- eqcare.peerjitestcases.TC1_EndToEndScenarios -->
