<?xml version="1.0" encoding="UTF-8"?>
<!-- Generated by org.testng.reporters.JUnitReportReporter -->
<testsuite hostname="EQ-MAC-25.local" failures="0" tests="17" name="eqcare.peerjitestcases.TC1_EndToEndScenarios" time="26.949" errors="1" timestamp="2021-04-10T15:43:34 EDT" skipped="15">
  <testcase classname="eqcare.peerjitestcases.TC1_EndToEndScenarios" name="verifyPage" time="0.639"/>
  <system-out/>
  <testcase classname="eqcare.peerjitestcases.TC1_EndToEndScenarios" name="loginToApplication" time="26.310">
    <error message="Expected condition failed: waiting for element to be clickable: By.xpath: //a[contains(text(), &#039;Logout&#039;)] (tried for 15 second(s) with 500 milliseconds interval)" type="org.openqa.selenium.TimeoutException">
      <![CDATA[org.openqa.selenium.TimeoutException: Expected condition failed: waiting for element to be clickable: By.xpath: //a[contains(text(), 'Logout')] (tried for 15 second(s) with 500 milliseconds interval)
at org.openqa.selenium.support.ui.WebDriverWait.timeoutException(WebDriverWait.java:113)
at org.openqa.selenium.support.ui.FluentWait.until(FluentWait.java:283)
at eqcare.helper.Utility.waitForWebElement(Utility.java:112)
at eqcare.pages.LoginPage.verifyUrlAfterLogin(LoginPage.java:84)
at eqcare.peerjitestcases.TC1_EndToEndScenarios.loginToApplication(TC1_EndToEndScenarios.java:72)
at java.base/jdk.internal.reflect.NativeMethodAccessorImpl.invoke0(Native Method)
at java.base/jdk.internal.reflect.NativeMethodAccessorImpl.invoke(NativeMethodAccessorImpl.java:62)
at java.base/jdk.internal.reflect.DelegatingMethodAccessorImpl.invoke(DelegatingMethodAccessorImpl.java:43)
at java.base/java.lang.reflect.Method.invoke(Method.java:564)
at org.testng.internal.MethodInvocationHelper.invokeMethod(MethodInvocationHelper.java:134)
at org.testng.internal.TestInvoker.invokeMethod(TestInvoker.java:597)
at org.testng.internal.TestInvoker.invokeTestMethod(TestInvoker.java:173)
at org.testng.internal.MethodRunner.runInSequence(MethodRunner.java:46)
at org.testng.internal.TestInvoker$MethodInvocationAgent.invoke(TestInvoker.java:816)
at org.testng.internal.TestInvoker.invokeTestMethods(TestInvoker.java:146)
at org.testng.internal.TestMethodWorker.invokeTestMethods(TestMethodWorker.java:146)
at org.testng.internal.TestMethodWorker.run(TestMethodWorker.java:128)
at java.base/java.util.ArrayList.forEach(ArrayList.java:1511)
at org.testng.TestRunner.privateRun(TestRunner.java:766)
at org.testng.TestRunner.run(TestRunner.java:587)
at org.testng.SuiteRunner.runTest(SuiteRunner.java:384)
at org.testng.SuiteRunner.runSequentially(SuiteRunner.java:378)
at org.testng.SuiteRunner.privateRun(SuiteRunner.java:337)
at org.testng.SuiteRunner.run(SuiteRunner.java:286)
at org.testng.SuiteRunnerWorker.runSuite(SuiteRunnerWorker.java:53)
at org.testng.SuiteRunnerWorker.run(SuiteRunnerWorker.java:96)
at org.testng.TestNG.runSuitesSequentially(TestNG.java:1187)
at org.testng.TestNG.runSuitesLocally(TestNG.java:1109)
at org.testng.TestNG.runSuites(TestNG.java:1039)
at org.testng.TestNG.run(TestNG.java:1007)
at org.apache.maven.surefire.testng.TestNGExecutor.run(TestNGExecutor.java:283)
at org.apache.maven.surefire.testng.TestNGXmlTestSuite.execute(TestNGXmlTestSuite.java:75)
at org.apache.maven.surefire.testng.TestNGProvider.invoke(TestNGProvider.java:120)
at org.apache.maven.surefire.booter.ForkedBooter.runSuitesInProcess(ForkedBooter.java:377)
at org.apache.maven.surefire.booter.ForkedBooter.execute(ForkedBooter.java:138)
at org.apache.maven.surefire.booter.ForkedBooter.run(ForkedBooter.java:465)
at org.apache.maven.surefire.booter.ForkedBooter.main(ForkedBooter.java:451)
Caused by: org.openqa.selenium.NoSuchElementException: Cannot locate an element using By.xpath: //a[contains(text(), 'Logout')]
For documentation on this error, please visit: http://seleniumhq.org/exceptions/no_such_element.html
Build info: version: '3.14.0', revision: 'aacccce0', time: '2018-08-02T20:19:58.91Z'
System info: host: 'EQ-MAC-25.local', ip: 'fe80:0:0:0:1835:847b:3482:c959%en0', os.name: 'Mac OS X', os.arch: 'x86_64', os.version: '10.15.6', java.version: '14.0.2'
Driver info: driver.version: unknown
at org.openqa.selenium.support.ui.ExpectedConditions.lambda$findElement$0(ExpectedConditions.java:896)
at java.base/java.util.Optional.orElseThrow(Optional.java:401)
at org.openqa.selenium.support.ui.ExpectedConditions.findElement(ExpectedConditions.java:895)
at org.openqa.selenium.support.ui.ExpectedConditions.access$000(ExpectedConditions.java:44)
at org.openqa.selenium.support.ui.ExpectedConditions$7.apply(ExpectedConditions.java:206)
at org.openqa.selenium.support.ui.ExpectedConditions$7.apply(ExpectedConditions.java:202)
at org.openqa.selenium.support.ui.ExpectedConditions$22.apply(ExpectedConditions.java:657)
at org.openqa.selenium.support.ui.ExpectedConditions$22.apply(ExpectedConditions.java:654)
at org.openqa.selenium.support.ui.FluentWait.until(FluentWait.java:260)
... 35 more
]]>
    </error>
  </testcase> <!-- loginToApplication -->
  <system-out/>
  <testcase classname="eqcare.peerjitestcases.TC1_EndToEndScenarios" name="editPersonalInformation" time="0.000">
    <skipped/>
  </testcase> <!-- editPersonalInformation -->
  <system-out/>
  <testcase classname="eqcare.peerjitestcases.TC1_EndToEndScenarios" name="editAccountInformation" time="0.000">
    <skipped/>
  </testcase> <!-- editAccountInformation -->
  <system-out/>
  <testcase classname="eqcare.peerjitestcases.TC1_EndToEndScenarios" name="uploadProfilePic" time="0.000">
    <skipped/>
  </testcase> <!-- uploadProfilePic -->
  <system-out/>
  <testcase classname="eqcare.peerjitestcases.TC1_EndToEndScenarios" name="uploadGovernmentID" time="0.000">
    <skipped/>
  </testcase> <!-- uploadGovernmentID -->
  <system-out/>
  <testcase classname="eqcare.peerjitestcases.TC1_EndToEndScenarios" name="familyTab" time="0.000">
    <skipped/>
  </testcase> <!-- familyTab -->
  <system-out/>
  <testcase classname="eqcare.peerjitestcases.TC1_EndToEndScenarios" name="addChild" time="0.000">
    <skipped/>
  </testcase> <!-- addChild -->
  <system-out/>
  <testcase classname="eqcare.peerjitestcases.TC1_EndToEndScenarios" name="deleteChild" time="0.000">
    <skipped/>
  </testcase> <!-- deleteChild -->
  <system-out/>
  <testcase classname="eqcare.peerjitestcases.TC1_EndToEndScenarios" name="startVideoConsultation" time="0.000">
    <skipped/>
  </testcase> <!-- startVideoConsultation -->
  <system-out/>
  <testcase classname="eqcare.peerjitestcases.TC1_EndToEndScenarios" name="deviceCheck" time="0.000">
    <skipped/>
  </testcase> <!-- deviceCheck -->
  <system-out/>
  <testcase classname="eqcare.peerjitestcases.TC1_EndToEndScenarios" name="fillIntakeFormWithAllFields" time="0.000">
    <skipped/>
  </testcase> <!-- fillIntakeFormWithAllFields -->
  <system-out/>
  <testcase classname="eqcare.peerjitestcases.TC1_EndToEndScenarios" name="endVisit" time="0.000">
    <skipped/>
  </testcase> <!-- endVisit -->
  <system-out/>
  <testcase classname="eqcare.peerjitestcases.TC1_EndToEndScenarios" name="feedback" time="0.000">
    <skipped/>
  </testcase> <!-- feedback -->
  <system-out/>
  <testcase classname="eqcare.peerjitestcases.TC1_EndToEndScenarios" name="inbox" time="0.000">
    <skipped/>
  </testcase> <!-- inbox -->
  <system-out/>
  <testcase classname="eqcare.peerjitestcases.TC1_EndToEndScenarios" name="help" time="0.000">
    <skipped/>
  </testcase> <!-- help -->
  <system-out/>
  <testcase classname="eqcare.peerjitestcases.TC1_EndToEndScenarios" name="chooseProfile">
    <skipped/>
  </testcase> <!-- chooseProfile -->
  <system-out/>
</testsuite> <!-- eqcare.peerjitestcases.TC1_EndToEndScenarios -->
