<?xml version="1.0" encoding="UTF-8"?>
<!-- Generated by org.testng.reporters.JUnitReportReporter -->
<testsuite hostname="EQ-MAC-25.local" failures="0" tests="18" name="eqcare.peerjitestcases.TC1_EndToEndScenarios" time="93.479" errors="1" timestamp="2021-05-30T16:12:50 EDT" skipped="17">
  <testcase classname="eqcare.peerjitestcases.TC1_EndToEndScenarios" name="verifyPage" time="0.000">
    <skipped/>
  </testcase> <!-- verifyPage -->
  <system-out/>
  <testcase classname="eqcare.peerjitestcases.TC1_EndToEndScenarios" name="setUp" time="93.478">
    <error message="An unknown server-side error occurred while processing the command. Original error: unknown error: unhandled inspector error: {&quot;code&quot;:-32601,&quot;message&quot;:&quot;&#039;Browser.setWindowBounds&#039; wasn&#039;t found&quot;}
  (Session info: chrome=90.0.4430.210)
Build info: version: &#039;3.14.0&#039;, revision: &#039;aacccce0&#039;, time: &#039;2018-08-02T20:19:58.91Z&#039;
System info: host: &#039;EQ-MAC-25.local&#039;, ip: &#039;fe80:0:0:0:858:f5ea:32da:4341%en0&#039;, os.name: &#039;Mac OS X&#039;, os.arch: &#039;x86_64&#039;, os.version: &#039;10.16&#039;, java.version: &#039;14.0.2&#039;
Driver info: io.appium.java_client.android.AndroidDriver
Capabilities {appActivity: com.google.android.apps.chr..., appPackage: com.android.chrome, browserName: chrome, databaseEnabled: false, desired: {browserName: chrome, deviceName: Emulator_Peerji, noReset: true, platformName: android, platformVersion: 9.0}, deviceApiLevel: 28, deviceManufacturer: Google, deviceModel: AOSP on IA Emulator, deviceName: emulator-5554, deviceScreenDensity: 420, deviceScreenSize: 1080x1920, deviceUDID: emulator-5554, javascriptEnabled: true, locationContextEnabled: false, networkConnectionEnabled: true, noReset: true, pixelRatio: 2.625, platform: LINUX, platformName: Android, platformVersion: 9, statBarHeight: 63, takesScreenshot: true, viewportRect: {height: 1731, left: 0, top: 63, width: 1080}, warnings: {}, webStorageEnabled: false}
Session ID: 1149007b-dea6-4bfb-b12e-a733b4dbe7f7" type="org.openqa.selenium.WebDriverException">
      <![CDATA[org.openqa.selenium.WebDriverException: An unknown server-side error occurred while processing the command. Original error: unknown error: unhandled inspector error: {"code":-32601,"message":"'Browser.setWindowBounds' wasn't found"}
  (Session info: chrome=90.0.4430.210)
Build info: version: '3.14.0', revision: 'aacccce0', time: '2018-08-02T20:19:58.91Z'
System info: host: 'EQ-MAC-25.local', ip: 'fe80:0:0:0:858:f5ea:32da:4341%en0', os.name: 'Mac OS X', os.arch: 'x86_64', os.version: '10.16', java.version: '14.0.2'
Driver info: io.appium.java_client.android.AndroidDriver
Capabilities {appActivity: com.google.android.apps.chr..., appPackage: com.android.chrome, browserName: chrome, databaseEnabled: false, desired: {browserName: chrome, deviceName: Emulator_Peerji, noReset: true, platformName: android, platformVersion: 9.0}, deviceApiLevel: 28, deviceManufacturer: Google, deviceModel: AOSP on IA Emulator, deviceName: emulator-5554, deviceScreenDensity: 420, deviceScreenSize: 1080x1920, deviceUDID: emulator-5554, javascriptEnabled: true, locationContextEnabled: false, networkConnectionEnabled: true, noReset: true, pixelRatio: 2.625, platform: LINUX, platformName: Android, platformVersion: 9, statBarHeight: 63, takesScreenshot: true, viewportRect: {height: 1731, left: 0, top: 63, width: 1080}, warnings: {}, webStorageEnabled: false}
Session ID: 1149007b-dea6-4bfb-b12e-a733b4dbe7f7
at java.base/jdk.internal.reflect.NativeConstructorAccessorImpl.newInstance0(Native Method)
at java.base/jdk.internal.reflect.NativeConstructorAccessorImpl.newInstance(NativeConstructorAccessorImpl.java:62)
at java.base/jdk.internal.reflect.DelegatingConstructorAccessorImpl.newInstance(DelegatingConstructorAccessorImpl.java:45)
at java.base/java.lang.reflect.Constructor.newInstanceWithCaller(Constructor.java:500)
at java.base/java.lang.reflect.Constructor.newInstance(Constructor.java:481)
at org.openqa.selenium.remote.http.W3CHttpResponseCodec.createException(W3CHttpResponseCodec.java:187)
at org.openqa.selenium.remote.http.W3CHttpResponseCodec.decode(W3CHttpResponseCodec.java:122)
at org.openqa.selenium.remote.http.W3CHttpResponseCodec.decode(W3CHttpResponseCodec.java:49)
at org.openqa.selenium.remote.HttpCommandExecutor.execute(HttpCommandExecutor.java:158)
at io.appium.java_client.remote.AppiumCommandExecutor.execute(AppiumCommandExecutor.java:239)
at org.openqa.selenium.remote.RemoteWebDriver.execute(RemoteWebDriver.java:548)
at io.appium.java_client.DefaultGenericMobileDriver.execute(DefaultGenericMobileDriver.java:45)
at io.appium.java_client.AppiumDriver.execute(AppiumDriver.java:1)
at io.appium.java_client.android.AndroidDriver.execute(AndroidDriver.java:1)
at org.openqa.selenium.remote.RemoteWebDriver$RemoteWebDriverOptions$RemoteWindow.maximize(RemoteWebDriver.java:833)
at eqcare.pages.BaseClass.setUp(BaseClass.java:110)
at java.base/jdk.internal.reflect.NativeMethodAccessorImpl.invoke0(Native Method)
at java.base/jdk.internal.reflect.NativeMethodAccessorImpl.invoke(NativeMethodAccessorImpl.java:62)
at java.base/jdk.internal.reflect.DelegatingMethodAccessorImpl.invoke(DelegatingMethodAccessorImpl.java:43)
at java.base/java.lang.reflect.Method.invoke(Method.java:564)
at org.testng.internal.MethodInvocationHelper.invokeMethod(MethodInvocationHelper.java:134)
at org.testng.internal.MethodInvocationHelper.invokeMethodConsideringTimeout(MethodInvocationHelper.java:63)
at org.testng.internal.ConfigInvoker.invokeConfigurationMethod(ConfigInvoker.java:348)
at org.testng.internal.ConfigInvoker.invokeConfigurations(ConfigInvoker.java:302)
at org.testng.internal.TestMethodWorker.invokeBeforeClassMethods(TestMethodWorker.java:176)
at org.testng.internal.TestMethodWorker.run(TestMethodWorker.java:122)
at java.base/java.util.ArrayList.forEach(ArrayList.java:1511)
at org.testng.TestRunner.privateRun(TestRunner.java:766)
at org.testng.TestRunner.run(TestRunner.java:587)
at org.testng.SuiteRunner.runTest(SuiteRunner.java:384)
at org.testng.SuiteRunner.runSequentially(SuiteRunner.java:378)
at org.testng.SuiteRunner.privateRun(SuiteRunner.java:337)
at org.testng.SuiteRunner.run(SuiteRunner.java:286)
at org.testng.SuiteRunnerWorker.runSuite(SuiteRunnerWorker.java:53)
at org.testng.SuiteRunnerWorker.run(SuiteRunnerWorker.java:96)
at org.testng.TestNG.runSuitesSequentially(TestNG.java:1187)
at org.testng.TestNG.runSuitesLocally(TestNG.java:1109)
at org.testng.TestNG.runSuites(TestNG.java:1039)
at org.testng.TestNG.run(TestNG.java:1007)
at org.apache.maven.surefire.testng.TestNGExecutor.run(TestNGExecutor.java:283)
at org.apache.maven.surefire.testng.TestNGXmlTestSuite.execute(TestNGXmlTestSuite.java:75)
at org.apache.maven.surefire.testng.TestNGProvider.invoke(TestNGProvider.java:120)
at org.apache.maven.surefire.booter.ForkedBooter.runSuitesInProcess(ForkedBooter.java:377)
at org.apache.maven.surefire.booter.ForkedBooter.execute(ForkedBooter.java:138)
at org.apache.maven.surefire.booter.ForkedBooter.run(ForkedBooter.java:465)
at org.apache.maven.surefire.booter.ForkedBooter.main(ForkedBooter.java:451)
]]>
    </error>
  </testcase> <!-- setUp -->
  <system-out/>
  <testcase classname="eqcare.peerjitestcases.TC1_EndToEndScenarios" name="loginToApplication" time="0.000">
    <skipped/>
  </testcase> <!-- loginToApplication -->
  <system-out/>
  <testcase classname="eqcare.peerjitestcases.TC1_EndToEndScenarios" name="editPersonalInformation" time="0.000">
    <skipped/>
  </testcase> <!-- editPersonalInformation -->
  <system-out/>
  <testcase classname="eqcare.peerjitestcases.TC1_EndToEndScenarios" name="editAccountInformation" time="0.000">
    <skipped/>
  </testcase> <!-- editAccountInformation -->
  <system-out/>
  <testcase classname="eqcare.peerjitestcases.TC1_EndToEndScenarios" name="uploadProfilePic" time="0.000">
    <skipped/>
  </testcase> <!-- uploadProfilePic -->
  <system-out/>
  <testcase classname="eqcare.peerjitestcases.TC1_EndToEndScenarios" name="uploadGovernmentID" time="0.000">
    <skipped/>
  </testcase> <!-- uploadGovernmentID -->
  <system-out/>
  <testcase classname="eqcare.peerjitestcases.TC1_EndToEndScenarios" name="familyTab" time="0.000">
    <skipped/>
  </testcase> <!-- familyTab -->
  <system-out/>
  <testcase classname="eqcare.peerjitestcases.TC1_EndToEndScenarios" name="addChild" time="0.000">
    <skipped/>
  </testcase> <!-- addChild -->
  <system-out/>
  <testcase classname="eqcare.peerjitestcases.TC1_EndToEndScenarios" name="deleteChild" time="0.000">
    <skipped/>
  </testcase> <!-- deleteChild -->
  <system-out/>
  <testcase classname="eqcare.peerjitestcases.TC1_EndToEndScenarios" name="startVideoConsultation" time="0.000">
    <skipped/>
  </testcase> <!-- startVideoConsultation -->
  <system-out/>
  <testcase classname="eqcare.peerjitestcases.TC1_EndToEndScenarios" name="deviceCheck" time="0.000">
    <skipped/>
  </testcase> <!-- deviceCheck -->
  <system-out/>
  <testcase classname="eqcare.peerjitestcases.TC1_EndToEndScenarios" name="fillIntakeFormWithAllFields" time="0.000">
    <skipped/>
  </testcase> <!-- fillIntakeFormWithAllFields -->
  <system-out/>
  <testcase classname="eqcare.peerjitestcases.TC1_EndToEndScenarios" name="endVisit" time="0.001">
    <skipped/>
  </testcase> <!-- endVisit -->
  <system-out/>
  <testcase classname="eqcare.peerjitestcases.TC1_EndToEndScenarios" name="feedback" time="0.000">
    <skipped/>
  </testcase> <!-- feedback -->
  <system-out/>
  <testcase classname="eqcare.peerjitestcases.TC1_EndToEndScenarios" name="help" time="0.000">
    <skipped/>
  </testcase> <!-- help -->
  <system-out/>
  <testcase classname="eqcare.peerjitestcases.TC1_EndToEndScenarios" name="inbox" time="0.000">
    <skipped/>
  </testcase> <!-- inbox -->
  <system-out/>
  <testcase classname="eqcare.peerjitestcases.TC1_EndToEndScenarios" name="chooseProfile">
    <skipped/>
  </testcase> <!-- chooseProfile -->
  <system-out/>
</testsuite> <!-- eqcare.peerjitestcases.TC1_EndToEndScenarios -->
